The target system is: Linux - 1 - aarch64
The host system is: Linux - 4.4.0-31-generic - i686
Compiling the C compiler identification source file "CMakeCCompilerId.c" succeeded.
Compiler: /opt/lede-sdk-layerscape-64b_gcc-5.4.0_glibc-2.24.Linux-i686/staging_dir/toolchain-aarch64_armv8-a_gcc-5.4.0_glibc-2.24/bin/aarch64-openwrt-linux-gnu-gcc 
Build flags: -Os;-pipe;-fno-caller-saves;-fno-caller-saves;-fno-plt;-fhonour-copts;-Wno-error=unused-but-set-variable;-Wno-error=unused-result;-iremap;/opt/lede-sdk-layerscape-64b_gcc-5.4.0_glibc-2.24.Linux-i686/build_dir/target-aarch64_armv8-a_glibc-2.24/rpcd-2017-12-07-cfe1e75c:rpcd-2017-12-07-cfe1e75c;-Wformat;-Werror=format-security;-D_FORTIFY_SOURCE=1;-Wl,-z,now;-Wl,-z,relro;
Id flags: 

The output was:
0


Compilation of the C compiler identification source "CMakeCCompilerId.c" produced "a.out"

The C compiler identification is GNU, found in "/opt/lede-sdk-layerscape-64b_gcc-5.4.0_glibc-2.24.Linux-i686/build_dir/target-aarch64_armv8-a_glibc-2.24/rpcd-2017-12-07-cfe1e75c/CMakeFiles/3.7.1/CompilerIdC/a.out"

Determining if the C compiler works passed with the following output:
Change Dir: /opt/lede-sdk-layerscape-64b_gcc-5.4.0_glibc-2.24.Linux-i686/build_dir/target-aarch64_armv8-a_glibc-2.24/rpcd-2017-12-07-cfe1e75c/CMakeFiles/CMakeTmp

Run Build Command:"/usr/bin/make" "cmTC_83a65/fast"
make[4]: Entering directory '/opt/lede-sdk-layerscape-64b_gcc-5.4.0_glibc-2.24.Linux-i686/build_dir/target-aarch64_armv8-a_glibc-2.24/rpcd-2017-12-07-cfe1e75c/CMakeFiles/CMakeTmp'
/usr/bin/make -f CMakeFiles/cmTC_83a65.dir/build.make CMakeFiles/cmTC_83a65.dir/build
make[5]: Entering directory '/opt/lede-sdk-layerscape-64b_gcc-5.4.0_glibc-2.24.Linux-i686/build_dir/target-aarch64_armv8-a_glibc-2.24/rpcd-2017-12-07-cfe1e75c/CMakeFiles/CMakeTmp'
Building C object CMakeFiles/cmTC_83a65.dir/testCCompiler.c.o
/opt/lede-sdk-layerscape-64b_gcc-5.4.0_glibc-2.24.Linux-i686/staging_dir/toolchain-aarch64_armv8-a_gcc-5.4.0_glibc-2.24/bin/aarch64-openwrt-linux-gnu-gcc    -Os -pipe -fno-caller-saves -fno-caller-saves -fno-plt -fhonour-copts -Wno-error=unused-but-set-variable -Wno-error=unused-result -iremap /opt/lede-sdk-layerscape-64b_gcc-5.4.0_glibc-2.24.Linux-i686/build_dir/target-aarch64_armv8-a_glibc-2.24/rpcd-2017-12-07-cfe1e75c:rpcd-2017-12-07-cfe1e75c -Wformat -Werror=format-security -D_FORTIFY_SOURCE=1 -Wl,-z,now -Wl,-z,relro    -o CMakeFiles/cmTC_83a65.dir/testCCompiler.c.o   -c /opt/lede-sdk-layerscape-64b_gcc-5.4.0_glibc-2.24.Linux-i686/build_dir/target-aarch64_armv8-a_glibc-2.24/rpcd-2017-12-07-cfe1e75c/CMakeFiles/CMakeTmp/testCCompiler.c
Linking C executable cmTC_83a65
/opt/lede-sdk-layerscape-64b_gcc-5.4.0_glibc-2.24.Linux-i686/staging_dir/host/bin/cmake -E cmake_link_script CMakeFiles/cmTC_83a65.dir/link.txt --verbose=1
/opt/lede-sdk-layerscape-64b_gcc-5.4.0_glibc-2.24.Linux-i686/staging_dir/toolchain-aarch64_armv8-a_gcc-5.4.0_glibc-2.24/bin/aarch64-openwrt-linux-gnu-gcc  -Os -pipe -fno-caller-saves -fno-caller-saves -fno-plt -fhonour-copts -Wno-error=unused-but-set-variable -Wno-error=unused-result -iremap /opt/lede-sdk-layerscape-64b_gcc-5.4.0_glibc-2.24.Linux-i686/build_dir/target-aarch64_armv8-a_glibc-2.24/rpcd-2017-12-07-cfe1e75c:rpcd-2017-12-07-cfe1e75c -Wformat -Werror=format-security -D_FORTIFY_SOURCE=1 -Wl,-z,now -Wl,-z,relro   -L/opt/lede-sdk-layerscape-64b_gcc-5.4.0_glibc-2.24.Linux-i686/staging_dir/target-aarch64_armv8-a_glibc-2.24/usr/lib -L/opt/lede-sdk-layerscape-64b_gcc-5.4.0_glibc-2.24.Linux-i686/staging_dir/target-aarch64_armv8-a_glibc-2.24/lib -L/opt/lede-sdk-layerscape-64b_gcc-5.4.0_glibc-2.24.Linux-i686/staging_dir/toolchain-aarch64_armv8-a_gcc-5.4.0_glibc-2.24/usr/lib -L/opt/lede-sdk-layerscape-64b_gcc-5.4.0_glibc-2.24.Linux-i686/staging_dir/toolchain-aarch64_armv8-a_gcc-5.4.0_glibc-2.24/lib -znow -zrelro -lcrypt  CMakeFiles/cmTC_83a65.dir/testCCompiler.c.o  -o cmTC_83a65 -rdynamic 
make[5]: Leaving directory '/opt/lede-sdk-layerscape-64b_gcc-5.4.0_glibc-2.24.Linux-i686/build_dir/target-aarch64_armv8-a_glibc-2.24/rpcd-2017-12-07-cfe1e75c/CMakeFiles/CMakeTmp'
make[4]: Leaving directory '/opt/lede-sdk-layerscape-64b_gcc-5.4.0_glibc-2.24.Linux-i686/build_dir/target-aarch64_armv8-a_glibc-2.24/rpcd-2017-12-07-cfe1e75c/CMakeFiles/CMakeTmp'


Detecting C compiler ABI info compiled with the following output:
Change Dir: /opt/lede-sdk-layerscape-64b_gcc-5.4.0_glibc-2.24.Linux-i686/build_dir/target-aarch64_armv8-a_glibc-2.24/rpcd-2017-12-07-cfe1e75c/CMakeFiles/CMakeTmp

Run Build Command:"/usr/bin/make" "cmTC_36d26/fast"
make[4]: Entering directory '/opt/lede-sdk-layerscape-64b_gcc-5.4.0_glibc-2.24.Linux-i686/build_dir/target-aarch64_armv8-a_glibc-2.24/rpcd-2017-12-07-cfe1e75c/CMakeFiles/CMakeTmp'
/usr/bin/make -f CMakeFiles/cmTC_36d26.dir/build.make CMakeFiles/cmTC_36d26.dir/build
make[5]: Entering directory '/opt/lede-sdk-layerscape-64b_gcc-5.4.0_glibc-2.24.Linux-i686/build_dir/target-aarch64_armv8-a_glibc-2.24/rpcd-2017-12-07-cfe1e75c/CMakeFiles/CMakeTmp'
Building C object CMakeFiles/cmTC_36d26.dir/CMakeCCompilerABI.c.o
/opt/lede-sdk-layerscape-64b_gcc-5.4.0_glibc-2.24.Linux-i686/staging_dir/toolchain-aarch64_armv8-a_gcc-5.4.0_glibc-2.24/bin/aarch64-openwrt-linux-gnu-gcc    -Os -pipe -fno-caller-saves -fno-caller-saves -fno-plt -fhonour-copts -Wno-error=unused-but-set-variable -Wno-error=unused-result -iremap /opt/lede-sdk-layerscape-64b_gcc-5.4.0_glibc-2.24.Linux-i686/build_dir/target-aarch64_armv8-a_glibc-2.24/rpcd-2017-12-07-cfe1e75c:rpcd-2017-12-07-cfe1e75c -Wformat -Werror=format-security -D_FORTIFY_SOURCE=1 -Wl,-z,now -Wl,-z,relro    -o CMakeFiles/cmTC_36d26.dir/CMakeCCompilerABI.c.o   -c /opt/lede-sdk-layerscape-64b_gcc-5.4.0_glibc-2.24.Linux-i686/staging_dir/host/share/cmake-3.7/Modules/CMakeCCompilerABI.c
Linking C executable cmTC_36d26
/opt/lede-sdk-layerscape-64b_gcc-5.4.0_glibc-2.24.Linux-i686/staging_dir/host/bin/cmake -E cmake_link_script CMakeFiles/cmTC_36d26.dir/link.txt --verbose=1
/opt/lede-sdk-layerscape-64b_gcc-5.4.0_glibc-2.24.Linux-i686/staging_dir/toolchain-aarch64_armv8-a_gcc-5.4.0_glibc-2.24/bin/aarch64-openwrt-linux-gnu-gcc  -Os -pipe -fno-caller-saves -fno-caller-saves -fno-plt -fhonour-copts -Wno-error=unused-but-set-variable -Wno-error=unused-result -iremap /opt/lede-sdk-layerscape-64b_gcc-5.4.0_glibc-2.24.Linux-i686/build_dir/target-aarch64_armv8-a_glibc-2.24/rpcd-2017-12-07-cfe1e75c:rpcd-2017-12-07-cfe1e75c -Wformat -Werror=format-security -D_FORTIFY_SOURCE=1 -Wl,-z,now -Wl,-z,relro   -L/opt/lede-sdk-layerscape-64b_gcc-5.4.0_glibc-2.24.Linux-i686/staging_dir/target-aarch64_armv8-a_glibc-2.24/usr/lib -L/opt/lede-sdk-layerscape-64b_gcc-5.4.0_glibc-2.24.Linux-i686/staging_dir/target-aarch64_armv8-a_glibc-2.24/lib -L/opt/lede-sdk-layerscape-64b_gcc-5.4.0_glibc-2.24.Linux-i686/staging_dir/toolchain-aarch64_armv8-a_gcc-5.4.0_glibc-2.24/usr/lib -L/opt/lede-sdk-layerscape-64b_gcc-5.4.0_glibc-2.24.Linux-i686/staging_dir/toolchain-aarch64_armv8-a_gcc-5.4.0_glibc-2.24/lib -znow -zrelro -lcrypt -v CMakeFiles/cmTC_36d26.dir/CMakeCCompilerABI.c.o  -o cmTC_36d26 -rdynamic  
Reading specs from /opt/lede-sdk-layerscape-64b_gcc-5.4.0_glibc-2.24.Linux-i686/staging_dir/toolchain-aarch64_armv8-a_gcc-5.4.0_glibc-2.24/bin/../lib/gcc/aarch64-openwrt-linux-gnu/5.4.0/specs
COLLECT_GCC=/opt/lede-sdk-layerscape-64b_gcc-5.4.0_glibc-2.24.Linux-i686/staging_dir/toolchain-aarch64_armv8-a_gcc-5.4.0_glibc-2.24/bin/aarch64-openwrt-linux-gnu-gcc
COLLECT_LTO_WRAPPER=/opt/lede-sdk-layerscape-64b_gcc-5.4.0_glibc-2.24.Linux-i686/staging_dir/toolchain-aarch64_armv8-a_gcc-5.4.0_glibc-2.24/bin/../libexec/gcc/aarch64-openwrt-linux-gnu/5.4.0/lto-wrapper
Target: aarch64-openwrt-linux-gnu
Configured with: /home/work/lede/source-17.01.4-LS1012A/build_dir/toolchain-aarch64_armv8-a_gcc-5.4.0_glibc-2.24/gcc-5.4.0/configure --with-bugurl=http://www.lede-project.org/bugs/ --with-pkgversion='LEDE GCC 5.4.0 r3560-79f57e422d' --prefix=/home/work/lede/source-17.01.4-LS1012A/staging_dir/toolchain-aarch64_armv8-a_gcc-5.4.0_glibc-2.24 --build=i686-linux-gnu --host=i686-linux-gnu --target=aarch64-openwrt-linux-gnu --with-gnu-ld --enable-target-optspace --disable-libgomp --disable-libmudflap --disable-multilib --disable-libmpx --disable-nls --without-isl --without-cloog --with-host-libstdcxx=-lstdc++ --with-gmp=/home/work/lede/source-17.01.4-LS1012A/staging_dir/host --with-mpfr=/home/work/lede/source-17.01.4-LS1012A/staging_dir/host --with-mpc=/home/work/lede/source-17.01.4-LS1012A/staging_dir/host --disable-decimal-float --with-diagnostics-color=auto-if-env --enable-libssp --enable-__cxa_atexit --with-headers=/home/work/lede/source-17.01.4-LS1012A/staging_dir/toolchain-aarch64_armv8-a_gcc-5.4.0_glibc-2.24/include --disable-libsanitizer --enable-languages=c,c++ --enable-shared --enable-threads --with-slibdir=/home/work/lede/source-17.01.4-LS1012A/staging_dir/toolchain-aarch64_armv8-a_gcc-5.4.0_glibc-2.24/lib --enable-lto --with-libelf=/home/work/lede/source-17.01.4-LS1012A/staging_dir/host
Thread model: posix
gcc version 5.4.0 (LEDE GCC 5.4.0 r3560-79f57e422d) 
COMPILER_PATH=/opt/lede-sdk-layerscape-64b_gcc-5.4.0_glibc-2.24.Linux-i686/staging_dir/toolchain-aarch64_armv8-a_gcc-5.4.0_glibc-2.24/bin/../libexec/gcc/aarch64-openwrt-linux-gnu/5.4.0/:/opt/lede-sdk-layerscape-64b_gcc-5.4.0_glibc-2.24.Linux-i686/staging_dir/toolchain-aarch64_armv8-a_gcc-5.4.0_glibc-2.24/bin/../libexec/gcc/:/opt/lede-sdk-layerscape-64b_gcc-5.4.0_glibc-2.24.Linux-i686/staging_dir/toolchain-aarch64_armv8-a_gcc-5.4.0_glibc-2.24/bin/../lib/gcc/aarch64-openwrt-linux-gnu/5.4.0/../../../../aarch64-openwrt-linux-gnu/bin/
LIBRARY_PATH=/opt/lede-sdk-layerscape-64b_gcc-5.4.0_glibc-2.24.Linux-i686/staging_dir/toolchain-aarch64_armv8-a_gcc-5.4.0_glibc-2.24/bin/../lib/gcc/aarch64-openwrt-linux-gnu/5.4.0/:/opt/lede-sdk-layerscape-64b_gcc-5.4.0_glibc-2.24.Linux-i686/staging_dir/toolchain-aarch64_armv8-a_gcc-5.4.0_glibc-2.24/bin/../lib/gcc/:/opt/lede-sdk-layerscape-64b_gcc-5.4.0_glibc-2.24.Linux-i686/staging_dir/toolchain-aarch64_armv8-a_gcc-5.4.0_glibc-2.24/bin/../lib/gcc/aarch64-openwrt-linux-gnu/5.4.0/../../../../aarch64-openwrt-linux-gnu/lib/
COLLECT_GCC_OPTIONS='-Os' '-pipe' '-fno-caller-saves' '-fno-plt' '-fhonour-copts' '-Wno-error=unused-but-set-variable' '-Wno-error=unused-result' '-iremap' '/opt/lede-sdk-layerscape-64b_gcc-5.4.0_glibc-2.24.Linux-i686/build_dir/target-aarch64_armv8-a_glibc-2.24/rpcd-2017-12-07-cfe1e75c:rpcd-2017-12-07-cfe1e75c' '-Wformat=1' '-Werror=format-security' '-D' '_FORTIFY_SOURCE=1' '-L/opt/lede-sdk-layerscape-64b_gcc-5.4.0_glibc-2.24.Linux-i686/staging_dir/target-aarch64_armv8-a_glibc-2.24/usr/lib' '-L/opt/lede-sdk-layerscape-64b_gcc-5.4.0_glibc-2.24.Linux-i686/staging_dir/target-aarch64_armv8-a_glibc-2.24/lib' '-L/opt/lede-sdk-layerscape-64b_gcc-5.4.0_glibc-2.24.Linux-i686/staging_dir/toolchain-aarch64_armv8-a_gcc-5.4.0_glibc-2.24/usr/lib' '-L/opt/lede-sdk-layerscape-64b_gcc-5.4.0_glibc-2.24.Linux-i686/staging_dir/toolchain-aarch64_armv8-a_gcc-5.4.0_glibc-2.24/lib' '-z' 'now' '-z' 'relro' '-v' '-o' 'cmTC_36d26' '-rdynamic' '-mlittle-endian' '-mabi=lp64'
 /opt/lede-sdk-layerscape-64b_gcc-5.4.0_glibc-2.24.Linux-i686/staging_dir/toolchain-aarch64_armv8-a_gcc-5.4.0_glibc-2.24/bin/../libexec/gcc/aarch64-openwrt-linux-gnu/5.4.0/collect2 -plugin /opt/lede-sdk-layerscape-64b_gcc-5.4.0_glibc-2.24.Linux-i686/staging_dir/toolchain-aarch64_armv8-a_gcc-5.4.0_glibc-2.24/bin/../libexec/gcc/aarch64-openwrt-linux-gnu/5.4.0/liblto_plugin.so -plugin-opt=/opt/lede-sdk-layerscape-64b_gcc-5.4.0_glibc-2.24.Linux-i686/staging_dir/toolchain-aarch64_armv8-a_gcc-5.4.0_glibc-2.24/bin/../libexec/gcc/aarch64-openwrt-linux-gnu/5.4.0/lto-wrapper -plugin-opt=-fresolution=/tmp/ccU2mFiA.res -plugin-opt=-pass-through=-lgcc_s -plugin-opt=-pass-through=-lc -plugin-opt=-pass-through=-lgcc_s --eh-frame-hdr -export-dynamic -dynamic-linker /lib/ld-linux-aarch64.so.1 -X -EL -maarch64linux -o cmTC_36d26 -z now -z relro /opt/lede-sdk-layerscape-64b_gcc-5.4.0_glibc-2.24.Linux-i686/staging_dir/toolchain-aarch64_armv8-a_gcc-5.4.0_glibc-2.24/bin/../lib/gcc/aarch64-openwrt-linux-gnu/5.4.0/../../../../aarch64-openwrt-linux-gnu/lib/crt1.o /opt/lede-sdk-layerscape-64b_gcc-5.4.0_glibc-2.24.Linux-i686/staging_dir/toolchain-aarch64_armv8-a_gcc-5.4.0_glibc-2.24/bin/../lib/gcc/aarch64-openwrt-linux-gnu/5.4.0/../../../../aarch64-openwrt-linux-gnu/lib/crti.o /opt/lede-sdk-layerscape-64b_gcc-5.4.0_glibc-2.24.Linux-i686/staging_dir/toolchain-aarch64_armv8-a_gcc-5.4.0_glibc-2.24/bin/../lib/gcc/aarch64-openwrt-linux-gnu/5.4.0/crtbegin.o -L/opt/lede-sdk-layerscape-64b_gcc-5.4.0_glibc-2.24.Linux-i686/staging_dir/target-aarch64_armv8-a_glibc-2.24/usr/lib -L/opt/lede-sdk-layerscape-64b_gcc-5.4.0_glibc-2.24.Linux-i686/staging_dir/target-aarch64_armv8-a_glibc-2.24/lib -L/opt/lede-sdk-layerscape-64b_gcc-5.4.0_glibc-2.24.Linux-i686/staging_dir/toolchain-aarch64_armv8-a_gcc-5.4.0_glibc-2.24/usr/lib -L/opt/lede-sdk-layerscape-64b_gcc-5.4.0_glibc-2.24.Linux-i686/staging_dir/toolchain-aarch64_armv8-a_gcc-5.4.0_glibc-2.24/lib -L /opt/lede-sdk-layerscape-64b_gcc-5.4.0_glibc-2.24.Linux-i686/staging_dir/target-aarch64_armv8-a_glibc-2.24/usr/lib -rpath-link /opt/lede-sdk-layerscape-64b_gcc-5.4.0_glibc-2.24.Linux-i686/staging_dir/target-aarch64_armv8-a_glibc-2.24/usr/lib -L/opt/lede-sdk-layerscape-64b_gcc-5.4.0_glibc-2.24.Linux-i686/staging_dir/toolchain-aarch64_armv8-a_gcc-5.4.0_glibc-2.24/bin/../lib/gcc/aarch64-openwrt-linux-gnu/5.4.0 -L/opt/lede-sdk-layerscape-64b_gcc-5.4.0_glibc-2.24.Linux-i686/staging_dir/toolchain-aarch64_armv8-a_gcc-5.4.0_glibc-2.24/bin/../lib/gcc -L/opt/lede-sdk-layerscape-64b_gcc-5.4.0_glibc-2.24.Linux-i686/staging_dir/toolchain-aarch64_armv8-a_gcc-5.4.0_glibc-2.24/bin/../lib/gcc/aarch64-openwrt-linux-gnu/5.4.0/../../../../aarch64-openwrt-linux-gnu/lib -z now -z relro -lcrypt CMakeFiles/cmTC_36d26.dir/CMakeCCompilerABI.c.o -lgcc_s -lc -lgcc_s /opt/lede-sdk-layerscape-64b_gcc-5.4.0_glibc-2.24.Linux-i686/staging_dir/toolchain-aarch64_armv8-a_gcc-5.4.0_glibc-2.24/bin/../lib/gcc/aarch64-openwrt-linux-gnu/5.4.0/crtend.o /opt/lede-sdk-layerscape-64b_gcc-5.4.0_glibc-2.24.Linux-i686/staging_dir/toolchain-aarch64_armv8-a_gcc-5.4.0_glibc-2.24/bin/../lib/gcc/aarch64-openwrt-linux-gnu/5.4.0/../../../../aarch64-openwrt-linux-gnu/lib/crtn.o
make[5]: Leaving directory '/opt/lede-sdk-layerscape-64b_gcc-5.4.0_glibc-2.24.Linux-i686/build_dir/target-aarch64_armv8-a_glibc-2.24/rpcd-2017-12-07-cfe1e75c/CMakeFiles/CMakeTmp'
make[4]: Leaving directory '/opt/lede-sdk-layerscape-64b_gcc-5.4.0_glibc-2.24.Linux-i686/build_dir/target-aarch64_armv8-a_glibc-2.24/rpcd-2017-12-07-cfe1e75c/CMakeFiles/CMakeTmp'


Parsed C implicit link information from above output:
  link line regex: [^( *|.*[/\])(aarch64-openwrt-linux-gnu-ld|([^/\]+-)?ld|collect2)[^/\]*( |$)]
  ignore line: [Change Dir: /opt/lede-sdk-layerscape-64b_gcc-5.4.0_glibc-2.24.Linux-i686/build_dir/target-aarch64_armv8-a_glibc-2.24/rpcd-2017-12-07-cfe1e75c/CMakeFiles/CMakeTmp]
  ignore line: []
  ignore line: [Run Build Command:"/usr/bin/make" "cmTC_36d26/fast"]
  ignore line: [make[4]: Entering directory '/opt/lede-sdk-layerscape-64b_gcc-5.4.0_glibc-2.24.Linux-i686/build_dir/target-aarch64_armv8-a_glibc-2.24/rpcd-2017-12-07-cfe1e75c/CMakeFiles/CMakeTmp']
  ignore line: [/usr/bin/make -f CMakeFiles/cmTC_36d26.dir/build.make CMakeFiles/cmTC_36d26.dir/build]
  ignore line: [make[5]: Entering directory '/opt/lede-sdk-layerscape-64b_gcc-5.4.0_glibc-2.24.Linux-i686/build_dir/target-aarch64_armv8-a_glibc-2.24/rpcd-2017-12-07-cfe1e75c/CMakeFiles/CMakeTmp']
  ignore line: [Building C object CMakeFiles/cmTC_36d26.dir/CMakeCCompilerABI.c.o]
  ignore line: [/opt/lede-sdk-layerscape-64b_gcc-5.4.0_glibc-2.24.Linux-i686/staging_dir/toolchain-aarch64_armv8-a_gcc-5.4.0_glibc-2.24/bin/aarch64-openwrt-linux-gnu-gcc    -Os -pipe -fno-caller-saves -fno-caller-saves -fno-plt -fhonour-copts -Wno-error=unused-but-set-variable -Wno-error=unused-result -iremap /opt/lede-sdk-layerscape-64b_gcc-5.4.0_glibc-2.24.Linux-i686/build_dir/target-aarch64_armv8-a_glibc-2.24/rpcd-2017-12-07-cfe1e75c:rpcd-2017-12-07-cfe1e75c -Wformat -Werror=format-security -D_FORTIFY_SOURCE=1 -Wl,-z,now -Wl,-z,relro    -o CMakeFiles/cmTC_36d26.dir/CMakeCCompilerABI.c.o   -c /opt/lede-sdk-layerscape-64b_gcc-5.4.0_glibc-2.24.Linux-i686/staging_dir/host/share/cmake-3.7/Modules/CMakeCCompilerABI.c]
  ignore line: [Linking C executable cmTC_36d26]
  ignore line: [/opt/lede-sdk-layerscape-64b_gcc-5.4.0_glibc-2.24.Linux-i686/staging_dir/host/bin/cmake -E cmake_link_script CMakeFiles/cmTC_36d26.dir/link.txt --verbose=1]
  ignore line: [/opt/lede-sdk-layerscape-64b_gcc-5.4.0_glibc-2.24.Linux-i686/staging_dir/toolchain-aarch64_armv8-a_gcc-5.4.0_glibc-2.24/bin/aarch64-openwrt-linux-gnu-gcc  -Os -pipe -fno-caller-saves -fno-caller-saves -fno-plt -fhonour-copts -Wno-error=unused-but-set-variable -Wno-error=unused-result -iremap /opt/lede-sdk-layerscape-64b_gcc-5.4.0_glibc-2.24.Linux-i686/build_dir/target-aarch64_armv8-a_glibc-2.24/rpcd-2017-12-07-cfe1e75c:rpcd-2017-12-07-cfe1e75c -Wformat -Werror=format-security -D_FORTIFY_SOURCE=1 -Wl,-z,now -Wl,-z,relro   -L/opt/lede-sdk-layerscape-64b_gcc-5.4.0_glibc-2.24.Linux-i686/staging_dir/target-aarch64_armv8-a_glibc-2.24/usr/lib -L/opt/lede-sdk-layerscape-64b_gcc-5.4.0_glibc-2.24.Linux-i686/staging_dir/target-aarch64_armv8-a_glibc-2.24/lib -L/opt/lede-sdk-layerscape-64b_gcc-5.4.0_glibc-2.24.Linux-i686/staging_dir/toolchain-aarch64_armv8-a_gcc-5.4.0_glibc-2.24/usr/lib -L/opt/lede-sdk-layerscape-64b_gcc-5.4.0_glibc-2.24.Linux-i686/staging_dir/toolchain-aarch64_armv8-a_gcc-5.4.0_glibc-2.24/lib -znow -zrelro -lcrypt -v CMakeFiles/cmTC_36d26.dir/CMakeCCompilerABI.c.o  -o cmTC_36d26 -rdynamic  ]
  ignore line: [Reading specs from /opt/lede-sdk-layerscape-64b_gcc-5.4.0_glibc-2.24.Linux-i686/staging_dir/toolchain-aarch64_armv8-a_gcc-5.4.0_glibc-2.24/bin/../lib/gcc/aarch64-openwrt-linux-gnu/5.4.0/specs]
  ignore line: [COLLECT_GCC=/opt/lede-sdk-layerscape-64b_gcc-5.4.0_glibc-2.24.Linux-i686/staging_dir/toolchain-aarch64_armv8-a_gcc-5.4.0_glibc-2.24/bin/aarch64-openwrt-linux-gnu-gcc]
  ignore line: [COLLECT_LTO_WRAPPER=/opt/lede-sdk-layerscape-64b_gcc-5.4.0_glibc-2.24.Linux-i686/staging_dir/toolchain-aarch64_armv8-a_gcc-5.4.0_glibc-2.24/bin/../libexec/gcc/aarch64-openwrt-linux-gnu/5.4.0/lto-wrapper]
  ignore line: [Target: aarch64-openwrt-linux-gnu]
  ignore line: [Configured with: /home/work/lede/source-17.01.4-LS1012A/build_dir/toolchain-aarch64_armv8-a_gcc-5.4.0_glibc-2.24/gcc-5.4.0/configure --with-bugurl=http://www.lede-project.org/bugs/ --with-pkgversion='LEDE GCC 5.4.0 r3560-79f57e422d' --prefix=/home/work/lede/source-17.01.4-LS1012A/staging_dir/toolchain-aarch64_armv8-a_gcc-5.4.0_glibc-2.24 --build=i686-linux-gnu --host=i686-linux-gnu --target=aarch64-openwrt-linux-gnu --with-gnu-ld --enable-target-optspace --disable-libgomp --disable-libmudflap --disable-multilib --disable-libmpx --disable-nls --without-isl --without-cloog --with-host-libstdcxx=-lstdc++ --with-gmp=/home/work/lede/source-17.01.4-LS1012A/staging_dir/host --with-mpfr=/home/work/lede/source-17.01.4-LS1012A/staging_dir/host --with-mpc=/home/work/lede/source-17.01.4-LS1012A/staging_dir/host --disable-decimal-float --with-diagnostics-color=auto-if-env --enable-libssp --enable-__cxa_atexit --with-headers=/home/work/lede/source-17.01.4-LS1012A/staging_dir/toolchain-aarch64_armv8-a_gcc-5.4.0_glibc-2.24/include --disable-libsanitizer --enable-languages=c,c++ --enable-shared --enable-threads --with-slibdir=/home/work/lede/source-17.01.4-LS1012A/staging_dir/toolchain-aarch64_armv8-a_gcc-5.4.0_glibc-2.24/lib --enable-lto --with-libelf=/home/work/lede/source-17.01.4-LS1012A/staging_dir/host]
  ignore line: [Thread model: posix]
  ignore line: [gcc version 5.4.0 (LEDE GCC 5.4.0 r3560-79f57e422d) ]
  ignore line: [COMPILER_PATH=/opt/lede-sdk-layerscape-64b_gcc-5.4.0_glibc-2.24.Linux-i686/staging_dir/toolchain-aarch64_armv8-a_gcc-5.4.0_glibc-2.24/bin/../libexec/gcc/aarch64-openwrt-linux-gnu/5.4.0/:/opt/lede-sdk-layerscape-64b_gcc-5.4.0_glibc-2.24.Linux-i686/staging_dir/toolchain-aarch64_armv8-a_gcc-5.4.0_glibc-2.24/bin/../libexec/gcc/:/opt/lede-sdk-layerscape-64b_gcc-5.4.0_glibc-2.24.Linux-i686/staging_dir/toolchain-aarch64_armv8-a_gcc-5.4.0_glibc-2.24/bin/../lib/gcc/aarch64-openwrt-linux-gnu/5.4.0/../../../../aarch64-openwrt-linux-gnu/bin/]
  ignore line: [LIBRARY_PATH=/opt/lede-sdk-layerscape-64b_gcc-5.4.0_glibc-2.24.Linux-i686/staging_dir/toolchain-aarch64_armv8-a_gcc-5.4.0_glibc-2.24/bin/../lib/gcc/aarch64-openwrt-linux-gnu/5.4.0/:/opt/lede-sdk-layerscape-64b_gcc-5.4.0_glibc-2.24.Linux-i686/staging_dir/toolchain-aarch64_armv8-a_gcc-5.4.0_glibc-2.24/bin/../lib/gcc/:/opt/lede-sdk-layerscape-64b_gcc-5.4.0_glibc-2.24.Linux-i686/staging_dir/toolchain-aarch64_armv8-a_gcc-5.4.0_glibc-2.24/bin/../lib/gcc/aarch64-openwrt-linux-gnu/5.4.0/../../../../aarch64-openwrt-linux-gnu/lib/]
  ignore line: [COLLECT_GCC_OPTIONS='-Os' '-pipe' '-fno-caller-saves' '-fno-plt' '-fhonour-copts' '-Wno-error=unused-but-set-variable' '-Wno-error=unused-result' '-iremap' '/opt/lede-sdk-layerscape-64b_gcc-5.4.0_glibc-2.24.Linux-i686/build_dir/target-aarch64_armv8-a_glibc-2.24/rpcd-2017-12-07-cfe1e75c:rpcd-2017-12-07-cfe1e75c' '-Wformat=1' '-Werror=format-security' '-D' '_FORTIFY_SOURCE=1' '-L/opt/lede-sdk-layerscape-64b_gcc-5.4.0_glibc-2.24.Linux-i686/staging_dir/target-aarch64_armv8-a_glibc-2.24/usr/lib' '-L/opt/lede-sdk-layerscape-64b_gcc-5.4.0_glibc-2.24.Linux-i686/staging_dir/target-aarch64_armv8-a_glibc-2.24/lib' '-L/opt/lede-sdk-layerscape-64b_gcc-5.4.0_glibc-2.24.Linux-i686/staging_dir/toolchain-aarch64_armv8-a_gcc-5.4.0_glibc-2.24/usr/lib' '-L/opt/lede-sdk-layerscape-64b_gcc-5.4.0_glibc-2.24.Linux-i686/staging_dir/toolchain-aarch64_armv8-a_gcc-5.4.0_glibc-2.24/lib' '-z' 'now' '-z' 'relro' '-v' '-o' 'cmTC_36d26' '-rdynamic' '-mlittle-endian' '-mabi=lp64']
  link line: [ /opt/lede-sdk-layerscape-64b_gcc-5.4.0_glibc-2.24.Linux-i686/staging_dir/toolchain-aarch64_armv8-a_gcc-5.4.0_glibc-2.24/bin/../libexec/gcc/aarch64-openwrt-linux-gnu/5.4.0/collect2 -plugin /opt/lede-sdk-layerscape-64b_gcc-5.4.0_glibc-2.24.Linux-i686/staging_dir/toolchain-aarch64_armv8-a_gcc-5.4.0_glibc-2.24/bin/../libexec/gcc/aarch64-openwrt-linux-gnu/5.4.0/liblto_plugin.so -plugin-opt=/opt/lede-sdk-layerscape-64b_gcc-5.4.0_glibc-2.24.Linux-i686/staging_dir/toolchain-aarch64_armv8-a_gcc-5.4.0_glibc-2.24/bin/../libexec/gcc/aarch64-openwrt-linux-gnu/5.4.0/lto-wrapper -plugin-opt=-fresolution=/tmp/ccU2mFiA.res -plugin-opt=-pass-through=-lgcc_s -plugin-opt=-pass-through=-lc -plugin-opt=-pass-through=-lgcc_s --eh-frame-hdr -export-dynamic -dynamic-linker /lib/ld-linux-aarch64.so.1 -X -EL -maarch64linux -o cmTC_36d26 -z now -z relro /opt/lede-sdk-layerscape-64b_gcc-5.4.0_glibc-2.24.Linux-i686/staging_dir/toolchain-aarch64_armv8-a_gcc-5.4.0_glibc-2.24/bin/../lib/gcc/aarch64-openwrt-linux-gnu/5.4.0/../../../../aarch64-openwrt-linux-gnu/lib/crt1.o /opt/lede-sdk-layerscape-64b_gcc-5.4.0_glibc-2.24.Linux-i686/staging_dir/toolchain-aarch64_armv8-a_gcc-5.4.0_glibc-2.24/bin/../lib/gcc/aarch64-openwrt-linux-gnu/5.4.0/../../../../aarch64-openwrt-linux-gnu/lib/crti.o /opt/lede-sdk-layerscape-64b_gcc-5.4.0_glibc-2.24.Linux-i686/staging_dir/toolchain-aarch64_armv8-a_gcc-5.4.0_glibc-2.24/bin/../lib/gcc/aarch64-openwrt-linux-gnu/5.4.0/crtbegin.o -L/opt/lede-sdk-layerscape-64b_gcc-5.4.0_glibc-2.24.Linux-i686/staging_dir/target-aarch64_armv8-a_glibc-2.24/usr/lib -L/opt/lede-sdk-layerscape-64b_gcc-5.4.0_glibc-2.24.Linux-i686/staging_dir/target-aarch64_armv8-a_glibc-2.24/lib -L/opt/lede-sdk-layerscape-64b_gcc-5.4.0_glibc-2.24.Linux-i686/staging_dir/toolchain-aarch64_armv8-a_gcc-5.4.0_glibc-2.24/usr/lib -L/opt/lede-sdk-layerscape-64b_gcc-5.4.0_glibc-2.24.Linux-i686/staging_dir/toolchain-aarch64_armv8-a_gcc-5.4.0_glibc-2.24/lib -L /opt/lede-sdk-layerscape-64b_gcc-5.4.0_glibc-2.24.Linux-i686/staging_dir/target-aarch64_armv8-a_glibc-2.24/usr/lib -rpath-link /opt/lede-sdk-layerscape-64b_gcc-5.4.0_glibc-2.24.Linux-i686/staging_dir/target-aarch64_armv8-a_glibc-2.24/usr/lib -L/opt/lede-sdk-layerscape-64b_gcc-5.4.0_glibc-2.24.Linux-i686/staging_dir/toolchain-aarch64_armv8-a_gcc-5.4.0_glibc-2.24/bin/../lib/gcc/aarch64-openwrt-linux-gnu/5.4.0 -L/opt/lede-sdk-layerscape-64b_gcc-5.4.0_glibc-2.24.Linux-i686/staging_dir/toolchain-aarch64_armv8-a_gcc-5.4.0_glibc-2.24/bin/../lib/gcc -L/opt/lede-sdk-layerscape-64b_gcc-5.4.0_glibc-2.24.Linux-i686/staging_dir/toolchain-aarch64_armv8-a_gcc-5.4.0_glibc-2.24/bin/../lib/gcc/aarch64-openwrt-linux-gnu/5.4.0/../../../../aarch64-openwrt-linux-gnu/lib -z now -z relro -lcrypt CMakeFiles/cmTC_36d26.dir/CMakeCCompilerABI.c.o -lgcc_s -lc -lgcc_s /opt/lede-sdk-layerscape-64b_gcc-5.4.0_glibc-2.24.Linux-i686/staging_dir/toolchain-aarch64_armv8-a_gcc-5.4.0_glibc-2.24/bin/../lib/gcc/aarch64-openwrt-linux-gnu/5.4.0/crtend.o /opt/lede-sdk-layerscape-64b_gcc-5.4.0_glibc-2.24.Linux-i686/staging_dir/toolchain-aarch64_armv8-a_gcc-5.4.0_glibc-2.24/bin/../lib/gcc/aarch64-openwrt-linux-gnu/5.4.0/../../../../aarch64-openwrt-linux-gnu/lib/crtn.o]
    arg [/opt/lede-sdk-layerscape-64b_gcc-5.4.0_glibc-2.24.Linux-i686/staging_dir/toolchain-aarch64_armv8-a_gcc-5.4.0_glibc-2.24/bin/../libexec/gcc/aarch64-openwrt-linux-gnu/5.4.0/collect2] ==> ignore
    arg [-plugin] ==> ignore
    arg [/opt/lede-sdk-layerscape-64b_gcc-5.4.0_glibc-2.24.Linux-i686/staging_dir/toolchain-aarch64_armv8-a_gcc-5.4.0_glibc-2.24/bin/../libexec/gcc/aarch64-openwrt-linux-gnu/5.4.0/liblto_plugin.so] ==> ignore
    arg [-plugin-opt=/opt/lede-sdk-layerscape-64b_gcc-5.4.0_glibc-2.24.Linux-i686/staging_dir/toolchain-aarch64_armv8-a_gcc-5.4.0_glibc-2.24/bin/../libexec/gcc/aarch64-openwrt-linux-gnu/5.4.0/lto-wrapper] ==> ignore
    arg [-plugin-opt=-fresolution=/tmp/ccU2mFiA.res] ==> ignore
    arg [-plugin-opt=-pass-through=-lgcc_s] ==> ignore
    arg [-plugin-opt=-pass-through=-lc] ==> ignore
    arg [-plugin-opt=-pass-through=-lgcc_s] ==> ignore
    arg [--eh-frame-hdr] ==> ignore
    arg [-export-dynamic] ==> ignore
    arg [-dynamic-linker] ==> ignore
    arg [/lib/ld-linux-aarch64.so.1] ==> ignore
    arg [-X] ==> ignore
    arg [-EL] ==> ignore
    arg [-maarch64linux] ==> ignore
    arg [-o] ==> ignore
    arg [cmTC_36d26] ==> ignore
    arg [-znow] ==> ignore
    arg [-zrelro] ==> ignore
    arg [/opt/lede-sdk-layerscape-64b_gcc-5.4.0_glibc-2.24.Linux-i686/staging_dir/toolchain-aarch64_armv8-a_gcc-5.4.0_glibc-2.24/bin/../lib/gcc/aarch64-openwrt-linux-gnu/5.4.0/../../../../aarch64-openwrt-linux-gnu/lib/crt1.o] ==> ignore
    arg [/opt/lede-sdk-layerscape-64b_gcc-5.4.0_glibc-2.24.Linux-i686/staging_dir/toolchain-aarch64_armv8-a_gcc-5.4.0_glibc-2.24/bin/../lib/gcc/aarch64-openwrt-linux-gnu/5.4.0/../../../../aarch64-openwrt-linux-gnu/lib/crti.o] ==> ignore
    arg [/opt/lede-sdk-layerscape-64b_gcc-5.4.0_glibc-2.24.Linux-i686/staging_dir/toolchain-aarch64_armv8-a_gcc-5.4.0_glibc-2.24/bin/../lib/gcc/aarch64-openwrt-linux-gnu/5.4.0/crtbegin.o] ==> ignore
    arg [-L/opt/lede-sdk-layerscape-64b_gcc-5.4.0_glibc-2.24.Linux-i686/staging_dir/target-aarch64_armv8-a_glibc-2.24/usr/lib] ==> dir [/opt/lede-sdk-layerscape-64b_gcc-5.4.0_glibc-2.24.Linux-i686/staging_dir/target-aarch64_armv8-a_glibc-2.24/usr/lib]
    arg [-L/opt/lede-sdk-layerscape-64b_gcc-5.4.0_glibc-2.24.Linux-i686/staging_dir/target-aarch64_armv8-a_glibc-2.24/lib] ==> dir [/opt/lede-sdk-layerscape-64b_gcc-5.4.0_glibc-2.24.Linux-i686/staging_dir/target-aarch64_armv8-a_glibc-2.24/lib]
    arg [-L/opt/lede-sdk-layerscape-64b_gcc-5.4.0_glibc-2.24.Linux-i686/staging_dir/toolchain-aarch64_armv8-a_gcc-5.4.0_glibc-2.24/usr/lib] ==> dir [/opt/lede-sdk-layerscape-64b_gcc-5.4.0_glibc-2.24.Linux-i686/staging_dir/toolchain-aarch64_armv8-a_gcc-5.4.0_glibc-2.24/usr/lib]
    arg [-L/opt/lede-sdk-layerscape-64b_gcc-5.4.0_glibc-2.24.Linux-i686/staging_dir/toolchain-aarch64_armv8-a_gcc-5.4.0_glibc-2.24/lib] ==> dir [/opt/lede-sdk-layerscape-64b_gcc-5.4.0_glibc-2.24.Linux-i686/staging_dir/toolchain-aarch64_armv8-a_gcc-5.4.0_glibc-2.24/lib]
    arg [-L/opt/lede-sdk-layerscape-64b_gcc-5.4.0_glibc-2.24.Linux-i686/staging_dir/target-aarch64_armv8-a_glibc-2.24/usr/lib] ==> dir [/opt/lede-sdk-layerscape-64b_gcc-5.4.0_glibc-2.24.Linux-i686/staging_dir/target-aarch64_armv8-a_glibc-2.24/usr/lib]
    arg [-rpath-link] ==> ignore
    arg [/opt/lede-sdk-layerscape-64b_gcc-5.4.0_glibc-2.24.Linux-i686/staging_dir/target-aarch64_armv8-a_glibc-2.24/usr/lib] ==> ignore
    arg [-L/opt/lede-sdk-layerscape-64b_gcc-5.4.0_glibc-2.24.Linux-i686/staging_dir/toolchain-aarch64_armv8-a_gcc-5.4.0_glibc-2.24/bin/../lib/gcc/aarch64-openwrt-linux-gnu/5.4.0] ==> dir [/opt/lede-sdk-layerscape-64b_gcc-5.4.0_glibc-2.24.Linux-i686/staging_dir/toolchain-aarch64_armv8-a_gcc-5.4.0_glibc-2.24/bin/../lib/gcc/aarch64-openwrt-linux-gnu/5.4.0]
    arg [-L/opt/lede-sdk-layerscape-64b_gcc-5.4.0_glibc-2.24.Linux-i686/staging_dir/toolchain-aarch64_armv8-a_gcc-5.4.0_glibc-2.24/bin/../lib/gcc] ==> dir [/opt/lede-sdk-layerscape-64b_gcc-5.4.0_glibc-2.24.Linux-i686/staging_dir/toolchain-aarch64_armv8-a_gcc-5.4.0_glibc-2.24/bin/../lib/gcc]
    arg [-L/opt/lede-sdk-layerscape-64b_gcc-5.4.0_glibc-2.24.Linux-i686/staging_dir/toolchain-aarch64_armv8-a_gcc-5.4.0_glibc-2.24/bin/../lib/gcc/aarch64-openwrt-linux-gnu/5.4.0/../../../../aarch64-openwrt-linux-gnu/lib] ==> dir [/opt/lede-sdk-layerscape-64b_gcc-5.4.0_glibc-2.24.Linux-i686/staging_dir/toolchain-aarch64_armv8-a_gcc-5.4.0_glibc-2.24/bin/../lib/gcc/aarch64-openwrt-linux-gnu/5.4.0/../../../../aarch64-openwrt-linux-gnu/lib]
    arg [-znow] ==> ignore
    arg [-zrelro] ==> ignore
    arg [-lcrypt] ==> lib [crypt]
    arg [CMakeFiles/cmTC_36d26.dir/CMakeCCompilerABI.c.o] ==> ignore
    arg [-lgcc_s] ==> lib [gcc_s]
    arg [-lc] ==> lib [c]
    arg [-lgcc_s] ==> lib [gcc_s]
    arg [/opt/lede-sdk-layerscape-64b_gcc-5.4.0_glibc-2.24.Linux-i686/staging_dir/toolchain-aarch64_armv8-a_gcc-5.4.0_glibc-2.24/bin/../lib/gcc/aarch64-openwrt-linux-gnu/5.4.0/crtend.o] ==> ignore
    arg [/opt/lede-sdk-layerscape-64b_gcc-5.4.0_glibc-2.24.Linux-i686/staging_dir/toolchain-aarch64_armv8-a_gcc-5.4.0_glibc-2.24/bin/../lib/gcc/aarch64-openwrt-linux-gnu/5.4.0/../../../../aarch64-openwrt-linux-gnu/lib/crtn.o] ==> ignore
  remove lib [gcc_s]
  remove lib [gcc_s]
  collapse library dir [/opt/lede-sdk-layerscape-64b_gcc-5.4.0_glibc-2.24.Linux-i686/staging_dir/target-aarch64_armv8-a_glibc-2.24/usr/lib] ==> [/opt/lede-sdk-layerscape-64b_gcc-5.4.0_glibc-2.24.Linux-i686/staging_dir/target-aarch64_armv8-a_glibc-2.24/usr/lib]
  collapse library dir [/opt/lede-sdk-layerscape-64b_gcc-5.4.0_glibc-2.24.Linux-i686/staging_dir/target-aarch64_armv8-a_glibc-2.24/lib] ==> [/opt/lede-sdk-layerscape-64b_gcc-5.4.0_glibc-2.24.Linux-i686/staging_dir/target-aarch64_armv8-a_glibc-2.24/lib]
  collapse library dir [/opt/lede-sdk-layerscape-64b_gcc-5.4.0_glibc-2.24.Linux-i686/staging_dir/toolchain-aarch64_armv8-a_gcc-5.4.0_glibc-2.24/usr/lib] ==> [/opt/lede-sdk-layerscape-64b_gcc-5.4.0_glibc-2.24.Linux-i686/staging_dir/toolchain-aarch64_armv8-a_gcc-5.4.0_glibc-2.24/usr/lib]
  collapse library dir [/opt/lede-sdk-layerscape-64b_gcc-5.4.0_glibc-2.24.Linux-i686/staging_dir/toolchain-aarch64_armv8-a_gcc-5.4.0_glibc-2.24/lib] ==> [/opt/lede-sdk-layerscape-64b_gcc-5.4.0_glibc-2.24.Linux-i686/staging_dir/toolchain-aarch64_armv8-a_gcc-5.4.0_glibc-2.24/lib]
  collapse library dir [/opt/lede-sdk-layerscape-64b_gcc-5.4.0_glibc-2.24.Linux-i686/staging_dir/target-aarch64_armv8-a_glibc-2.24/usr/lib] ==> [/opt/lede-sdk-layerscape-64b_gcc-5.4.0_glibc-2.24.Linux-i686/staging_dir/target-aarch64_armv8-a_glibc-2.24/usr/lib]
  collapse library dir [/opt/lede-sdk-layerscape-64b_gcc-5.4.0_glibc-2.24.Linux-i686/staging_dir/toolchain-aarch64_armv8-a_gcc-5.4.0_glibc-2.24/bin/../lib/gcc/aarch64-openwrt-linux-gnu/5.4.0] ==> [/opt/lede-sdk-layerscape-64b_gcc-5.4.0_glibc-2.24.Linux-i686/staging_dir/toolchain-aarch64_armv8-a_gcc-5.4.0_glibc-2.24/lib/gcc/aarch64-openwrt-linux-gnu/5.4.0]
  collapse library dir [/opt/lede-sdk-layerscape-64b_gcc-5.4.0_glibc-2.24.Linux-i686/staging_dir/toolchain-aarch64_armv8-a_gcc-5.4.0_glibc-2.24/bin/../lib/gcc] ==> [/opt/lede-sdk-layerscape-64b_gcc-5.4.0_glibc-2.24.Linux-i686/staging_dir/toolchain-aarch64_armv8-a_gcc-5.4.0_glibc-2.24/lib/gcc]
  collapse library dir [/opt/lede-sdk-layerscape-64b_gcc-5.4.0_glibc-2.24.Linux-i686/staging_dir/toolchain-aarch64_armv8-a_gcc-5.4.0_glibc-2.24/bin/../lib/gcc/aarch64-openwrt-linux-gnu/5.4.0/../../../../aarch64-openwrt-linux-gnu/lib] ==> [/opt/lede-sdk-layerscape-64b_gcc-5.4.0_glibc-2.24.Linux-i686/staging_dir/toolchain-aarch64_armv8-a_gcc-5.4.0_glibc-2.24/aarch64-openwrt-linux-gnu/lib]
  implicit libs: [crypt;c]
  implicit dirs: [/opt/lede-sdk-layerscape-64b_gcc-5.4.0_glibc-2.24.Linux-i686/staging_dir/target-aarch64_armv8-a_glibc-2.24/usr/lib;/opt/lede-sdk-layerscape-64b_gcc-5.4.0_glibc-2.24.Linux-i686/staging_dir/target-aarch64_armv8-a_glibc-2.24/lib;/opt/lede-sdk-layerscape-64b_gcc-5.4.0_glibc-2.24.Linux-i686/staging_dir/toolchain-aarch64_armv8-a_gcc-5.4.0_glibc-2.24/usr/lib;/opt/lede-sdk-layerscape-64b_gcc-5.4.0_glibc-2.24.Linux-i686/staging_dir/toolchain-aarch64_armv8-a_gcc-5.4.0_glibc-2.24/lib;/opt/lede-sdk-layerscape-64b_gcc-5.4.0_glibc-2.24.Linux-i686/staging_dir/toolchain-aarch64_armv8-a_gcc-5.4.0_glibc-2.24/lib/gcc/aarch64-openwrt-linux-gnu/5.4.0;/opt/lede-sdk-layerscape-64b_gcc-5.4.0_glibc-2.24.Linux-i686/staging_dir/toolchain-aarch64_armv8-a_gcc-5.4.0_glibc-2.24/lib/gcc;/opt/lede-sdk-layerscape-64b_gcc-5.4.0_glibc-2.24.Linux-i686/staging_dir/toolchain-aarch64_armv8-a_gcc-5.4.0_glibc-2.24/aarch64-openwrt-linux-gnu/lib]
  implicit fwks: []




Detecting C [-std=c11] compiler features compiled with the following output:
Change Dir: /opt/lede-sdk-layerscape-64b_gcc-5.4.0_glibc-2.24.Linux-i686/build_dir/target-aarch64_armv8-a_glibc-2.24/rpcd-2017-12-07-cfe1e75c/CMakeFiles/CMakeTmp

Run Build Command:"/usr/bin/make" "cmTC_c96ba/fast"
make[4]: Entering directory '/opt/lede-sdk-layerscape-64b_gcc-5.4.0_glibc-2.24.Linux-i686/build_dir/target-aarch64_armv8-a_glibc-2.24/rpcd-2017-12-07-cfe1e75c/CMakeFiles/CMakeTmp'
/usr/bin/make -f CMakeFiles/cmTC_c96ba.dir/build.make CMakeFiles/cmTC_c96ba.dir/build
make[5]: Entering directory '/opt/lede-sdk-layerscape-64b_gcc-5.4.0_glibc-2.24.Linux-i686/build_dir/target-aarch64_armv8-a_glibc-2.24/rpcd-2017-12-07-cfe1e75c/CMakeFiles/CMakeTmp'
Building C object CMakeFiles/cmTC_c96ba.dir/feature_tests.c.o
/opt/lede-sdk-layerscape-64b_gcc-5.4.0_glibc-2.24.Linux-i686/staging_dir/toolchain-aarch64_armv8-a_gcc-5.4.0_glibc-2.24/bin/aarch64-openwrt-linux-gnu-gcc    -Os -pipe -fno-caller-saves -fno-caller-saves -fno-plt -fhonour-copts -Wno-error=unused-but-set-variable -Wno-error=unused-result -iremap /opt/lede-sdk-layerscape-64b_gcc-5.4.0_glibc-2.24.Linux-i686/build_dir/target-aarch64_armv8-a_glibc-2.24/rpcd-2017-12-07-cfe1e75c:rpcd-2017-12-07-cfe1e75c -Wformat -Werror=format-security -D_FORTIFY_SOURCE=1 -Wl,-z,now -Wl,-z,relro    -std=c11 -o CMakeFiles/cmTC_c96ba.dir/feature_tests.c.o   -c /opt/lede-sdk-layerscape-64b_gcc-5.4.0_glibc-2.24.Linux-i686/build_dir/target-aarch64_armv8-a_glibc-2.24/rpcd-2017-12-07-cfe1e75c/CMakeFiles/feature_tests.c
Linking C executable cmTC_c96ba
/opt/lede-sdk-layerscape-64b_gcc-5.4.0_glibc-2.24.Linux-i686/staging_dir/host/bin/cmake -E cmake_link_script CMakeFiles/cmTC_c96ba.dir/link.txt --verbose=1
/opt/lede-sdk-layerscape-64b_gcc-5.4.0_glibc-2.24.Linux-i686/staging_dir/toolchain-aarch64_armv8-a_gcc-5.4.0_glibc-2.24/bin/aarch64-openwrt-linux-gnu-gcc  -Os -pipe -fno-caller-saves -fno-caller-saves -fno-plt -fhonour-copts -Wno-error=unused-but-set-variable -Wno-error=unused-result -iremap /opt/lede-sdk-layerscape-64b_gcc-5.4.0_glibc-2.24.Linux-i686/build_dir/target-aarch64_armv8-a_glibc-2.24/rpcd-2017-12-07-cfe1e75c:rpcd-2017-12-07-cfe1e75c -Wformat -Werror=format-security -D_FORTIFY_SOURCE=1 -Wl,-z,now -Wl,-z,relro   -L/opt/lede-sdk-layerscape-64b_gcc-5.4.0_glibc-2.24.Linux-i686/staging_dir/target-aarch64_armv8-a_glibc-2.24/usr/lib -L/opt/lede-sdk-layerscape-64b_gcc-5.4.0_glibc-2.24.Linux-i686/staging_dir/target-aarch64_armv8-a_glibc-2.24/lib -L/opt/lede-sdk-layerscape-64b_gcc-5.4.0_glibc-2.24.Linux-i686/staging_dir/toolchain-aarch64_armv8-a_gcc-5.4.0_glibc-2.24/usr/lib -L/opt/lede-sdk-layerscape-64b_gcc-5.4.0_glibc-2.24.Linux-i686/staging_dir/toolchain-aarch64_armv8-a_gcc-5.4.0_glibc-2.24/lib -znow -zrelro -lcrypt  CMakeFiles/cmTC_c96ba.dir/feature_tests.c.o  -o cmTC_c96ba -rdynamic 
make[5]: Leaving directory '/opt/lede-sdk-layerscape-64b_gcc-5.4.0_glibc-2.24.Linux-i686/build_dir/target-aarch64_armv8-a_glibc-2.24/rpcd-2017-12-07-cfe1e75c/CMakeFiles/CMakeTmp'
make[4]: Leaving directory '/opt/lede-sdk-layerscape-64b_gcc-5.4.0_glibc-2.24.Linux-i686/build_dir/target-aarch64_armv8-a_glibc-2.24/rpcd-2017-12-07-cfe1e75c/CMakeFiles/CMakeTmp'


    Feature record: C_FEATURE:1c_function_prototypes
    Feature record: C_FEATURE:1c_restrict
    Feature record: C_FEATURE:1c_static_assert
    Feature record: C_FEATURE:1c_variadic_macros


Detecting C [-std=c99] compiler features compiled with the following output:
Change Dir: /opt/lede-sdk-layerscape-64b_gcc-5.4.0_glibc-2.24.Linux-i686/build_dir/target-aarch64_armv8-a_glibc-2.24/rpcd-2017-12-07-cfe1e75c/CMakeFiles/CMakeTmp

Run Build Command:"/usr/bin/make" "cmTC_54aa2/fast"
make[4]: Entering directory '/opt/lede-sdk-layerscape-64b_gcc-5.4.0_glibc-2.24.Linux-i686/build_dir/target-aarch64_armv8-a_glibc-2.24/rpcd-2017-12-07-cfe1e75c/CMakeFiles/CMakeTmp'
/usr/bin/make -f CMakeFiles/cmTC_54aa2.dir/build.make CMakeFiles/cmTC_54aa2.dir/build
make[5]: Entering directory '/opt/lede-sdk-layerscape-64b_gcc-5.4.0_glibc-2.24.Linux-i686/build_dir/target-aarch64_armv8-a_glibc-2.24/rpcd-2017-12-07-cfe1e75c/CMakeFiles/CMakeTmp'
Building C object CMakeFiles/cmTC_54aa2.dir/feature_tests.c.o
/opt/lede-sdk-layerscape-64b_gcc-5.4.0_glibc-2.24.Linux-i686/staging_dir/toolchain-aarch64_armv8-a_gcc-5.4.0_glibc-2.24/bin/aarch64-openwrt-linux-gnu-gcc    -Os -pipe -fno-caller-saves -fno-caller-saves -fno-plt -fhonour-copts -Wno-error=unused-but-set-variable -Wno-error=unused-result -iremap /opt/lede-sdk-layerscape-64b_gcc-5.4.0_glibc-2.24.Linux-i686/build_dir/target-aarch64_armv8-a_glibc-2.24/rpcd-2017-12-07-cfe1e75c:rpcd-2017-12-07-cfe1e75c -Wformat -Werror=format-security -D_FORTIFY_SOURCE=1 -Wl,-z,now -Wl,-z,relro    -std=c99 -o CMakeFiles/cmTC_54aa2.dir/feature_tests.c.o   -c /opt/lede-sdk-layerscape-64b_gcc-5.4.0_glibc-2.24.Linux-i686/build_dir/target-aarch64_armv8-a_glibc-2.24/rpcd-2017-12-07-cfe1e75c/CMakeFiles/feature_tests.c
Linking C executable cmTC_54aa2
/opt/lede-sdk-layerscape-64b_gcc-5.4.0_glibc-2.24.Linux-i686/staging_dir/host/bin/cmake -E cmake_link_script CMakeFiles/cmTC_54aa2.dir/link.txt --verbose=1
/opt/lede-sdk-layerscape-64b_gcc-5.4.0_glibc-2.24.Linux-i686/staging_dir/toolchain-aarch64_armv8-a_gcc-5.4.0_glibc-2.24/bin/aarch64-openwrt-linux-gnu-gcc  -Os -pipe -fno-caller-saves -fno-caller-saves -fno-plt -fhonour-copts -Wno-error=unused-but-set-variable -Wno-error=unused-result -iremap /opt/lede-sdk-layerscape-64b_gcc-5.4.0_glibc-2.24.Linux-i686/build_dir/target-aarch64_armv8-a_glibc-2.24/rpcd-2017-12-07-cfe1e75c:rpcd-2017-12-07-cfe1e75c -Wformat -Werror=format-security -D_FORTIFY_SOURCE=1 -Wl,-z,now -Wl,-z,relro   -L/opt/lede-sdk-layerscape-64b_gcc-5.4.0_glibc-2.24.Linux-i686/staging_dir/target-aarch64_armv8-a_glibc-2.24/usr/lib -L/opt/lede-sdk-layerscape-64b_gcc-5.4.0_glibc-2.24.Linux-i686/staging_dir/target-aarch64_armv8-a_glibc-2.24/lib -L/opt/lede-sdk-layerscape-64b_gcc-5.4.0_glibc-2.24.Linux-i686/staging_dir/toolchain-aarch64_armv8-a_gcc-5.4.0_glibc-2.24/usr/lib -L/opt/lede-sdk-layerscape-64b_gcc-5.4.0_glibc-2.24.Linux-i686/staging_dir/toolchain-aarch64_armv8-a_gcc-5.4.0_glibc-2.24/lib -znow -zrelro -lcrypt  CMakeFiles/cmTC_54aa2.dir/feature_tests.c.o  -o cmTC_54aa2 -rdynamic 
make[5]: Leaving directory '/opt/lede-sdk-layerscape-64b_gcc-5.4.0_glibc-2.24.Linux-i686/build_dir/target-aarch64_armv8-a_glibc-2.24/rpcd-2017-12-07-cfe1e75c/CMakeFiles/CMakeTmp'
make[4]: Leaving directory '/opt/lede-sdk-layerscape-64b_gcc-5.4.0_glibc-2.24.Linux-i686/build_dir/target-aarch64_armv8-a_glibc-2.24/rpcd-2017-12-07-cfe1e75c/CMakeFiles/CMakeTmp'


    Feature record: C_FEATURE:1c_function_prototypes
    Feature record: C_FEATURE:1c_restrict
    Feature record: C_FEATURE:0c_static_assert
    Feature record: C_FEATURE:1c_variadic_macros


Detecting C [-std=c90] compiler features compiled with the following output:
Change Dir: /opt/lede-sdk-layerscape-64b_gcc-5.4.0_glibc-2.24.Linux-i686/build_dir/target-aarch64_armv8-a_glibc-2.24/rpcd-2017-12-07-cfe1e75c/CMakeFiles/CMakeTmp

Run Build Command:"/usr/bin/make" "cmTC_facdb/fast"
make[4]: Entering directory '/opt/lede-sdk-layerscape-64b_gcc-5.4.0_glibc-2.24.Linux-i686/build_dir/target-aarch64_armv8-a_glibc-2.24/rpcd-2017-12-07-cfe1e75c/CMakeFiles/CMakeTmp'
/usr/bin/make -f CMakeFiles/cmTC_facdb.dir/build.make CMakeFiles/cmTC_facdb.dir/build
make[5]: Entering directory '/opt/lede-sdk-layerscape-64b_gcc-5.4.0_glibc-2.24.Linux-i686/build_dir/target-aarch64_armv8-a_glibc-2.24/rpcd-2017-12-07-cfe1e75c/CMakeFiles/CMakeTmp'
Building C object CMakeFiles/cmTC_facdb.dir/feature_tests.c.o
/opt/lede-sdk-layerscape-64b_gcc-5.4.0_glibc-2.24.Linux-i686/staging_dir/toolchain-aarch64_armv8-a_gcc-5.4.0_glibc-2.24/bin/aarch64-openwrt-linux-gnu-gcc    -Os -pipe -fno-caller-saves -fno-caller-saves -fno-plt -fhonour-copts -Wno-error=unused-but-set-variable -Wno-error=unused-result -iremap /opt/lede-sdk-layerscape-64b_gcc-5.4.0_glibc-2.24.Linux-i686/build_dir/target-aarch64_armv8-a_glibc-2.24/rpcd-2017-12-07-cfe1e75c:rpcd-2017-12-07-cfe1e75c -Wformat -Werror=format-security -D_FORTIFY_SOURCE=1 -Wl,-z,now -Wl,-z,relro    -std=c90 -o CMakeFiles/cmTC_facdb.dir/feature_tests.c.o   -c /opt/lede-sdk-layerscape-64b_gcc-5.4.0_glibc-2.24.Linux-i686/build_dir/target-aarch64_armv8-a_glibc-2.24/rpcd-2017-12-07-cfe1e75c/CMakeFiles/feature_tests.c
Linking C executable cmTC_facdb
/opt/lede-sdk-layerscape-64b_gcc-5.4.0_glibc-2.24.Linux-i686/staging_dir/host/bin/cmake -E cmake_link_script CMakeFiles/cmTC_facdb.dir/link.txt --verbose=1
/opt/lede-sdk-layerscape-64b_gcc-5.4.0_glibc-2.24.Linux-i686/staging_dir/toolchain-aarch64_armv8-a_gcc-5.4.0_glibc-2.24/bin/aarch64-openwrt-linux-gnu-gcc  -Os -pipe -fno-caller-saves -fno-caller-saves -fno-plt -fhonour-copts -Wno-error=unused-but-set-variable -Wno-error=unused-result -iremap /opt/lede-sdk-layerscape-64b_gcc-5.4.0_glibc-2.24.Linux-i686/build_dir/target-aarch64_armv8-a_glibc-2.24/rpcd-2017-12-07-cfe1e75c:rpcd-2017-12-07-cfe1e75c -Wformat -Werror=format-security -D_FORTIFY_SOURCE=1 -Wl,-z,now -Wl,-z,relro   -L/opt/lede-sdk-layerscape-64b_gcc-5.4.0_glibc-2.24.Linux-i686/staging_dir/target-aarch64_armv8-a_glibc-2.24/usr/lib -L/opt/lede-sdk-layerscape-64b_gcc-5.4.0_glibc-2.24.Linux-i686/staging_dir/target-aarch64_armv8-a_glibc-2.24/lib -L/opt/lede-sdk-layerscape-64b_gcc-5.4.0_glibc-2.24.Linux-i686/staging_dir/toolchain-aarch64_armv8-a_gcc-5.4.0_glibc-2.24/usr/lib -L/opt/lede-sdk-layerscape-64b_gcc-5.4.0_glibc-2.24.Linux-i686/staging_dir/toolchain-aarch64_armv8-a_gcc-5.4.0_glibc-2.24/lib -znow -zrelro -lcrypt  CMakeFiles/cmTC_facdb.dir/feature_tests.c.o  -o cmTC_facdb -rdynamic 
make[5]: Leaving directory '/opt/lede-sdk-layerscape-64b_gcc-5.4.0_glibc-2.24.Linux-i686/build_dir/target-aarch64_armv8-a_glibc-2.24/rpcd-2017-12-07-cfe1e75c/CMakeFiles/CMakeTmp'
make[4]: Leaving directory '/opt/lede-sdk-layerscape-64b_gcc-5.4.0_glibc-2.24.Linux-i686/build_dir/target-aarch64_armv8-a_glibc-2.24/rpcd-2017-12-07-cfe1e75c/CMakeFiles/CMakeTmp'


    Feature record: C_FEATURE:1c_function_prototypes
    Feature record: C_FEATURE:0c_restrict
    Feature record: C_FEATURE:0c_static_assert
    Feature record: C_FEATURE:0c_variadic_macros
Determining if the function getspnam exists passed with the following output:
Change Dir: /opt/lede-sdk-layerscape-64b_gcc-5.4.0_glibc-2.24.Linux-i686/build_dir/target-aarch64_armv8-a_glibc-2.24/rpcd-2017-12-07-cfe1e75c/CMakeFiles/CMakeTmp

Run Build Command:"/usr/bin/make" "cmTC_52ac1/fast"
make[4]: Entering directory '/opt/lede-sdk-layerscape-64b_gcc-5.4.0_glibc-2.24.Linux-i686/build_dir/target-aarch64_armv8-a_glibc-2.24/rpcd-2017-12-07-cfe1e75c/CMakeFiles/CMakeTmp'
/usr/bin/make -f CMakeFiles/cmTC_52ac1.dir/build.make CMakeFiles/cmTC_52ac1.dir/build
make[5]: Entering directory '/opt/lede-sdk-layerscape-64b_gcc-5.4.0_glibc-2.24.Linux-i686/build_dir/target-aarch64_armv8-a_glibc-2.24/rpcd-2017-12-07-cfe1e75c/CMakeFiles/CMakeTmp'
Building C object CMakeFiles/cmTC_52ac1.dir/CheckFunctionExists.c.o
/opt/lede-sdk-layerscape-64b_gcc-5.4.0_glibc-2.24.Linux-i686/staging_dir/toolchain-aarch64_armv8-a_gcc-5.4.0_glibc-2.24/bin/aarch64-openwrt-linux-gnu-gcc    -Os -pipe -fno-caller-saves -fno-caller-saves -fno-plt -fhonour-copts -Wno-error=unused-but-set-variable -Wno-error=unused-result -iremap /opt/lede-sdk-layerscape-64b_gcc-5.4.0_glibc-2.24.Linux-i686/build_dir/target-aarch64_armv8-a_glibc-2.24/rpcd-2017-12-07-cfe1e75c:rpcd-2017-12-07-cfe1e75c -Wformat -Werror=format-security -D_FORTIFY_SOURCE=1 -Wl,-z,now -Wl,-z,relro -DCHECK_FUNCTION_EXISTS=getspnam   -o CMakeFiles/cmTC_52ac1.dir/CheckFunctionExists.c.o   -c /opt/lede-sdk-layerscape-64b_gcc-5.4.0_glibc-2.24.Linux-i686/staging_dir/host/share/cmake-3.7/Modules/CheckFunctionExists.c
Linking C executable cmTC_52ac1
/opt/lede-sdk-layerscape-64b_gcc-5.4.0_glibc-2.24.Linux-i686/staging_dir/host/bin/cmake -E cmake_link_script CMakeFiles/cmTC_52ac1.dir/link.txt --verbose=1
/opt/lede-sdk-layerscape-64b_gcc-5.4.0_glibc-2.24.Linux-i686/staging_dir/toolchain-aarch64_armv8-a_gcc-5.4.0_glibc-2.24/bin/aarch64-openwrt-linux-gnu-gcc  -Os -pipe -fno-caller-saves -fno-caller-saves -fno-plt -fhonour-copts -Wno-error=unused-but-set-variable -Wno-error=unused-result -iremap /opt/lede-sdk-layerscape-64b_gcc-5.4.0_glibc-2.24.Linux-i686/build_dir/target-aarch64_armv8-a_glibc-2.24/rpcd-2017-12-07-cfe1e75c:rpcd-2017-12-07-cfe1e75c -Wformat -Werror=format-security -D_FORTIFY_SOURCE=1 -Wl,-z,now -Wl,-z,relro -DCHECK_FUNCTION_EXISTS=getspnam  -L/opt/lede-sdk-layerscape-64b_gcc-5.4.0_glibc-2.24.Linux-i686/staging_dir/target-aarch64_armv8-a_glibc-2.24/usr/lib -L/opt/lede-sdk-layerscape-64b_gcc-5.4.0_glibc-2.24.Linux-i686/staging_dir/target-aarch64_armv8-a_glibc-2.24/lib -L/opt/lede-sdk-layerscape-64b_gcc-5.4.0_glibc-2.24.Linux-i686/staging_dir/toolchain-aarch64_armv8-a_gcc-5.4.0_glibc-2.24/usr/lib -L/opt/lede-sdk-layerscape-64b_gcc-5.4.0_glibc-2.24.Linux-i686/staging_dir/toolchain-aarch64_armv8-a_gcc-5.4.0_glibc-2.24/lib -znow -zrelro -lcrypt  CMakeFiles/cmTC_52ac1.dir/CheckFunctionExists.c.o  -o cmTC_52ac1 -rdynamic 
make[5]: Leaving directory '/opt/lede-sdk-layerscape-64b_gcc-5.4.0_glibc-2.24.Linux-i686/build_dir/target-aarch64_armv8-a_glibc-2.24/rpcd-2017-12-07-cfe1e75c/CMakeFiles/CMakeTmp'
make[4]: Leaving directory '/opt/lede-sdk-layerscape-64b_gcc-5.4.0_glibc-2.24.Linux-i686/build_dir/target-aarch64_armv8-a_glibc-2.24/rpcd-2017-12-07-cfe1e75c/CMakeFiles/CMakeTmp'


