This file contains any messages produced by compilers while
running configure, to aid debugging if configure makes a mistake.

It was created by libnftnl configure 1.0.9, which was
generated by GNU Autoconf 2.69.  Invocation command line was

  $ ./configure --target=aarch64-openwrt-linux --host=aarch64-openwrt-linux --build=i686-linux-gnu --program-prefix= --program-suffix= --prefix=/usr --exec-prefix=/usr --bindir=/usr/bin --sbindir=/usr/sbin --libexecdir=/usr/lib --sysconfdir=/etc --datadir=/usr/share --localstatedir=/var --mandir=/usr/man --infodir=/usr/info --enable-static --enable-shared --without-json-parsing

## --------- ##
## Platform. ##
## --------- ##

hostname = Luny-Ubuntu
uname -m = i686
uname -r = 4.4.0-31-generic
uname -s = Linux
uname -v = #50-Ubuntu SMP Wed Jul 13 00:06:14 UTC 2016

/usr/bin/uname -p = unknown
/bin/uname -X     = unknown

/bin/arch              = unknown
/usr/bin/arch -k       = unknown
/usr/convex/getsysinfo = unknown
/usr/bin/hostinfo      = unknown
/bin/machine           = unknown
/usr/bin/oslevel       = unknown
/bin/universe          = unknown

PATH: /opt/lede-sdk-layerscape-64b_gcc-5.4.0_glibc-2.24.Linux-i686/staging_dir/target-aarch64_armv8-a_glibc-2.24/host/bin
PATH: /opt/lede-sdk-layerscape-64b_gcc-5.4.0_glibc-2.24.Linux-i686/staging_dir/toolchain-aarch64_armv8-a_gcc-5.4.0_glibc-2.24/bin
PATH: /opt/lede-sdk-layerscape-64b_gcc-5.4.0_glibc-2.24.Linux-i686/staging_dir/toolchain-aarch64_armv8-a_gcc-5.4.0_glibc-2.24/bin
PATH: /opt/lede-sdk-layerscape-64b_gcc-5.4.0_glibc-2.24.Linux-i686/staging_dir/host/bin
PATH: /opt/lede-sdk-layerscape-64b_gcc-5.4.0_glibc-2.24.Linux-i686/staging_dir/toolchain-aarch64_armv8-a_gcc-5.4.0_glibc-2.24/bin
PATH: /opt/lede-sdk-layerscape-64b_gcc-5.4.0_glibc-2.24.Linux-i686/staging_dir/host/bin
PATH: /opt/lede-sdk-layerscape-64b_gcc-5.4.0_glibc-2.24.Linux-i686/staging_dir/host/bin
PATH: /usr/local/sbin
PATH: /usr/local/bin
PATH: /usr/sbin
PATH: /usr/bin
PATH: /sbin
PATH: /bin
PATH: /usr/games
PATH: /usr/local/games
PATH: /snap/bin


## ----------- ##
## Core tests. ##
## ----------- ##

configure:2045: loading site script /opt/lede-sdk-layerscape-64b_gcc-5.4.0_glibc-2.24.Linux-i686/include/site/aarch64
| #!/bin/sh
| . $TOPDIR/include/site/linux
| ac_cv_c_littleendian=${ac_cv_c_littleendian=yes}
| ac_cv_c_bigendian=${ac_cv_c_bigendian=no}
| 
| ac_cv_sizeof___int64=8
| ac_cv_sizeof_char=1
| ac_cv_sizeof_int=4
| ac_cv_sizeof_int16_t=2
| ac_cv_sizeof_int32_t=4
| ac_cv_sizeof_int64_t=8
| ac_cv_sizeof_long_int=8
| ac_cv_sizeof_long_long=8
| ac_cv_sizeof_long=8
| ac_cv_sizeof_off_t=8
| ac_cv_sizeof_short_int=2
| ac_cv_sizeof_short=2
| ac_cv_sizeof_size_t=8
| ac_cv_sizeof_ssize_t=8
| ac_cv_sizeof_u_int16_t=2
| ac_cv_sizeof_u_int32_t=4
| ac_cv_sizeof_u_int64_t=8
| ac_cv_sizeof_uint16_t=2
| ac_cv_sizeof_uint32_t=4
| ac_cv_sizeof_uint64_t=8
| ac_cv_sizeof_unsigned_int=4
| ac_cv_sizeof_unsigned_long=8
| ac_cv_sizeof_unsigned_long_long=8
| ac_cv_sizeof_unsigned_short=2
| ac_cv_sizeof_void_p=8
configure:2174: checking build system type
configure:2188: result: i686-pc-linux-gnu
configure:2208: checking host system type
configure:2221: result: aarch64-openwrt-linux-gnu
configure:2255: checking for aarch64-openwrt-linux-gcc
configure:2282: result: aarch64-openwrt-linux-gnu-gcc
configure:2551: checking for C compiler version
configure:2560: aarch64-openwrt-linux-gnu-gcc --version >&5
aarch64-openwrt-linux-gnu-gcc (LEDE GCC 5.4.0 r3560-79f57e422d) 5.4.0
Copyright (C) 2015 Free Software Foundation, Inc.
This is free software; see the source for copying conditions.  There is NO
warranty; not even for MERCHANTABILITY or FITNESS FOR A PARTICULAR PURPOSE.

configure:2571: $? = 0
configure:2560: aarch64-openwrt-linux-gnu-gcc -v >&5
Reading specs from /opt/lede-sdk-layerscape-64b_gcc-5.4.0_glibc-2.24.Linux-i686/staging_dir/toolchain-aarch64_armv8-a_gcc-5.4.0_glibc-2.24/bin/../lib/gcc/aarch64-openwrt-linux-gnu/5.4.0/specs
COLLECT_GCC=aarch64-openwrt-linux-gnu-gcc
COLLECT_LTO_WRAPPER=/opt/lede-sdk-layerscape-64b_gcc-5.4.0_glibc-2.24.Linux-i686/staging_dir/toolchain-aarch64_armv8-a_gcc-5.4.0_glibc-2.24/bin/../libexec/gcc/aarch64-openwrt-linux-gnu/5.4.0/lto-wrapper
Target: aarch64-openwrt-linux-gnu
Configured with: /home/work/lede/source-17.01.4-LS1012A/build_dir/toolchain-aarch64_armv8-a_gcc-5.4.0_glibc-2.24/gcc-5.4.0/configure --with-bugurl=http://www.lede-project.org/bugs/ --with-pkgversion='LEDE GCC 5.4.0 r3560-79f57e422d' --prefix=/home/work/lede/source-17.01.4-LS1012A/staging_dir/toolchain-aarch64_armv8-a_gcc-5.4.0_glibc-2.24 --build=i686-linux-gnu --host=i686-linux-gnu --target=aarch64-openwrt-linux-gnu --with-gnu-ld --enable-target-optspace --disable-libgomp --disable-libmudflap --disable-multilib --disable-libmpx --disable-nls --without-isl --without-cloog --with-host-libstdcxx=-lstdc++ --with-gmp=/home/work/lede/source-17.01.4-LS1012A/staging_dir/host --with-mpfr=/home/work/lede/source-17.01.4-LS1012A/staging_dir/host --with-mpc=/home/work/lede/source-17.01.4-LS1012A/staging_dir/host --disable-decimal-float --with-diagnostics-color=auto-if-env --enable-libssp --enable-__cxa_atexit --with-headers=/home/work/lede/source-17.01.4-LS1012A/staging_dir/toolchain-aarch64_armv8-a_gcc-5.4.0_glibc-2.24/include --disable-libsanitizer --enable-languages=c,c++ --enable-shared --enable-threads --with-slibdir=/home/work/lede/source-17.01.4-LS1012A/staging_dir/toolchain-aarch64_armv8-a_gcc-5.4.0_glibc-2.24/lib --enable-lto --with-libelf=/home/work/lede/source-17.01.4-LS1012A/staging_dir/host
Thread model: posix
gcc version 5.4.0 (LEDE GCC 5.4.0 r3560-79f57e422d) 
configure:2571: $? = 0
configure:2560: aarch64-openwrt-linux-gnu-gcc -V >&5
aarch64-openwrt-linux-gnu-gcc: error: unrecognized command line option '-V'
aarch64-openwrt-linux-gnu-gcc: fatal error: no input files
compilation terminated.
configure:2571: $? = 1
configure:2560: aarch64-openwrt-linux-gnu-gcc -qversion >&5
aarch64-openwrt-linux-gnu-gcc: error: unrecognized command line option '-qversion'
aarch64-openwrt-linux-gnu-gcc: fatal error: no input files
compilation terminated.
configure:2571: $? = 1
configure:2591: checking whether the C compiler works
configure:2613: aarch64-openwrt-linux-gnu-gcc -Os -pipe -fno-caller-saves -fno-caller-saves -fno-plt -fhonour-copts -Wno-error=unused-but-set-variable -Wno-error=unused-result -iremap /opt/lede-sdk-layerscape-64b_gcc-5.4.0_glibc-2.24.Linux-i686/build_dir/target-aarch64_armv8-a_glibc-2.24/libnftnl-1.0.9:libnftnl-1.0.9 -Wformat -Werror=format-security -D_FORTIFY_SOURCE=1 -Wl,-z,now -Wl,-z,relro -fpic  -I/opt/lede-sdk-layerscape-64b_gcc-5.4.0_glibc-2.24.Linux-i686/staging_dir/target-aarch64_armv8-a_glibc-2.24/usr/include -I/opt/lede-sdk-layerscape-64b_gcc-5.4.0_glibc-2.24.Linux-i686/staging_dir/target-aarch64_armv8-a_glibc-2.24/include -I/opt/lede-sdk-layerscape-64b_gcc-5.4.0_glibc-2.24.Linux-i686/staging_dir/toolchain-aarch64_armv8-a_gcc-5.4.0_glibc-2.24/usr/include -I/opt/lede-sdk-layerscape-64b_gcc-5.4.0_glibc-2.24.Linux-i686/staging_dir/toolchain-aarch64_armv8-a_gcc-5.4.0_glibc-2.24/include  -L/opt/lede-sdk-layerscape-64b_gcc-5.4.0_glibc-2.24.Linux-i686/staging_dir/target-aarch64_armv8-a_glibc-2.24/usr/lib -L/opt/lede-sdk-layerscape-64b_gcc-5.4.0_glibc-2.24.Linux-i686/staging_dir/target-aarch64_armv8-a_glibc-2.24/lib -L/opt/lede-sdk-layerscape-64b_gcc-5.4.0_glibc-2.24.Linux-i686/staging_dir/toolchain-aarch64_armv8-a_gcc-5.4.0_glibc-2.24/usr/lib -L/opt/lede-sdk-layerscape-64b_gcc-5.4.0_glibc-2.24.Linux-i686/staging_dir/toolchain-aarch64_armv8-a_gcc-5.4.0_glibc-2.24/lib -znow -zrelro  conftest.c  >&5
configure:2617: $? = 0
configure:2665: result: yes
configure:2668: checking for C compiler default output file name
configure:2670: result: a.out
configure:2676: checking for suffix of executables
configure:2683: aarch64-openwrt-linux-gnu-gcc -o conftest -Os -pipe -fno-caller-saves -fno-caller-saves -fno-plt -fhonour-copts -Wno-error=unused-but-set-variable -Wno-error=unused-result -iremap /opt/lede-sdk-layerscape-64b_gcc-5.4.0_glibc-2.24.Linux-i686/build_dir/target-aarch64_armv8-a_glibc-2.24/libnftnl-1.0.9:libnftnl-1.0.9 -Wformat -Werror=format-security -D_FORTIFY_SOURCE=1 -Wl,-z,now -Wl,-z,relro -fpic  -I/opt/lede-sdk-layerscape-64b_gcc-5.4.0_glibc-2.24.Linux-i686/staging_dir/target-aarch64_armv8-a_glibc-2.24/usr/include -I/opt/lede-sdk-layerscape-64b_gcc-5.4.0_glibc-2.24.Linux-i686/staging_dir/target-aarch64_armv8-a_glibc-2.24/include -I/opt/lede-sdk-layerscape-64b_gcc-5.4.0_glibc-2.24.Linux-i686/staging_dir/toolchain-aarch64_armv8-a_gcc-5.4.0_glibc-2.24/usr/include -I/opt/lede-sdk-layerscape-64b_gcc-5.4.0_glibc-2.24.Linux-i686/staging_dir/toolchain-aarch64_armv8-a_gcc-5.4.0_glibc-2.24/include  -L/opt/lede-sdk-layerscape-64b_gcc-5.4.0_glibc-2.24.Linux-i686/staging_dir/target-aarch64_armv8-a_glibc-2.24/usr/lib -L/opt/lede-sdk-layerscape-64b_gcc-5.4.0_glibc-2.24.Linux-i686/staging_dir/target-aarch64_armv8-a_glibc-2.24/lib -L/opt/lede-sdk-layerscape-64b_gcc-5.4.0_glibc-2.24.Linux-i686/staging_dir/toolchain-aarch64_armv8-a_gcc-5.4.0_glibc-2.24/usr/lib -L/opt/lede-sdk-layerscape-64b_gcc-5.4.0_glibc-2.24.Linux-i686/staging_dir/toolchain-aarch64_armv8-a_gcc-5.4.0_glibc-2.24/lib -znow -zrelro  conftest.c  >&5
configure:2687: $? = 0
configure:2709: result: 
configure:2731: checking whether we are cross compiling
configure:2769: result: yes
configure:2774: checking for suffix of object files
configure:2796: aarch64-openwrt-linux-gnu-gcc -c -Os -pipe -fno-caller-saves -fno-caller-saves -fno-plt -fhonour-copts -Wno-error=unused-but-set-variable -Wno-error=unused-result -iremap /opt/lede-sdk-layerscape-64b_gcc-5.4.0_glibc-2.24.Linux-i686/build_dir/target-aarch64_armv8-a_glibc-2.24/libnftnl-1.0.9:libnftnl-1.0.9 -Wformat -Werror=format-security -D_FORTIFY_SOURCE=1 -Wl,-z,now -Wl,-z,relro -fpic  -I/opt/lede-sdk-layerscape-64b_gcc-5.4.0_glibc-2.24.Linux-i686/staging_dir/target-aarch64_armv8-a_glibc-2.24/usr/include -I/opt/lede-sdk-layerscape-64b_gcc-5.4.0_glibc-2.24.Linux-i686/staging_dir/target-aarch64_armv8-a_glibc-2.24/include -I/opt/lede-sdk-layerscape-64b_gcc-5.4.0_glibc-2.24.Linux-i686/staging_dir/toolchain-aarch64_armv8-a_gcc-5.4.0_glibc-2.24/usr/include -I/opt/lede-sdk-layerscape-64b_gcc-5.4.0_glibc-2.24.Linux-i686/staging_dir/toolchain-aarch64_armv8-a_gcc-5.4.0_glibc-2.24/include  conftest.c >&5
configure:2800: $? = 0
configure:2821: result: o
configure:2825: checking whether we are using the GNU C compiler
configure:2844: aarch64-openwrt-linux-gnu-gcc -c -Os -pipe -fno-caller-saves -fno-caller-saves -fno-plt -fhonour-copts -Wno-error=unused-but-set-variable -Wno-error=unused-result -iremap /opt/lede-sdk-layerscape-64b_gcc-5.4.0_glibc-2.24.Linux-i686/build_dir/target-aarch64_armv8-a_glibc-2.24/libnftnl-1.0.9:libnftnl-1.0.9 -Wformat -Werror=format-security -D_FORTIFY_SOURCE=1 -Wl,-z,now -Wl,-z,relro -fpic  -I/opt/lede-sdk-layerscape-64b_gcc-5.4.0_glibc-2.24.Linux-i686/staging_dir/target-aarch64_armv8-a_glibc-2.24/usr/include -I/opt/lede-sdk-layerscape-64b_gcc-5.4.0_glibc-2.24.Linux-i686/staging_dir/target-aarch64_armv8-a_glibc-2.24/include -I/opt/lede-sdk-layerscape-64b_gcc-5.4.0_glibc-2.24.Linux-i686/staging_dir/toolchain-aarch64_armv8-a_gcc-5.4.0_glibc-2.24/usr/include -I/opt/lede-sdk-layerscape-64b_gcc-5.4.0_glibc-2.24.Linux-i686/staging_dir/toolchain-aarch64_armv8-a_gcc-5.4.0_glibc-2.24/include  conftest.c >&5
configure:2844: $? = 0
configure:2853: result: yes
configure:2862: checking whether aarch64-openwrt-linux-gnu-gcc accepts -g
configure:2882: aarch64-openwrt-linux-gnu-gcc -c -g -I/opt/lede-sdk-layerscape-64b_gcc-5.4.0_glibc-2.24.Linux-i686/staging_dir/target-aarch64_armv8-a_glibc-2.24/usr/include -I/opt/lede-sdk-layerscape-64b_gcc-5.4.0_glibc-2.24.Linux-i686/staging_dir/target-aarch64_armv8-a_glibc-2.24/include -I/opt/lede-sdk-layerscape-64b_gcc-5.4.0_glibc-2.24.Linux-i686/staging_dir/toolchain-aarch64_armv8-a_gcc-5.4.0_glibc-2.24/usr/include -I/opt/lede-sdk-layerscape-64b_gcc-5.4.0_glibc-2.24.Linux-i686/staging_dir/toolchain-aarch64_armv8-a_gcc-5.4.0_glibc-2.24/include  conftest.c >&5
cc1: note: someone does not honour COPTS correctly, passed 0 times
configure:2882: $? = 0
configure: failed program was:
| /* confdefs.h */
| #define PACKAGE_NAME "libnftnl"
| #define PACKAGE_TARNAME "libnftnl"
| #define PACKAGE_VERSION "1.0.9"
| #define PACKAGE_STRING "libnftnl 1.0.9"
| #define PACKAGE_BUGREPORT ""
| #define PACKAGE_URL ""
| /* end confdefs.h.  */
| 
| int
| main ()
| {
| 
|   ;
|   return 0;
| }
configure:2897: aarch64-openwrt-linux-gnu-gcc -c  -I/opt/lede-sdk-layerscape-64b_gcc-5.4.0_glibc-2.24.Linux-i686/staging_dir/target-aarch64_armv8-a_glibc-2.24/usr/include -I/opt/lede-sdk-layerscape-64b_gcc-5.4.0_glibc-2.24.Linux-i686/staging_dir/target-aarch64_armv8-a_glibc-2.24/include -I/opt/lede-sdk-layerscape-64b_gcc-5.4.0_glibc-2.24.Linux-i686/staging_dir/toolchain-aarch64_armv8-a_gcc-5.4.0_glibc-2.24/usr/include -I/opt/lede-sdk-layerscape-64b_gcc-5.4.0_glibc-2.24.Linux-i686/staging_dir/toolchain-aarch64_armv8-a_gcc-5.4.0_glibc-2.24/include  conftest.c >&5
cc1: note: someone does not honour COPTS correctly, passed 0 times
configure:2897: $? = 0
configure: failed program was:
| /* confdefs.h */
| #define PACKAGE_NAME "libnftnl"
| #define PACKAGE_TARNAME "libnftnl"
| #define PACKAGE_VERSION "1.0.9"
| #define PACKAGE_STRING "libnftnl 1.0.9"
| #define PACKAGE_BUGREPORT ""
| #define PACKAGE_URL ""
| /* end confdefs.h.  */
| 
| int
| main ()
| {
| 
|   ;
|   return 0;
| }
configure:2913: aarch64-openwrt-linux-gnu-gcc -c -g -I/opt/lede-sdk-layerscape-64b_gcc-5.4.0_glibc-2.24.Linux-i686/staging_dir/target-aarch64_armv8-a_glibc-2.24/usr/include -I/opt/lede-sdk-layerscape-64b_gcc-5.4.0_glibc-2.24.Linux-i686/staging_dir/target-aarch64_armv8-a_glibc-2.24/include -I/opt/lede-sdk-layerscape-64b_gcc-5.4.0_glibc-2.24.Linux-i686/staging_dir/toolchain-aarch64_armv8-a_gcc-5.4.0_glibc-2.24/usr/include -I/opt/lede-sdk-layerscape-64b_gcc-5.4.0_glibc-2.24.Linux-i686/staging_dir/toolchain-aarch64_armv8-a_gcc-5.4.0_glibc-2.24/include  conftest.c >&5
cc1: note: someone does not honour COPTS correctly, passed 0 times
configure:2913: $? = 0
configure:2923: result: yes
configure:2940: checking for aarch64-openwrt-linux-gnu-gcc option to accept ISO C89
configure:3003: aarch64-openwrt-linux-gnu-gcc  -c -Os -pipe -fno-caller-saves -fno-caller-saves -fno-plt -fhonour-copts -Wno-error=unused-but-set-variable -Wno-error=unused-result -iremap /opt/lede-sdk-layerscape-64b_gcc-5.4.0_glibc-2.24.Linux-i686/build_dir/target-aarch64_armv8-a_glibc-2.24/libnftnl-1.0.9:libnftnl-1.0.9 -Wformat -Werror=format-security -D_FORTIFY_SOURCE=1 -Wl,-z,now -Wl,-z,relro -fpic  -I/opt/lede-sdk-layerscape-64b_gcc-5.4.0_glibc-2.24.Linux-i686/staging_dir/target-aarch64_armv8-a_glibc-2.24/usr/include -I/opt/lede-sdk-layerscape-64b_gcc-5.4.0_glibc-2.24.Linux-i686/staging_dir/target-aarch64_armv8-a_glibc-2.24/include -I/opt/lede-sdk-layerscape-64b_gcc-5.4.0_glibc-2.24.Linux-i686/staging_dir/toolchain-aarch64_armv8-a_gcc-5.4.0_glibc-2.24/usr/include -I/opt/lede-sdk-layerscape-64b_gcc-5.4.0_glibc-2.24.Linux-i686/staging_dir/toolchain-aarch64_armv8-a_gcc-5.4.0_glibc-2.24/include  conftest.c >&5
configure:3003: $? = 0
configure:3016: result: none needed
configure:3041: checking whether aarch64-openwrt-linux-gnu-gcc understands -c and -o together
configure:3063: aarch64-openwrt-linux-gnu-gcc -c conftest.c -o conftest2.o
cc1: note: someone does not honour COPTS correctly, passed 0 times
configure:3066: $? = 0
configure:3063: aarch64-openwrt-linux-gnu-gcc -c conftest.c -o conftest2.o
cc1: note: someone does not honour COPTS correctly, passed 0 times
configure:3066: $? = 0
configure:3078: result: yes
configure:3101: checking for aarch64-openwrt-linux-ar
configure:3128: result: aarch64-openwrt-linux-gnu-gcc-ar
configure:3198: checking the archiver (aarch64-openwrt-linux-gnu-gcc-ar) interface
configure:3214: aarch64-openwrt-linux-gnu-gcc -c -Os -pipe -fno-caller-saves -fno-caller-saves -fno-plt -fhonour-copts -Wno-error=unused-but-set-variable -Wno-error=unused-result -iremap /opt/lede-sdk-layerscape-64b_gcc-5.4.0_glibc-2.24.Linux-i686/build_dir/target-aarch64_armv8-a_glibc-2.24/libnftnl-1.0.9:libnftnl-1.0.9 -Wformat -Werror=format-security -D_FORTIFY_SOURCE=1 -Wl,-z,now -Wl,-z,relro -fpic  -I/opt/lede-sdk-layerscape-64b_gcc-5.4.0_glibc-2.24.Linux-i686/staging_dir/target-aarch64_armv8-a_glibc-2.24/usr/include -I/opt/lede-sdk-layerscape-64b_gcc-5.4.0_glibc-2.24.Linux-i686/staging_dir/target-aarch64_armv8-a_glibc-2.24/include -I/opt/lede-sdk-layerscape-64b_gcc-5.4.0_glibc-2.24.Linux-i686/staging_dir/toolchain-aarch64_armv8-a_gcc-5.4.0_glibc-2.24/usr/include -I/opt/lede-sdk-layerscape-64b_gcc-5.4.0_glibc-2.24.Linux-i686/staging_dir/toolchain-aarch64_armv8-a_gcc-5.4.0_glibc-2.24/include  conftest.c >&5
configure:3214: $? = 0
configure:3216: aarch64-openwrt-linux-gnu-gcc-ar cru libconftest.a conftest.o >&5
/opt/lede-sdk-layerscape-64b_gcc-5.4.0_glibc-2.24.Linux-i686/staging_dir/toolchain-aarch64_armv8-a_gcc-5.4.0_glibc-2.24/bin/../lib/gcc/aarch64-openwrt-linux-gnu/5.4.0/../../../../aarch64-openwrt-linux-gnu/bin/ar: `u' modifier ignored since `D' is the default (see `U')
configure:3219: $? = 0
configure:3247: result: ar
configure:3284: checking for a BSD-compatible install
configure:3352: result: /usr/bin/install -c
configure:3363: checking whether build environment is sane
configure:3418: result: yes
configure:3474: checking for aarch64-openwrt-linux-strip
configure:3501: result: aarch64-openwrt-linux-gnu-strip
configure:3566: checking for a thread-safe mkdir -p
configure:3605: result: /bin/mkdir -p
configure:3612: checking for gawk
configure:3628: found /usr/bin/gawk
configure:3639: result: gawk
configure:3650: checking whether make sets $(MAKE)
configure:3672: result: yes
configure:3702: checking for style of include used by make
configure:3730: result: GNU
configure:3764: checking whether make supports nested variables
configure:3781: result: yes
configure:3861: checking how to create a pax tar archive
configure:3872: tar --version
tar (GNU tar) 1.29
Copyright (C) 2015 Free Software Foundation, Inc.
License GPLv3+: GNU GPL version 3 or later <http://gnu.org/licenses/gpl.html>.
This is free software: you are free to change and redistribute it.
There is NO WARRANTY, to the extent permitted by law.

Written by John Gilmore and Jay Fenlason.
configure:3875: $? = 0
configure:3915: tardir=conftest.dir && eval tar --format=posix -chf - "$tardir" >conftest.tar
configure:3918: $? = 0
configure:3922: tar -xf - <conftest.tar
configure:3925: $? = 0
configure:3927: cat conftest.dir/file
GrepMe
configure:3930: $? = 0
configure:3943: result: gnutar
configure:3952: checking dependency style of aarch64-openwrt-linux-gnu-gcc
configure:4063: result: gcc3
configure:4133: checking whether make supports nested variables
configure:4150: result: yes
configure:4272: checking pkg-config is at least version 0.9.0
configure:4275: result: yes
configure:4285: checking for LIBMNL
configure:4292: $PKG_CONFIG --exists --print-errors "libmnl >= 1.0.0"
configure:4295: $? = 0
configure:4309: $PKG_CONFIG --exists --print-errors "libmnl >= 1.0.0"
configure:4312: $? = 0
configure:4370: result: yes
configure:4485: checking for aarch64-openwrt-linux-gcc
configure:4512: result: aarch64-openwrt-linux-gnu-gcc
configure:4781: checking for C compiler version
configure:4790: aarch64-openwrt-linux-gnu-gcc --version >&5
aarch64-openwrt-linux-gnu-gcc (LEDE GCC 5.4.0 r3560-79f57e422d) 5.4.0
Copyright (C) 2015 Free Software Foundation, Inc.
This is free software; see the source for copying conditions.  There is NO
warranty; not even for MERCHANTABILITY or FITNESS FOR A PARTICULAR PURPOSE.

configure:4801: $? = 0
configure:4790: aarch64-openwrt-linux-gnu-gcc -v >&5
Reading specs from /opt/lede-sdk-layerscape-64b_gcc-5.4.0_glibc-2.24.Linux-i686/staging_dir/toolchain-aarch64_armv8-a_gcc-5.4.0_glibc-2.24/bin/../lib/gcc/aarch64-openwrt-linux-gnu/5.4.0/specs
COLLECT_GCC=aarch64-openwrt-linux-gnu-gcc
COLLECT_LTO_WRAPPER=/opt/lede-sdk-layerscape-64b_gcc-5.4.0_glibc-2.24.Linux-i686/staging_dir/toolchain-aarch64_armv8-a_gcc-5.4.0_glibc-2.24/bin/../libexec/gcc/aarch64-openwrt-linux-gnu/5.4.0/lto-wrapper
Target: aarch64-openwrt-linux-gnu
Configured with: /home/work/lede/source-17.01.4-LS1012A/build_dir/toolchain-aarch64_armv8-a_gcc-5.4.0_glibc-2.24/gcc-5.4.0/configure --with-bugurl=http://www.lede-project.org/bugs/ --with-pkgversion='LEDE GCC 5.4.0 r3560-79f57e422d' --prefix=/home/work/lede/source-17.01.4-LS1012A/staging_dir/toolchain-aarch64_armv8-a_gcc-5.4.0_glibc-2.24 --build=i686-linux-gnu --host=i686-linux-gnu --target=aarch64-openwrt-linux-gnu --with-gnu-ld --enable-target-optspace --disable-libgomp --disable-libmudflap --disable-multilib --disable-libmpx --disable-nls --without-isl --without-cloog --with-host-libstdcxx=-lstdc++ --with-gmp=/home/work/lede/source-17.01.4-LS1012A/staging_dir/host --with-mpfr=/home/work/lede/source-17.01.4-LS1012A/staging_dir/host --with-mpc=/home/work/lede/source-17.01.4-LS1012A/staging_dir/host --disable-decimal-float --with-diagnostics-color=auto-if-env --enable-libssp --enable-__cxa_atexit --with-headers=/home/work/lede/source-17.01.4-LS1012A/staging_dir/toolchain-aarch64_armv8-a_gcc-5.4.0_glibc-2.24/include --disable-libsanitizer --enable-languages=c,c++ --enable-shared --enable-threads --with-slibdir=/home/work/lede/source-17.01.4-LS1012A/staging_dir/toolchain-aarch64_armv8-a_gcc-5.4.0_glibc-2.24/lib --enable-lto --with-libelf=/home/work/lede/source-17.01.4-LS1012A/staging_dir/host
Thread model: posix
gcc version 5.4.0 (LEDE GCC 5.4.0 r3560-79f57e422d) 
configure:4801: $? = 0
configure:4790: aarch64-openwrt-linux-gnu-gcc -V >&5
aarch64-openwrt-linux-gnu-gcc: error: unrecognized command line option '-V'
aarch64-openwrt-linux-gnu-gcc: fatal error: no input files
compilation terminated.
configure:4801: $? = 1
configure:4790: aarch64-openwrt-linux-gnu-gcc -qversion >&5
aarch64-openwrt-linux-gnu-gcc: error: unrecognized command line option '-qversion'
aarch64-openwrt-linux-gnu-gcc: fatal error: no input files
compilation terminated.
configure:4801: $? = 1
configure:4805: checking whether we are using the GNU C compiler
configure:4833: result: yes
configure:4842: checking whether aarch64-openwrt-linux-gnu-gcc accepts -g
configure:4903: result: yes
configure:4920: checking for aarch64-openwrt-linux-gnu-gcc option to accept ISO C89
configure:4996: result: none needed
configure:5021: checking whether aarch64-openwrt-linux-gnu-gcc understands -c and -o together
configure:5058: result: yes
configure:5154: checking how to print strings
configure:5181: result: printf
configure:5202: checking for a sed that does not truncate output
configure:5266: result: /opt/lede-sdk-layerscape-64b_gcc-5.4.0_glibc-2.24.Linux-i686/staging_dir/host/bin/sed
configure:5283: checking for grep that handles long lines and -e
configure:5341: result: /opt/lede-sdk-layerscape-64b_gcc-5.4.0_glibc-2.24.Linux-i686/staging_dir/host/bin/grep
configure:5346: checking for egrep
configure:5408: result: /opt/lede-sdk-layerscape-64b_gcc-5.4.0_glibc-2.24.Linux-i686/staging_dir/host/bin/grep -E
configure:5413: checking for fgrep
configure:5475: result: /opt/lede-sdk-layerscape-64b_gcc-5.4.0_glibc-2.24.Linux-i686/staging_dir/host/bin/grep -F
configure:5510: checking for ld used by aarch64-openwrt-linux-gnu-gcc
configure:5577: result: aarch64-openwrt-linux-gnu-ld
configure:5584: checking if the linker (aarch64-openwrt-linux-gnu-ld) is GNU ld
configure:5599: result: yes
configure:5611: checking for BSD- or MS-compatible name lister (nm)
configure:5660: result: aarch64-openwrt-linux-gnu-gcc-nm
configure:5790: checking the name lister (aarch64-openwrt-linux-gnu-gcc-nm) interface
configure:5797: aarch64-openwrt-linux-gnu-gcc -c -Os -pipe -fno-caller-saves -fno-caller-saves -fno-plt -fhonour-copts -Wno-error=unused-but-set-variable -Wno-error=unused-result -iremap /opt/lede-sdk-layerscape-64b_gcc-5.4.0_glibc-2.24.Linux-i686/build_dir/target-aarch64_armv8-a_glibc-2.24/libnftnl-1.0.9:libnftnl-1.0.9 -Wformat -Werror=format-security -D_FORTIFY_SOURCE=1 -Wl,-z,now -Wl,-z,relro -fpic  -I/opt/lede-sdk-layerscape-64b_gcc-5.4.0_glibc-2.24.Linux-i686/staging_dir/target-aarch64_armv8-a_glibc-2.24/usr/include -I/opt/lede-sdk-layerscape-64b_gcc-5.4.0_glibc-2.24.Linux-i686/staging_dir/target-aarch64_armv8-a_glibc-2.24/include -I/opt/lede-sdk-layerscape-64b_gcc-5.4.0_glibc-2.24.Linux-i686/staging_dir/toolchain-aarch64_armv8-a_gcc-5.4.0_glibc-2.24/usr/include -I/opt/lede-sdk-layerscape-64b_gcc-5.4.0_glibc-2.24.Linux-i686/staging_dir/toolchain-aarch64_armv8-a_gcc-5.4.0_glibc-2.24/include  conftest.c >&5
configure:5800: aarch64-openwrt-linux-gnu-gcc-nm "conftest.o"
configure:5803: output
0000000000000000 B some_variable
configure:5810: result: BSD nm
configure:5813: checking whether ln -s works
configure:5817: result: yes
configure:5825: checking the maximum length of command line arguments
configure:5950: result: 512
configure:5967: checking whether the shell understands some XSI constructs
configure:5977: result: yes
configure:5981: checking whether the shell understands "+="
configure:5987: result: yes
configure:6022: checking how to convert i686-pc-linux-gnu file names to aarch64-openwrt-linux-gnu format
configure:6062: result: func_convert_file_noop
configure:6069: checking how to convert i686-pc-linux-gnu file names to toolchain format
configure:6089: result: func_convert_file_noop
configure:6096: checking for aarch64-openwrt-linux-gnu-ld option to reload object files
configure:6103: result: -r
configure:6137: checking for aarch64-openwrt-linux-objdump
configure:6164: result: aarch64-openwrt-linux-gnu-objdump
configure:6236: checking how to recognize dependent libraries
configure:6438: result: pass_all
configure:6483: checking for aarch64-openwrt-linux-dlltool
configure:6513: result: no
configure:6523: checking for dlltool
configure:6553: result: no
configure:6583: checking how to associate runtime and link libraries
configure:6610: result: printf %s\n
configure:6626: checking for aarch64-openwrt-linux-ar
configure:6653: result: aarch64-openwrt-linux-gnu-gcc-ar
configure:6734: checking for archiver @FILE support
configure:6751: aarch64-openwrt-linux-gnu-gcc -c -Os -pipe -fno-caller-saves -fno-caller-saves -fno-plt -fhonour-copts -Wno-error=unused-but-set-variable -Wno-error=unused-result -iremap /opt/lede-sdk-layerscape-64b_gcc-5.4.0_glibc-2.24.Linux-i686/build_dir/target-aarch64_armv8-a_glibc-2.24/libnftnl-1.0.9:libnftnl-1.0.9 -Wformat -Werror=format-security -D_FORTIFY_SOURCE=1 -Wl,-z,now -Wl,-z,relro -fpic  -I/opt/lede-sdk-layerscape-64b_gcc-5.4.0_glibc-2.24.Linux-i686/staging_dir/target-aarch64_armv8-a_glibc-2.24/usr/include -I/opt/lede-sdk-layerscape-64b_gcc-5.4.0_glibc-2.24.Linux-i686/staging_dir/target-aarch64_armv8-a_glibc-2.24/include -I/opt/lede-sdk-layerscape-64b_gcc-5.4.0_glibc-2.24.Linux-i686/staging_dir/toolchain-aarch64_armv8-a_gcc-5.4.0_glibc-2.24/usr/include -I/opt/lede-sdk-layerscape-64b_gcc-5.4.0_glibc-2.24.Linux-i686/staging_dir/toolchain-aarch64_armv8-a_gcc-5.4.0_glibc-2.24/include  conftest.c >&5
configure:6751: $? = 0
configure:6754: aarch64-openwrt-linux-gnu-gcc-ar cru libconftest.a @conftest.lst >&5
/opt/lede-sdk-layerscape-64b_gcc-5.4.0_glibc-2.24.Linux-i686/staging_dir/toolchain-aarch64_armv8-a_gcc-5.4.0_glibc-2.24/bin/../lib/gcc/aarch64-openwrt-linux-gnu/5.4.0/../../../../aarch64-openwrt-linux-gnu/bin/ar: `u' modifier ignored since `D' is the default (see `U')
configure:6757: $? = 0
configure:6762: aarch64-openwrt-linux-gnu-gcc-ar cru libconftest.a @conftest.lst >&5
/opt/lede-sdk-layerscape-64b_gcc-5.4.0_glibc-2.24.Linux-i686/staging_dir/toolchain-aarch64_armv8-a_gcc-5.4.0_glibc-2.24/bin/../lib/gcc/aarch64-openwrt-linux-gnu/5.4.0/../../../../aarch64-openwrt-linux-gnu/bin/ar: `u' modifier ignored since `D' is the default (see `U')
/opt/lede-sdk-layerscape-64b_gcc-5.4.0_glibc-2.24.Linux-i686/staging_dir/toolchain-aarch64_armv8-a_gcc-5.4.0_glibc-2.24/bin/../lib/gcc/aarch64-openwrt-linux-gnu/5.4.0/../../../../aarch64-openwrt-linux-gnu/bin/ar: conftest.o: No such file or directory
configure:6765: $? = 1
configure:6777: result: @
configure:6795: checking for aarch64-openwrt-linux-strip
configure:6822: result: aarch64-openwrt-linux-gnu-strip
configure:6894: checking for aarch64-openwrt-linux-ranlib
configure:6921: result: aarch64-openwrt-linux-gnu-gcc-ranlib
configure:7062: checking command to parse aarch64-openwrt-linux-gnu-gcc-nm output from aarch64-openwrt-linux-gnu-gcc object
configure:7181: aarch64-openwrt-linux-gnu-gcc -c -Os -pipe -fno-caller-saves -fno-caller-saves -fno-plt -fhonour-copts -Wno-error=unused-but-set-variable -Wno-error=unused-result -iremap /opt/lede-sdk-layerscape-64b_gcc-5.4.0_glibc-2.24.Linux-i686/build_dir/target-aarch64_armv8-a_glibc-2.24/libnftnl-1.0.9:libnftnl-1.0.9 -Wformat -Werror=format-security -D_FORTIFY_SOURCE=1 -Wl,-z,now -Wl,-z,relro -fpic  -I/opt/lede-sdk-layerscape-64b_gcc-5.4.0_glibc-2.24.Linux-i686/staging_dir/target-aarch64_armv8-a_glibc-2.24/usr/include -I/opt/lede-sdk-layerscape-64b_gcc-5.4.0_glibc-2.24.Linux-i686/staging_dir/target-aarch64_armv8-a_glibc-2.24/include -I/opt/lede-sdk-layerscape-64b_gcc-5.4.0_glibc-2.24.Linux-i686/staging_dir/toolchain-aarch64_armv8-a_gcc-5.4.0_glibc-2.24/usr/include -I/opt/lede-sdk-layerscape-64b_gcc-5.4.0_glibc-2.24.Linux-i686/staging_dir/toolchain-aarch64_armv8-a_gcc-5.4.0_glibc-2.24/include  conftest.c >&5
configure:7184: $? = 0
configure:7188: aarch64-openwrt-linux-gnu-gcc-nm conftest.o \| sed -n -e 's/^.*[ ]\([ABCDGIRSTW][ABCDGIRSTW]*\)[ ][ ]*\([_A-Za-z][_A-Za-z0-9]*\)$/\1 \2 \2/p' | sed '/ __gnu_lto/d' \> conftest.nm
configure:7191: $? = 0
configure:7257: aarch64-openwrt-linux-gnu-gcc -o conftest -Os -pipe -fno-caller-saves -fno-caller-saves -fno-plt -fhonour-copts -Wno-error=unused-but-set-variable -Wno-error=unused-result -iremap /opt/lede-sdk-layerscape-64b_gcc-5.4.0_glibc-2.24.Linux-i686/build_dir/target-aarch64_armv8-a_glibc-2.24/libnftnl-1.0.9:libnftnl-1.0.9 -Wformat -Werror=format-security -D_FORTIFY_SOURCE=1 -Wl,-z,now -Wl,-z,relro -fpic  -I/opt/lede-sdk-layerscape-64b_gcc-5.4.0_glibc-2.24.Linux-i686/staging_dir/target-aarch64_armv8-a_glibc-2.24/usr/include -I/opt/lede-sdk-layerscape-64b_gcc-5.4.0_glibc-2.24.Linux-i686/staging_dir/target-aarch64_armv8-a_glibc-2.24/include -I/opt/lede-sdk-layerscape-64b_gcc-5.4.0_glibc-2.24.Linux-i686/staging_dir/toolchain-aarch64_armv8-a_gcc-5.4.0_glibc-2.24/usr/include -I/opt/lede-sdk-layerscape-64b_gcc-5.4.0_glibc-2.24.Linux-i686/staging_dir/toolchain-aarch64_armv8-a_gcc-5.4.0_glibc-2.24/include  -L/opt/lede-sdk-layerscape-64b_gcc-5.4.0_glibc-2.24.Linux-i686/staging_dir/target-aarch64_armv8-a_glibc-2.24/usr/lib -L/opt/lede-sdk-layerscape-64b_gcc-5.4.0_glibc-2.24.Linux-i686/staging_dir/target-aarch64_armv8-a_glibc-2.24/lib -L/opt/lede-sdk-layerscape-64b_gcc-5.4.0_glibc-2.24.Linux-i686/staging_dir/toolchain-aarch64_armv8-a_gcc-5.4.0_glibc-2.24/usr/lib -L/opt/lede-sdk-layerscape-64b_gcc-5.4.0_glibc-2.24.Linux-i686/staging_dir/toolchain-aarch64_armv8-a_gcc-5.4.0_glibc-2.24/lib -znow -zrelro  conftest.c conftstm.o >&5
configure:7260: $? = 0
configure:7298: result: ok
configure:7335: checking for sysroot
configure:7365: result: no
configure:7568: checking for aarch64-openwrt-linux-mt
configure:7598: result: no
configure:7608: checking for mt
configure:7624: found /bin/mt
configure:7635: result: mt
configure:7647: WARNING: using cross tools not prefixed with host triplet
configure:7658: checking if mt is a manifest tool
configure:7664: mt '-?'
configure:7672: result: no
configure:8304: checking how to run the C preprocessor
configure:8335: aarch64-openwrt-linux-gnu-gcc -E -I/opt/lede-sdk-layerscape-64b_gcc-5.4.0_glibc-2.24.Linux-i686/staging_dir/target-aarch64_armv8-a_glibc-2.24/usr/include -I/opt/lede-sdk-layerscape-64b_gcc-5.4.0_glibc-2.24.Linux-i686/staging_dir/target-aarch64_armv8-a_glibc-2.24/include -I/opt/lede-sdk-layerscape-64b_gcc-5.4.0_glibc-2.24.Linux-i686/staging_dir/toolchain-aarch64_armv8-a_gcc-5.4.0_glibc-2.24/usr/include -I/opt/lede-sdk-layerscape-64b_gcc-5.4.0_glibc-2.24.Linux-i686/staging_dir/toolchain-aarch64_armv8-a_gcc-5.4.0_glibc-2.24/include  conftest.c
configure:8335: $? = 0
configure:8349: aarch64-openwrt-linux-gnu-gcc -E -I/opt/lede-sdk-layerscape-64b_gcc-5.4.0_glibc-2.24.Linux-i686/staging_dir/target-aarch64_armv8-a_glibc-2.24/usr/include -I/opt/lede-sdk-layerscape-64b_gcc-5.4.0_glibc-2.24.Linux-i686/staging_dir/target-aarch64_armv8-a_glibc-2.24/include -I/opt/lede-sdk-layerscape-64b_gcc-5.4.0_glibc-2.24.Linux-i686/staging_dir/toolchain-aarch64_armv8-a_gcc-5.4.0_glibc-2.24/usr/include -I/opt/lede-sdk-layerscape-64b_gcc-5.4.0_glibc-2.24.Linux-i686/staging_dir/toolchain-aarch64_armv8-a_gcc-5.4.0_glibc-2.24/include  conftest.c
conftest.c:11:28: fatal error: ac_nonexistent.h: No such file or directory
compilation terminated.
configure:8349: $? = 1
configure: failed program was:
| /* confdefs.h */
| #define PACKAGE_NAME "libnftnl"
| #define PACKAGE_TARNAME "libnftnl"
| #define PACKAGE_VERSION "1.0.9"
| #define PACKAGE_STRING "libnftnl 1.0.9"
| #define PACKAGE_BUGREPORT ""
| #define PACKAGE_URL ""
| #define PACKAGE "libnftnl"
| #define VERSION "1.0.9"
| /* end confdefs.h.  */
| #include <ac_nonexistent.h>
configure:8374: result: aarch64-openwrt-linux-gnu-gcc -E
configure:8394: aarch64-openwrt-linux-gnu-gcc -E -I/opt/lede-sdk-layerscape-64b_gcc-5.4.0_glibc-2.24.Linux-i686/staging_dir/target-aarch64_armv8-a_glibc-2.24/usr/include -I/opt/lede-sdk-layerscape-64b_gcc-5.4.0_glibc-2.24.Linux-i686/staging_dir/target-aarch64_armv8-a_glibc-2.24/include -I/opt/lede-sdk-layerscape-64b_gcc-5.4.0_glibc-2.24.Linux-i686/staging_dir/toolchain-aarch64_armv8-a_gcc-5.4.0_glibc-2.24/usr/include -I/opt/lede-sdk-layerscape-64b_gcc-5.4.0_glibc-2.24.Linux-i686/staging_dir/toolchain-aarch64_armv8-a_gcc-5.4.0_glibc-2.24/include  conftest.c
configure:8394: $? = 0
configure:8408: aarch64-openwrt-linux-gnu-gcc -E -I/opt/lede-sdk-layerscape-64b_gcc-5.4.0_glibc-2.24.Linux-i686/staging_dir/target-aarch64_armv8-a_glibc-2.24/usr/include -I/opt/lede-sdk-layerscape-64b_gcc-5.4.0_glibc-2.24.Linux-i686/staging_dir/target-aarch64_armv8-a_glibc-2.24/include -I/opt/lede-sdk-layerscape-64b_gcc-5.4.0_glibc-2.24.Linux-i686/staging_dir/toolchain-aarch64_armv8-a_gcc-5.4.0_glibc-2.24/usr/include -I/opt/lede-sdk-layerscape-64b_gcc-5.4.0_glibc-2.24.Linux-i686/staging_dir/toolchain-aarch64_armv8-a_gcc-5.4.0_glibc-2.24/include  conftest.c
conftest.c:11:28: fatal error: ac_nonexistent.h: No such file or directory
compilation terminated.
configure:8408: $? = 1
configure: failed program was:
| /* confdefs.h */
| #define PACKAGE_NAME "libnftnl"
| #define PACKAGE_TARNAME "libnftnl"
| #define PACKAGE_VERSION "1.0.9"
| #define PACKAGE_STRING "libnftnl 1.0.9"
| #define PACKAGE_BUGREPORT ""
| #define PACKAGE_URL ""
| #define PACKAGE "libnftnl"
| #define VERSION "1.0.9"
| /* end confdefs.h.  */
| #include <ac_nonexistent.h>
configure:8437: checking for ANSI C header files
configure:8457: aarch64-openwrt-linux-gnu-gcc -c -Os -pipe -fno-caller-saves -fno-caller-saves -fno-plt -fhonour-copts -Wno-error=unused-but-set-variable -Wno-error=unused-result -iremap /opt/lede-sdk-layerscape-64b_gcc-5.4.0_glibc-2.24.Linux-i686/build_dir/target-aarch64_armv8-a_glibc-2.24/libnftnl-1.0.9:libnftnl-1.0.9 -Wformat -Werror=format-security -D_FORTIFY_SOURCE=1 -Wl,-z,now -Wl,-z,relro -fpic  -I/opt/lede-sdk-layerscape-64b_gcc-5.4.0_glibc-2.24.Linux-i686/staging_dir/target-aarch64_armv8-a_glibc-2.24/usr/include -I/opt/lede-sdk-layerscape-64b_gcc-5.4.0_glibc-2.24.Linux-i686/staging_dir/target-aarch64_armv8-a_glibc-2.24/include -I/opt/lede-sdk-layerscape-64b_gcc-5.4.0_glibc-2.24.Linux-i686/staging_dir/toolchain-aarch64_armv8-a_gcc-5.4.0_glibc-2.24/usr/include -I/opt/lede-sdk-layerscape-64b_gcc-5.4.0_glibc-2.24.Linux-i686/staging_dir/toolchain-aarch64_armv8-a_gcc-5.4.0_glibc-2.24/include  conftest.c >&5
configure:8457: $? = 0
configure:8541: result: yes
configure:8554: checking for sys/types.h
configure:8554: aarch64-openwrt-linux-gnu-gcc -c -Os -pipe -fno-caller-saves -fno-caller-saves -fno-plt -fhonour-copts -Wno-error=unused-but-set-variable -Wno-error=unused-result -iremap /opt/lede-sdk-layerscape-64b_gcc-5.4.0_glibc-2.24.Linux-i686/build_dir/target-aarch64_armv8-a_glibc-2.24/libnftnl-1.0.9:libnftnl-1.0.9 -Wformat -Werror=format-security -D_FORTIFY_SOURCE=1 -Wl,-z,now -Wl,-z,relro -fpic  -I/opt/lede-sdk-layerscape-64b_gcc-5.4.0_glibc-2.24.Linux-i686/staging_dir/target-aarch64_armv8-a_glibc-2.24/usr/include -I/opt/lede-sdk-layerscape-64b_gcc-5.4.0_glibc-2.24.Linux-i686/staging_dir/target-aarch64_armv8-a_glibc-2.24/include -I/opt/lede-sdk-layerscape-64b_gcc-5.4.0_glibc-2.24.Linux-i686/staging_dir/toolchain-aarch64_armv8-a_gcc-5.4.0_glibc-2.24/usr/include -I/opt/lede-sdk-layerscape-64b_gcc-5.4.0_glibc-2.24.Linux-i686/staging_dir/toolchain-aarch64_armv8-a_gcc-5.4.0_glibc-2.24/include  conftest.c >&5
configure:8554: $? = 0
configure:8554: result: yes
configure:8554: checking for sys/stat.h
configure:8554: aarch64-openwrt-linux-gnu-gcc -c -Os -pipe -fno-caller-saves -fno-caller-saves -fno-plt -fhonour-copts -Wno-error=unused-but-set-variable -Wno-error=unused-result -iremap /opt/lede-sdk-layerscape-64b_gcc-5.4.0_glibc-2.24.Linux-i686/build_dir/target-aarch64_armv8-a_glibc-2.24/libnftnl-1.0.9:libnftnl-1.0.9 -Wformat -Werror=format-security -D_FORTIFY_SOURCE=1 -Wl,-z,now -Wl,-z,relro -fpic  -I/opt/lede-sdk-layerscape-64b_gcc-5.4.0_glibc-2.24.Linux-i686/staging_dir/target-aarch64_armv8-a_glibc-2.24/usr/include -I/opt/lede-sdk-layerscape-64b_gcc-5.4.0_glibc-2.24.Linux-i686/staging_dir/target-aarch64_armv8-a_glibc-2.24/include -I/opt/lede-sdk-layerscape-64b_gcc-5.4.0_glibc-2.24.Linux-i686/staging_dir/toolchain-aarch64_armv8-a_gcc-5.4.0_glibc-2.24/usr/include -I/opt/lede-sdk-layerscape-64b_gcc-5.4.0_glibc-2.24.Linux-i686/staging_dir/toolchain-aarch64_armv8-a_gcc-5.4.0_glibc-2.24/include  conftest.c >&5
configure:8554: $? = 0
configure:8554: result: yes
configure:8554: checking for stdlib.h
configure:8554: aarch64-openwrt-linux-gnu-gcc -c -Os -pipe -fno-caller-saves -fno-caller-saves -fno-plt -fhonour-copts -Wno-error=unused-but-set-variable -Wno-error=unused-result -iremap /opt/lede-sdk-layerscape-64b_gcc-5.4.0_glibc-2.24.Linux-i686/build_dir/target-aarch64_armv8-a_glibc-2.24/libnftnl-1.0.9:libnftnl-1.0.9 -Wformat -Werror=format-security -D_FORTIFY_SOURCE=1 -Wl,-z,now -Wl,-z,relro -fpic  -I/opt/lede-sdk-layerscape-64b_gcc-5.4.0_glibc-2.24.Linux-i686/staging_dir/target-aarch64_armv8-a_glibc-2.24/usr/include -I/opt/lede-sdk-layerscape-64b_gcc-5.4.0_glibc-2.24.Linux-i686/staging_dir/target-aarch64_armv8-a_glibc-2.24/include -I/opt/lede-sdk-layerscape-64b_gcc-5.4.0_glibc-2.24.Linux-i686/staging_dir/toolchain-aarch64_armv8-a_gcc-5.4.0_glibc-2.24/usr/include -I/opt/lede-sdk-layerscape-64b_gcc-5.4.0_glibc-2.24.Linux-i686/staging_dir/toolchain-aarch64_armv8-a_gcc-5.4.0_glibc-2.24/include  conftest.c >&5
configure:8554: $? = 0
configure:8554: result: yes
configure:8554: checking for string.h
configure:8554: aarch64-openwrt-linux-gnu-gcc -c -Os -pipe -fno-caller-saves -fno-caller-saves -fno-plt -fhonour-copts -Wno-error=unused-but-set-variable -Wno-error=unused-result -iremap /opt/lede-sdk-layerscape-64b_gcc-5.4.0_glibc-2.24.Linux-i686/build_dir/target-aarch64_armv8-a_glibc-2.24/libnftnl-1.0.9:libnftnl-1.0.9 -Wformat -Werror=format-security -D_FORTIFY_SOURCE=1 -Wl,-z,now -Wl,-z,relro -fpic  -I/opt/lede-sdk-layerscape-64b_gcc-5.4.0_glibc-2.24.Linux-i686/staging_dir/target-aarch64_armv8-a_glibc-2.24/usr/include -I/opt/lede-sdk-layerscape-64b_gcc-5.4.0_glibc-2.24.Linux-i686/staging_dir/target-aarch64_armv8-a_glibc-2.24/include -I/opt/lede-sdk-layerscape-64b_gcc-5.4.0_glibc-2.24.Linux-i686/staging_dir/toolchain-aarch64_armv8-a_gcc-5.4.0_glibc-2.24/usr/include -I/opt/lede-sdk-layerscape-64b_gcc-5.4.0_glibc-2.24.Linux-i686/staging_dir/toolchain-aarch64_armv8-a_gcc-5.4.0_glibc-2.24/include  conftest.c >&5
configure:8554: $? = 0
configure:8554: result: yes
configure:8554: checking for memory.h
configure:8554: aarch64-openwrt-linux-gnu-gcc -c -Os -pipe -fno-caller-saves -fno-caller-saves -fno-plt -fhonour-copts -Wno-error=unused-but-set-variable -Wno-error=unused-result -iremap /opt/lede-sdk-layerscape-64b_gcc-5.4.0_glibc-2.24.Linux-i686/build_dir/target-aarch64_armv8-a_glibc-2.24/libnftnl-1.0.9:libnftnl-1.0.9 -Wformat -Werror=format-security -D_FORTIFY_SOURCE=1 -Wl,-z,now -Wl,-z,relro -fpic  -I/opt/lede-sdk-layerscape-64b_gcc-5.4.0_glibc-2.24.Linux-i686/staging_dir/target-aarch64_armv8-a_glibc-2.24/usr/include -I/opt/lede-sdk-layerscape-64b_gcc-5.4.0_glibc-2.24.Linux-i686/staging_dir/target-aarch64_armv8-a_glibc-2.24/include -I/opt/lede-sdk-layerscape-64b_gcc-5.4.0_glibc-2.24.Linux-i686/staging_dir/toolchain-aarch64_armv8-a_gcc-5.4.0_glibc-2.24/usr/include -I/opt/lede-sdk-layerscape-64b_gcc-5.4.0_glibc-2.24.Linux-i686/staging_dir/toolchain-aarch64_armv8-a_gcc-5.4.0_glibc-2.24/include  conftest.c >&5
configure:8554: $? = 0
configure:8554: result: yes
configure:8554: checking for strings.h
configure:8554: aarch64-openwrt-linux-gnu-gcc -c -Os -pipe -fno-caller-saves -fno-caller-saves -fno-plt -fhonour-copts -Wno-error=unused-but-set-variable -Wno-error=unused-result -iremap /opt/lede-sdk-layerscape-64b_gcc-5.4.0_glibc-2.24.Linux-i686/build_dir/target-aarch64_armv8-a_glibc-2.24/libnftnl-1.0.9:libnftnl-1.0.9 -Wformat -Werror=format-security -D_FORTIFY_SOURCE=1 -Wl,-z,now -Wl,-z,relro -fpic  -I/opt/lede-sdk-layerscape-64b_gcc-5.4.0_glibc-2.24.Linux-i686/staging_dir/target-aarch64_armv8-a_glibc-2.24/usr/include -I/opt/lede-sdk-layerscape-64b_gcc-5.4.0_glibc-2.24.Linux-i686/staging_dir/target-aarch64_armv8-a_glibc-2.24/include -I/opt/lede-sdk-layerscape-64b_gcc-5.4.0_glibc-2.24.Linux-i686/staging_dir/toolchain-aarch64_armv8-a_gcc-5.4.0_glibc-2.24/usr/include -I/opt/lede-sdk-layerscape-64b_gcc-5.4.0_glibc-2.24.Linux-i686/staging_dir/toolchain-aarch64_armv8-a_gcc-5.4.0_glibc-2.24/include  conftest.c >&5
configure:8554: $? = 0
configure:8554: result: yes
configure:8554: checking for inttypes.h
configure:8554: aarch64-openwrt-linux-gnu-gcc -c -Os -pipe -fno-caller-saves -fno-caller-saves -fno-plt -fhonour-copts -Wno-error=unused-but-set-variable -Wno-error=unused-result -iremap /opt/lede-sdk-layerscape-64b_gcc-5.4.0_glibc-2.24.Linux-i686/build_dir/target-aarch64_armv8-a_glibc-2.24/libnftnl-1.0.9:libnftnl-1.0.9 -Wformat -Werror=format-security -D_FORTIFY_SOURCE=1 -Wl,-z,now -Wl,-z,relro -fpic  -I/opt/lede-sdk-layerscape-64b_gcc-5.4.0_glibc-2.24.Linux-i686/staging_dir/target-aarch64_armv8-a_glibc-2.24/usr/include -I/opt/lede-sdk-layerscape-64b_gcc-5.4.0_glibc-2.24.Linux-i686/staging_dir/target-aarch64_armv8-a_glibc-2.24/include -I/opt/lede-sdk-layerscape-64b_gcc-5.4.0_glibc-2.24.Linux-i686/staging_dir/toolchain-aarch64_armv8-a_gcc-5.4.0_glibc-2.24/usr/include -I/opt/lede-sdk-layerscape-64b_gcc-5.4.0_glibc-2.24.Linux-i686/staging_dir/toolchain-aarch64_armv8-a_gcc-5.4.0_glibc-2.24/include  conftest.c >&5
configure:8554: $? = 0
configure:8554: result: yes
configure:8554: checking for stdint.h
configure:8554: aarch64-openwrt-linux-gnu-gcc -c -Os -pipe -fno-caller-saves -fno-caller-saves -fno-plt -fhonour-copts -Wno-error=unused-but-set-variable -Wno-error=unused-result -iremap /opt/lede-sdk-layerscape-64b_gcc-5.4.0_glibc-2.24.Linux-i686/build_dir/target-aarch64_armv8-a_glibc-2.24/libnftnl-1.0.9:libnftnl-1.0.9 -Wformat -Werror=format-security -D_FORTIFY_SOURCE=1 -Wl,-z,now -Wl,-z,relro -fpic  -I/opt/lede-sdk-layerscape-64b_gcc-5.4.0_glibc-2.24.Linux-i686/staging_dir/target-aarch64_armv8-a_glibc-2.24/usr/include -I/opt/lede-sdk-layerscape-64b_gcc-5.4.0_glibc-2.24.Linux-i686/staging_dir/target-aarch64_armv8-a_glibc-2.24/include -I/opt/lede-sdk-layerscape-64b_gcc-5.4.0_glibc-2.24.Linux-i686/staging_dir/toolchain-aarch64_armv8-a_gcc-5.4.0_glibc-2.24/usr/include -I/opt/lede-sdk-layerscape-64b_gcc-5.4.0_glibc-2.24.Linux-i686/staging_dir/toolchain-aarch64_armv8-a_gcc-5.4.0_glibc-2.24/include  conftest.c >&5
configure:8554: $? = 0
configure:8554: result: yes
configure:8554: checking for unistd.h
configure:8554: aarch64-openwrt-linux-gnu-gcc -c -Os -pipe -fno-caller-saves -fno-caller-saves -fno-plt -fhonour-copts -Wno-error=unused-but-set-variable -Wno-error=unused-result -iremap /opt/lede-sdk-layerscape-64b_gcc-5.4.0_glibc-2.24.Linux-i686/build_dir/target-aarch64_armv8-a_glibc-2.24/libnftnl-1.0.9:libnftnl-1.0.9 -Wformat -Werror=format-security -D_FORTIFY_SOURCE=1 -Wl,-z,now -Wl,-z,relro -fpic  -I/opt/lede-sdk-layerscape-64b_gcc-5.4.0_glibc-2.24.Linux-i686/staging_dir/target-aarch64_armv8-a_glibc-2.24/usr/include -I/opt/lede-sdk-layerscape-64b_gcc-5.4.0_glibc-2.24.Linux-i686/staging_dir/target-aarch64_armv8-a_glibc-2.24/include -I/opt/lede-sdk-layerscape-64b_gcc-5.4.0_glibc-2.24.Linux-i686/staging_dir/toolchain-aarch64_armv8-a_gcc-5.4.0_glibc-2.24/usr/include -I/opt/lede-sdk-layerscape-64b_gcc-5.4.0_glibc-2.24.Linux-i686/staging_dir/toolchain-aarch64_armv8-a_gcc-5.4.0_glibc-2.24/include  conftest.c >&5
configure:8554: $? = 0
configure:8554: result: yes
configure:8568: checking for dlfcn.h
configure:8568: aarch64-openwrt-linux-gnu-gcc -c -Os -pipe -fno-caller-saves -fno-caller-saves -fno-plt -fhonour-copts -Wno-error=unused-but-set-variable -Wno-error=unused-result -iremap /opt/lede-sdk-layerscape-64b_gcc-5.4.0_glibc-2.24.Linux-i686/build_dir/target-aarch64_armv8-a_glibc-2.24/libnftnl-1.0.9:libnftnl-1.0.9 -Wformat -Werror=format-security -D_FORTIFY_SOURCE=1 -Wl,-z,now -Wl,-z,relro -fpic  -I/opt/lede-sdk-layerscape-64b_gcc-5.4.0_glibc-2.24.Linux-i686/staging_dir/target-aarch64_armv8-a_glibc-2.24/usr/include -I/opt/lede-sdk-layerscape-64b_gcc-5.4.0_glibc-2.24.Linux-i686/staging_dir/target-aarch64_armv8-a_glibc-2.24/include -I/opt/lede-sdk-layerscape-64b_gcc-5.4.0_glibc-2.24.Linux-i686/staging_dir/toolchain-aarch64_armv8-a_gcc-5.4.0_glibc-2.24/usr/include -I/opt/lede-sdk-layerscape-64b_gcc-5.4.0_glibc-2.24.Linux-i686/staging_dir/toolchain-aarch64_armv8-a_gcc-5.4.0_glibc-2.24/include  conftest.c >&5
configure:8568: $? = 0
configure:8568: result: yes
configure:8725: checking for objdir
configure:8740: result: .libs
configure:9010: checking if aarch64-openwrt-linux-gnu-gcc supports -fno-rtti -fno-exceptions
configure:9028: aarch64-openwrt-linux-gnu-gcc -c -Os -pipe -fno-caller-saves -fno-caller-saves -fno-plt -fhonour-copts -Wno-error=unused-but-set-variable -Wno-error=unused-result -iremap /opt/lede-sdk-layerscape-64b_gcc-5.4.0_glibc-2.24.Linux-i686/build_dir/target-aarch64_armv8-a_glibc-2.24/libnftnl-1.0.9:libnftnl-1.0.9 -Wformat -Werror=format-security -D_FORTIFY_SOURCE=1 -Wl,-z,now -Wl,-z,relro -fpic  -I/opt/lede-sdk-layerscape-64b_gcc-5.4.0_glibc-2.24.Linux-i686/staging_dir/target-aarch64_armv8-a_glibc-2.24/usr/include -I/opt/lede-sdk-layerscape-64b_gcc-5.4.0_glibc-2.24.Linux-i686/staging_dir/target-aarch64_armv8-a_glibc-2.24/include -I/opt/lede-sdk-layerscape-64b_gcc-5.4.0_glibc-2.24.Linux-i686/staging_dir/toolchain-aarch64_armv8-a_gcc-5.4.0_glibc-2.24/usr/include -I/opt/lede-sdk-layerscape-64b_gcc-5.4.0_glibc-2.24.Linux-i686/staging_dir/toolchain-aarch64_armv8-a_gcc-5.4.0_glibc-2.24/include  -fno-rtti -fno-exceptions conftest.c >&5
cc1: warning: command line option '-fno-rtti' is valid for C++/ObjC++ but not for C
configure:9032: $? = 0
configure:9045: result: no
configure:9355: checking for aarch64-openwrt-linux-gnu-gcc option to produce PIC
configure:9362: result: -fPIC -DPIC
configure:9370: checking if aarch64-openwrt-linux-gnu-gcc PIC flag -fPIC -DPIC works
configure:9388: aarch64-openwrt-linux-gnu-gcc -c -Os -pipe -fno-caller-saves -fno-caller-saves -fno-plt -fhonour-copts -Wno-error=unused-but-set-variable -Wno-error=unused-result -iremap /opt/lede-sdk-layerscape-64b_gcc-5.4.0_glibc-2.24.Linux-i686/build_dir/target-aarch64_armv8-a_glibc-2.24/libnftnl-1.0.9:libnftnl-1.0.9 -Wformat -Werror=format-security -D_FORTIFY_SOURCE=1 -Wl,-z,now -Wl,-z,relro -fpic  -I/opt/lede-sdk-layerscape-64b_gcc-5.4.0_glibc-2.24.Linux-i686/staging_dir/target-aarch64_armv8-a_glibc-2.24/usr/include -I/opt/lede-sdk-layerscape-64b_gcc-5.4.0_glibc-2.24.Linux-i686/staging_dir/target-aarch64_armv8-a_glibc-2.24/include -I/opt/lede-sdk-layerscape-64b_gcc-5.4.0_glibc-2.24.Linux-i686/staging_dir/toolchain-aarch64_armv8-a_gcc-5.4.0_glibc-2.24/usr/include -I/opt/lede-sdk-layerscape-64b_gcc-5.4.0_glibc-2.24.Linux-i686/staging_dir/toolchain-aarch64_armv8-a_gcc-5.4.0_glibc-2.24/include  -fPIC -DPIC -DPIC conftest.c >&5
configure:9392: $? = 0
configure:9405: result: yes
configure:9434: checking if aarch64-openwrt-linux-gnu-gcc static flag -static works
configure:9462: result: no
configure:9477: checking if aarch64-openwrt-linux-gnu-gcc supports -c -o file.o
configure:9498: aarch64-openwrt-linux-gnu-gcc -c -Os -pipe -fno-caller-saves -fno-caller-saves -fno-plt -fhonour-copts -Wno-error=unused-but-set-variable -Wno-error=unused-result -iremap /opt/lede-sdk-layerscape-64b_gcc-5.4.0_glibc-2.24.Linux-i686/build_dir/target-aarch64_armv8-a_glibc-2.24/libnftnl-1.0.9:libnftnl-1.0.9 -Wformat -Werror=format-security -D_FORTIFY_SOURCE=1 -Wl,-z,now -Wl,-z,relro -fpic  -I/opt/lede-sdk-layerscape-64b_gcc-5.4.0_glibc-2.24.Linux-i686/staging_dir/target-aarch64_armv8-a_glibc-2.24/usr/include -I/opt/lede-sdk-layerscape-64b_gcc-5.4.0_glibc-2.24.Linux-i686/staging_dir/target-aarch64_armv8-a_glibc-2.24/include -I/opt/lede-sdk-layerscape-64b_gcc-5.4.0_glibc-2.24.Linux-i686/staging_dir/toolchain-aarch64_armv8-a_gcc-5.4.0_glibc-2.24/usr/include -I/opt/lede-sdk-layerscape-64b_gcc-5.4.0_glibc-2.24.Linux-i686/staging_dir/toolchain-aarch64_armv8-a_gcc-5.4.0_glibc-2.24/include  -o out/conftest2.o conftest.c >&5
configure:9502: $? = 0
configure:9524: result: yes
configure:9532: checking if aarch64-openwrt-linux-gnu-gcc supports -c -o file.o
configure:9579: result: yes
configure:9612: checking whether the aarch64-openwrt-linux-gnu-gcc linker (aarch64-openwrt-linux-gnu-ld) supports shared libraries
configure:10770: result: yes
configure:10807: checking whether -lc should be explicitly linked in
configure:10815: aarch64-openwrt-linux-gnu-gcc -c -Os -pipe -fno-caller-saves -fno-caller-saves -fno-plt -fhonour-copts -Wno-error=unused-but-set-variable -Wno-error=unused-result -iremap /opt/lede-sdk-layerscape-64b_gcc-5.4.0_glibc-2.24.Linux-i686/build_dir/target-aarch64_armv8-a_glibc-2.24/libnftnl-1.0.9:libnftnl-1.0.9 -Wformat -Werror=format-security -D_FORTIFY_SOURCE=1 -Wl,-z,now -Wl,-z,relro -fpic  -I/opt/lede-sdk-layerscape-64b_gcc-5.4.0_glibc-2.24.Linux-i686/staging_dir/target-aarch64_armv8-a_glibc-2.24/usr/include -I/opt/lede-sdk-layerscape-64b_gcc-5.4.0_glibc-2.24.Linux-i686/staging_dir/target-aarch64_armv8-a_glibc-2.24/include -I/opt/lede-sdk-layerscape-64b_gcc-5.4.0_glibc-2.24.Linux-i686/staging_dir/toolchain-aarch64_armv8-a_gcc-5.4.0_glibc-2.24/usr/include -I/opt/lede-sdk-layerscape-64b_gcc-5.4.0_glibc-2.24.Linux-i686/staging_dir/toolchain-aarch64_armv8-a_gcc-5.4.0_glibc-2.24/include  conftest.c >&5
configure:10818: $? = 0
configure:10833: aarch64-openwrt-linux-gnu-gcc -shared  -fPIC -DPIC conftest.o  -v -Wl,-soname -Wl,conftest -o conftest 2\>\&1 \| /opt/lede-sdk-layerscape-64b_gcc-5.4.0_glibc-2.24.Linux-i686/staging_dir/host/bin/grep  -lc  \>/dev/null 2\>\&1
configure:10836: $? = 0
configure:10850: result: no
configure:11015: checking dynamic linker characteristics
configure:11529: aarch64-openwrt-linux-gnu-gcc -o conftest -Os -pipe -fno-caller-saves -fno-caller-saves -fno-plt -fhonour-copts -Wno-error=unused-but-set-variable -Wno-error=unused-result -iremap /opt/lede-sdk-layerscape-64b_gcc-5.4.0_glibc-2.24.Linux-i686/build_dir/target-aarch64_armv8-a_glibc-2.24/libnftnl-1.0.9:libnftnl-1.0.9 -Wformat -Werror=format-security -D_FORTIFY_SOURCE=1 -Wl,-z,now -Wl,-z,relro -fpic  -I/opt/lede-sdk-layerscape-64b_gcc-5.4.0_glibc-2.24.Linux-i686/staging_dir/target-aarch64_armv8-a_glibc-2.24/usr/include -I/opt/lede-sdk-layerscape-64b_gcc-5.4.0_glibc-2.24.Linux-i686/staging_dir/target-aarch64_armv8-a_glibc-2.24/include -I/opt/lede-sdk-layerscape-64b_gcc-5.4.0_glibc-2.24.Linux-i686/staging_dir/toolchain-aarch64_armv8-a_gcc-5.4.0_glibc-2.24/usr/include -I/opt/lede-sdk-layerscape-64b_gcc-5.4.0_glibc-2.24.Linux-i686/staging_dir/toolchain-aarch64_armv8-a_gcc-5.4.0_glibc-2.24/include  -L/opt/lede-sdk-layerscape-64b_gcc-5.4.0_glibc-2.24.Linux-i686/staging_dir/target-aarch64_armv8-a_glibc-2.24/usr/lib -L/opt/lede-sdk-layerscape-64b_gcc-5.4.0_glibc-2.24.Linux-i686/staging_dir/target-aarch64_armv8-a_glibc-2.24/lib -L/opt/lede-sdk-layerscape-64b_gcc-5.4.0_glibc-2.24.Linux-i686/staging_dir/toolchain-aarch64_armv8-a_gcc-5.4.0_glibc-2.24/usr/lib -L/opt/lede-sdk-layerscape-64b_gcc-5.4.0_glibc-2.24.Linux-i686/staging_dir/toolchain-aarch64_armv8-a_gcc-5.4.0_glibc-2.24/lib -znow -zrelro  -Wl,-rpath -Wl,/foo conftest.c  >&5
configure:11529: $? = 0
configure:11751: result: GNU/Linux ld.so
configure:11858: checking how to hardcode library paths into programs
configure:11883: result: immediate
configure:12423: checking whether stripping libraries is possible
configure:12428: result: yes
configure:12463: checking if libtool supports shared libraries
configure:12465: result: yes
configure:12468: checking whether to build shared libraries
configure:12489: result: yes
configure:12492: checking whether to build static libraries
configure:12496: result: yes
configure:12540: checking whether compiler accepts -fvisibility=hidden
configure:12549: aarch64-openwrt-linux-gnu-gcc -c -Os -pipe -fno-caller-saves -fno-caller-saves -fno-plt -fhonour-copts -Wno-error=unused-but-set-variable -Wno-error=unused-result -iremap /opt/lede-sdk-layerscape-64b_gcc-5.4.0_glibc-2.24.Linux-i686/build_dir/target-aarch64_armv8-a_glibc-2.24/libnftnl-1.0.9:libnftnl-1.0.9 -Wformat -Werror=format-security -D_FORTIFY_SOURCE=1 -Wl,-z,now -Wl,-z,relro -fpic  -fvisibility=hidden -I/opt/lede-sdk-layerscape-64b_gcc-5.4.0_glibc-2.24.Linux-i686/staging_dir/target-aarch64_armv8-a_glibc-2.24/usr/include -I/opt/lede-sdk-layerscape-64b_gcc-5.4.0_glibc-2.24.Linux-i686/staging_dir/target-aarch64_armv8-a_glibc-2.24/include -I/opt/lede-sdk-layerscape-64b_gcc-5.4.0_glibc-2.24.Linux-i686/staging_dir/toolchain-aarch64_armv8-a_gcc-5.4.0_glibc-2.24/usr/include -I/opt/lede-sdk-layerscape-64b_gcc-5.4.0_glibc-2.24.Linux-i686/staging_dir/toolchain-aarch64_armv8-a_gcc-5.4.0_glibc-2.24/include  conftest.c >&5
configure:12549: $? = 0
configure:12557: result: yes
configure:12702: checking that generated files are newer than configure
configure:12708: result: done
configure:12731: creating ./config.status

## ---------------------- ##
## Running config.status. ##
## ---------------------- ##

This file was extended by libnftnl config.status 1.0.9, which was
generated by GNU Autoconf 2.69.  Invocation command line was

  CONFIG_FILES    = 
  CONFIG_HEADERS  = 
  CONFIG_LINKS    = 
  CONFIG_COMMANDS = 
  $ ./config.status 

on Luny-Ubuntu

config.status:1116: creating Makefile
config.status:1116: creating src/Makefile
config.status:1116: creating include/Makefile
config.status:1116: creating include/libnftnl/Makefile
config.status:1116: creating include/linux/Makefile
config.status:1116: creating include/linux/netfilter/Makefile
config.status:1116: creating examples/Makefile
config.status:1116: creating tests/Makefile
config.status:1116: creating libnftnl.pc
config.status:1116: creating doxygen.cfg
config.status:1116: creating config.h
config.status:1345: executing depfiles commands
config.status:1345: executing libtool commands

## ---------------- ##
## Cache variables. ##
## ---------------- ##

ac_cv_build=i686-pc-linux-gnu
ac_cv_c_bigendian=no
ac_cv_c_compiler_gnu=yes
ac_cv_c_gettext_without_libintl=yes
ac_cv_c_littleendian=yes
ac_cv_c_long_double=no
ac_cv_conv_longlong_to_float=yes
ac_cv_env_CC_set=set
ac_cv_env_CC_value=aarch64-openwrt-linux-gnu-gcc
ac_cv_env_CFLAGS_set=set
ac_cv_env_CFLAGS_value='-Os -pipe -fno-caller-saves -fno-caller-saves -fno-plt -fhonour-copts -Wno-error=unused-but-set-variable -Wno-error=unused-result -iremap /opt/lede-sdk-layerscape-64b_gcc-5.4.0_glibc-2.24.Linux-i686/build_dir/target-aarch64_armv8-a_glibc-2.24/libnftnl-1.0.9:libnftnl-1.0.9 -Wformat -Werror=format-security -D_FORTIFY_SOURCE=1 -Wl,-z,now -Wl,-z,relro -fpic '
ac_cv_env_CPPFLAGS_set=set
ac_cv_env_CPPFLAGS_value='-I/opt/lede-sdk-layerscape-64b_gcc-5.4.0_glibc-2.24.Linux-i686/staging_dir/target-aarch64_armv8-a_glibc-2.24/usr/include -I/opt/lede-sdk-layerscape-64b_gcc-5.4.0_glibc-2.24.Linux-i686/staging_dir/target-aarch64_armv8-a_glibc-2.24/include -I/opt/lede-sdk-layerscape-64b_gcc-5.4.0_glibc-2.24.Linux-i686/staging_dir/toolchain-aarch64_armv8-a_gcc-5.4.0_glibc-2.24/usr/include -I/opt/lede-sdk-layerscape-64b_gcc-5.4.0_glibc-2.24.Linux-i686/staging_dir/toolchain-aarch64_armv8-a_gcc-5.4.0_glibc-2.24/include '
ac_cv_env_CPP_set=
ac_cv_env_CPP_value=
ac_cv_env_LDFLAGS_set=set
ac_cv_env_LDFLAGS_value='-L/opt/lede-sdk-layerscape-64b_gcc-5.4.0_glibc-2.24.Linux-i686/staging_dir/target-aarch64_armv8-a_glibc-2.24/usr/lib -L/opt/lede-sdk-layerscape-64b_gcc-5.4.0_glibc-2.24.Linux-i686/staging_dir/target-aarch64_armv8-a_glibc-2.24/lib -L/opt/lede-sdk-layerscape-64b_gcc-5.4.0_glibc-2.24.Linux-i686/staging_dir/toolchain-aarch64_armv8-a_gcc-5.4.0_glibc-2.24/usr/lib -L/opt/lede-sdk-layerscape-64b_gcc-5.4.0_glibc-2.24.Linux-i686/staging_dir/toolchain-aarch64_armv8-a_gcc-5.4.0_glibc-2.24/lib -znow -zrelro '
ac_cv_env_LIBJSON_CFLAGS_set=
ac_cv_env_LIBJSON_CFLAGS_value=
ac_cv_env_LIBJSON_LIBS_set=
ac_cv_env_LIBJSON_LIBS_value=
ac_cv_env_LIBMNL_CFLAGS_set=
ac_cv_env_LIBMNL_CFLAGS_value=
ac_cv_env_LIBMNL_LIBS_set=
ac_cv_env_LIBMNL_LIBS_value=
ac_cv_env_LIBS_set=
ac_cv_env_LIBS_value=
ac_cv_env_PKG_CONFIG_LIBDIR_set=set
ac_cv_env_PKG_CONFIG_LIBDIR_value=/opt/lede-sdk-layerscape-64b_gcc-5.4.0_glibc-2.24.Linux-i686/staging_dir/target-aarch64_armv8-a_glibc-2.24/usr/lib/pkgconfig:/opt/lede-sdk-layerscape-64b_gcc-5.4.0_glibc-2.24.Linux-i686/staging_dir/target-aarch64_armv8-a_glibc-2.24/usr/share/pkgconfig
ac_cv_env_PKG_CONFIG_PATH_set=set
ac_cv_env_PKG_CONFIG_PATH_value=/opt/lede-sdk-layerscape-64b_gcc-5.4.0_glibc-2.24.Linux-i686/staging_dir/target-aarch64_armv8-a_glibc-2.24/usr/lib/pkgconfig:/opt/lede-sdk-layerscape-64b_gcc-5.4.0_glibc-2.24.Linux-i686/staging_dir/target-aarch64_armv8-a_glibc-2.24/usr/share/pkgconfig
ac_cv_env_PKG_CONFIG_set=set
ac_cv_env_PKG_CONFIG_value=/opt/lede-sdk-layerscape-64b_gcc-5.4.0_glibc-2.24.Linux-i686/staging_dir/host/bin/pkg-config
ac_cv_env_build_alias_set=set
ac_cv_env_build_alias_value=i686-linux-gnu
ac_cv_env_host_alias_set=set
ac_cv_env_host_alias_value=aarch64-openwrt-linux
ac_cv_env_target_alias_set=set
ac_cv_env_target_alias_value=aarch64-openwrt-linux
ac_cv_file__dev_zero=yes
ac_cv_func___adjtimex=yes
ac_cv_func___va_copy=no
ac_cv_func__exit=yes
ac_cv_func_bcmp=yes
ac_cv_func_bcopy=yes
ac_cv_func_bzero=yes
ac_cv_func_cimag=yes
ac_cv_func_creal=yes
ac_cv_func_fchmod=yes
ac_cv_func_getaddrinfo=yes
ac_cv_func_getcwd=yes
ac_cv_func_getdomainname=yes
ac_cv_func_getpgrp_void=yes
ac_cv_func_getpwuid_r=yes
ac_cv_func_gettimeofday=yes
ac_cv_func_index=yes
ac_cv_func_lstat=yes
ac_cv_func_lstat_dereferences_slashed_symlink=yes
ac_cv_func_lstat_empty_string_bug=no
ac_cv_func_malloc_0_nonnull=yes
ac_cv_func_malloc_works=yes
ac_cv_func_memcmp_clean=yes
ac_cv_func_memcmp_working=yes
ac_cv_func_posix_getgrgid_r=yes
ac_cv_func_posix_getpwuid_r=yes
ac_cv_func_psignal=yes
ac_cv_func_pthread_key_delete=yes
ac_cv_func_realloc_0_nonnull=yes
ac_cv_func_realloc_works=yes
ac_cv_func_rename=yes
ac_cv_func_rindex=yes
ac_cv_func_setgrent_void=yes
ac_cv_func_setlocale=yes
ac_cv_func_setpgrp_void=yes
ac_cv_func_setresuid=no
ac_cv_func_setvbuf_reversed=no
ac_cv_func_stat_empty_string_bug=no
ac_cv_func_stat_ignores_trailing_slash=no
ac_cv_func_strerror=yes
ac_cv_func_strftime=yes
ac_cv_func_utimes=yes
ac_cv_func_va_copy=no
ac_cv_func_vsnprintf=yes
ac_cv_fvisibility_hidden=yes
ac_cv_have_accrights_in_msghdr=no
ac_cv_have_broken_snprintf=no
ac_cv_have_control_in_msghdr=yes
ac_cv_have_decl_sys_siglist=no
ac_cv_have_openpty_ctty_bug=yes
ac_cv_have_space_d_name_in_struct_dirent=yes
ac_cv_header_dlfcn_h=yes
ac_cv_header_inttypes_h=yes
ac_cv_header_memory_h=yes
ac_cv_header_netinet_sctp_h=no
ac_cv_header_netinet_sctp_uio_h=no
ac_cv_header_stdc=yes
ac_cv_header_stdint_h=yes
ac_cv_header_stdlib_h=yes
ac_cv_header_string_h=yes
ac_cv_header_strings_h=yes
ac_cv_header_sys_stat_h=yes
ac_cv_header_sys_types_h=yes
ac_cv_header_unistd_h=yes
ac_cv_host=aarch64-openwrt-linux-gnu
ac_cv_int64_t=yes
ac_cv_lbl_unaligned_fail=no
ac_cv_linux_kernel_pppoe=yes
ac_cv_linux_vers=2
ac_cv_objext=o
ac_cv_pack_bitfields_reversed=yes
ac_cv_path_EGREP='/opt/lede-sdk-layerscape-64b_gcc-5.4.0_glibc-2.24.Linux-i686/staging_dir/host/bin/grep -E'
ac_cv_path_FGREP='/opt/lede-sdk-layerscape-64b_gcc-5.4.0_glibc-2.24.Linux-i686/staging_dir/host/bin/grep -F'
ac_cv_path_GREP=/opt/lede-sdk-layerscape-64b_gcc-5.4.0_glibc-2.24.Linux-i686/staging_dir/host/bin/grep
ac_cv_path_LDCONFIG=
ac_cv_path_SED=/opt/lede-sdk-layerscape-64b_gcc-5.4.0_glibc-2.24.Linux-i686/staging_dir/host/bin/sed
ac_cv_path_install='/usr/bin/install -c'
ac_cv_path_mkdir=/bin/mkdir
ac_cv_prog_AR=aarch64-openwrt-linux-gnu-gcc-ar
ac_cv_prog_AWK=gawk
ac_cv_prog_CC=aarch64-openwrt-linux-gnu-gcc
ac_cv_prog_CPP='aarch64-openwrt-linux-gnu-gcc -E'
ac_cv_prog_OBJDUMP=aarch64-openwrt-linux-gnu-objdump
ac_cv_prog_RANLIB=aarch64-openwrt-linux-gnu-gcc-ranlib
ac_cv_prog_STRIP=aarch64-openwrt-linux-gnu-strip
ac_cv_prog_ac_ct_MANIFEST_TOOL=mt
ac_cv_prog_cc_c89=
ac_cv_prog_cc_g=yes
ac_cv_prog_make_make_set=yes
ac_cv_regexec_segfault_emptystr=no
ac_cv_sctp=no
ac_cv_sizeof___int64=8
ac_cv_sizeof_char=1
ac_cv_sizeof_int16_t=2
ac_cv_sizeof_int32_t=4
ac_cv_sizeof_int64_t=8
ac_cv_sizeof_int=4
ac_cv_sizeof_long=8
ac_cv_sizeof_long_int=8
ac_cv_sizeof_long_long=8
ac_cv_sizeof_off_t=8
ac_cv_sizeof_short=2
ac_cv_sizeof_short_int=2
ac_cv_sizeof_size_t=8
ac_cv_sizeof_ssize_t=8
ac_cv_sizeof_u_int16_t=2
ac_cv_sizeof_u_int32_t=4
ac_cv_sizeof_u_int64_t=8
ac_cv_sizeof_uint16_t=2
ac_cv_sizeof_uint32_t=4
ac_cv_sizeof_uint64_t=8
ac_cv_sizeof_unsigned_int=4
ac_cv_sizeof_unsigned_long=8
ac_cv_sizeof_unsigned_long_long=8
ac_cv_sizeof_unsigned_short=2
ac_cv_sizeof_void_p=8
ac_cv_sys_restartable_syscalls=yes
ac_cv_time_r_type=POSIX
ac_cv_type_suseconds_t=yes
ac_cv_uchar=no
ac_cv_uint64_t=yes
ac_cv_uint=yes
ac_cv_ulong=yes
ac_cv_ushort=yes
ac_cv_va_copy=C99
ac_cv_va_val_copy=yes
am_cv_CC_dependencies_compiler_type=gcc3
am_cv_ar_interface=ar
am_cv_make_support_nested_variables=yes
am_cv_prog_cc_c_o=yes
am_cv_prog_tar_pax=gnutar
as_cv_unaligned_access=yes
lt_cv_ar_at_file=@
lt_cv_archive_cmds_need_lc=no
lt_cv_deplibs_check_method=pass_all
lt_cv_file_magic_cmd='$MAGIC_CMD'
lt_cv_file_magic_test_file=
lt_cv_ld_reload_flag=-r
lt_cv_nm_interface='BSD nm'
lt_cv_objdir=.libs
lt_cv_path_LD=aarch64-openwrt-linux-gnu-ld
lt_cv_path_NM=aarch64-openwrt-linux-gnu-gcc-nm
lt_cv_path_mainfest_tool=no
lt_cv_prog_compiler_c_o=yes
lt_cv_prog_compiler_pic='-fPIC -DPIC'
lt_cv_prog_compiler_pic_works=yes
lt_cv_prog_compiler_rtti_exceptions=no
lt_cv_prog_compiler_static_works=no
lt_cv_prog_gnu_ld=yes
lt_cv_sharedlib_from_linklib_cmd='printf %s\n'
lt_cv_shlibpath_overrides_runpath=no
lt_cv_sys_global_symbol_pipe='sed -n -e '\''s/^.*[	 ]\([ABCDGIRSTW][ABCDGIRSTW]*\)[	 ][	 ]*\([_A-Za-z][_A-Za-z0-9]*\)$/\1 \2 \2/p'\'' | sed '\''/ __gnu_lto/d'\'''
lt_cv_sys_global_symbol_to_c_name_address='sed -n -e '\''s/^: \([^ ]*\)[ ]*$/  {\"\1\", (void *) 0},/p'\'' -e '\''s/^[ABCDGIRSTW]* \([^ ]*\) \([^ ]*\)$/  {"\2", (void *) \&\2},/p'\'''
lt_cv_sys_global_symbol_to_c_name_address_lib_prefix='sed -n -e '\''s/^: \([^ ]*\)[ ]*$/  {\"\1\", (void *) 0},/p'\'' -e '\''s/^[ABCDGIRSTW]* \([^ ]*\) \(lib[^ ]*\)$/  {"\2", (void *) \&\2},/p'\'' -e '\''s/^[ABCDGIRSTW]* \([^ ]*\) \([^ ]*\)$/  {"lib\2", (void *) \&\2},/p'\'''
lt_cv_sys_global_symbol_to_cdecl='sed -n -e '\''s/^T .* \(.*\)$/extern int \1();/p'\'' -e '\''s/^[ABCDGIRSTW]* .* \(.*\)$/extern char \1;/p'\'''
lt_cv_sys_max_cmd_len=512
lt_cv_to_host_file_cmd=func_convert_file_noop
lt_cv_to_tool_file_cmd=func_convert_file_noop
pkg_cv_LIBMNL_CFLAGS=-I/opt/lede-sdk-layerscape-64b_gcc-5.4.0_glibc-2.24.Linux-i686/staging_dir/target-aarch64_armv8-a_glibc-2.24/usr/include
pkg_cv_LIBMNL_LIBS='-L/opt/lede-sdk-layerscape-64b_gcc-5.4.0_glibc-2.24.Linux-i686/staging_dir/target-aarch64_armv8-a_glibc-2.24/usr/lib -lmnl'

## ----------------- ##
## Output variables. ##
## ----------------- ##

ACLOCAL='${SHELL} /opt/lede-sdk-layerscape-64b_gcc-5.4.0_glibc-2.24.Linux-i686/build_dir/target-aarch64_armv8-a_glibc-2.24/libnftnl-1.0.9/build-aux/missing aclocal-1.15'
AMDEPBACKSLASH='\'
AMDEP_FALSE='#'
AMDEP_TRUE=''
AMTAR='$${TAR-tar}'
AM_BACKSLASH='\'
AM_DEFAULT_V='0'
AM_DEFAULT_VERBOSITY='0'
AM_V='0'
AR='aarch64-openwrt-linux-gnu-gcc-ar'
AUTOCONF='${SHELL} /opt/lede-sdk-layerscape-64b_gcc-5.4.0_glibc-2.24.Linux-i686/build_dir/target-aarch64_armv8-a_glibc-2.24/libnftnl-1.0.9/build-aux/missing autoconf'
AUTOHEADER='${SHELL} /opt/lede-sdk-layerscape-64b_gcc-5.4.0_glibc-2.24.Linux-i686/build_dir/target-aarch64_armv8-a_glibc-2.24/libnftnl-1.0.9/build-aux/missing autoheader'
AUTOMAKE='${SHELL} /opt/lede-sdk-layerscape-64b_gcc-5.4.0_glibc-2.24.Linux-i686/build_dir/target-aarch64_armv8-a_glibc-2.24/libnftnl-1.0.9/build-aux/missing automake-1.15'
AWK='gawk'
CC='aarch64-openwrt-linux-gnu-gcc'
CCDEPMODE='depmode=gcc3'
CFLAGS='-Os -pipe -fno-caller-saves -fno-caller-saves -fno-plt -fhonour-copts -Wno-error=unused-but-set-variable -Wno-error=unused-result -iremap /opt/lede-sdk-layerscape-64b_gcc-5.4.0_glibc-2.24.Linux-i686/build_dir/target-aarch64_armv8-a_glibc-2.24/libnftnl-1.0.9:libnftnl-1.0.9 -Wformat -Werror=format-security -D_FORTIFY_SOURCE=1 -Wl,-z,now -Wl,-z,relro -fpic '
CPP='aarch64-openwrt-linux-gnu-gcc -E'
CPPFLAGS='-I/opt/lede-sdk-layerscape-64b_gcc-5.4.0_glibc-2.24.Linux-i686/staging_dir/target-aarch64_armv8-a_glibc-2.24/usr/include -I/opt/lede-sdk-layerscape-64b_gcc-5.4.0_glibc-2.24.Linux-i686/staging_dir/target-aarch64_armv8-a_glibc-2.24/include -I/opt/lede-sdk-layerscape-64b_gcc-5.4.0_glibc-2.24.Linux-i686/staging_dir/toolchain-aarch64_armv8-a_gcc-5.4.0_glibc-2.24/usr/include -I/opt/lede-sdk-layerscape-64b_gcc-5.4.0_glibc-2.24.Linux-i686/staging_dir/toolchain-aarch64_armv8-a_gcc-5.4.0_glibc-2.24/include '
CYGPATH_W='echo'
DEFS='-DHAVE_CONFIG_H'
DEPDIR='.deps'
DLLTOOL='false'
DSYMUTIL=''
DUMPBIN=''
ECHO_C=''
ECHO_N='-n'
ECHO_T=''
EGREP='/opt/lede-sdk-layerscape-64b_gcc-5.4.0_glibc-2.24.Linux-i686/staging_dir/host/bin/grep -E'
EXEEXT=''
FGREP='/opt/lede-sdk-layerscape-64b_gcc-5.4.0_glibc-2.24.Linux-i686/staging_dir/host/bin/grep -F'
GCC_FVISIBILITY_HIDDEN='-fvisibility=hidden'
GREP='/opt/lede-sdk-layerscape-64b_gcc-5.4.0_glibc-2.24.Linux-i686/staging_dir/host/bin/grep'
INSTALL_DATA='${INSTALL} -m 644'
INSTALL_PROGRAM='${INSTALL}'
INSTALL_SCRIPT='${INSTALL}'
INSTALL_STRIP_PROGRAM='$(install_sh) -c -s'
LD='aarch64-openwrt-linux-gnu-ld'
LDFLAGS='-L/opt/lede-sdk-layerscape-64b_gcc-5.4.0_glibc-2.24.Linux-i686/staging_dir/target-aarch64_armv8-a_glibc-2.24/usr/lib -L/opt/lede-sdk-layerscape-64b_gcc-5.4.0_glibc-2.24.Linux-i686/staging_dir/target-aarch64_armv8-a_glibc-2.24/lib -L/opt/lede-sdk-layerscape-64b_gcc-5.4.0_glibc-2.24.Linux-i686/staging_dir/toolchain-aarch64_armv8-a_gcc-5.4.0_glibc-2.24/usr/lib -L/opt/lede-sdk-layerscape-64b_gcc-5.4.0_glibc-2.24.Linux-i686/staging_dir/toolchain-aarch64_armv8-a_gcc-5.4.0_glibc-2.24/lib -znow -zrelro '
LIBJSON_CFLAGS=''
LIBJSON_LIBS=''
LIBMNL_CFLAGS='-I/opt/lede-sdk-layerscape-64b_gcc-5.4.0_glibc-2.24.Linux-i686/staging_dir/target-aarch64_armv8-a_glibc-2.24/usr/include'
LIBMNL_LIBS='-L/opt/lede-sdk-layerscape-64b_gcc-5.4.0_glibc-2.24.Linux-i686/staging_dir/target-aarch64_armv8-a_glibc-2.24/usr/lib -lmnl'
LIBOBJS=''
LIBS=''
LIBTOOL='$(SHELL) $(top_builddir)/libtool'
LIPO=''
LN_S='ln -s'
LTLIBOBJS=''
MAKEINFO='${SHELL} /opt/lede-sdk-layerscape-64b_gcc-5.4.0_glibc-2.24.Linux-i686/build_dir/target-aarch64_armv8-a_glibc-2.24/libnftnl-1.0.9/build-aux/missing makeinfo'
MANIFEST_TOOL=':'
MKDIR_P='/bin/mkdir -p'
NM='aarch64-openwrt-linux-gnu-gcc-nm'
NMEDIT=''
OBJDUMP='aarch64-openwrt-linux-gnu-objdump'
OBJEXT='o'
OTOOL64=''
OTOOL=''
PACKAGE='libnftnl'
PACKAGE_BUGREPORT=''
PACKAGE_NAME='libnftnl'
PACKAGE_STRING='libnftnl 1.0.9'
PACKAGE_TARNAME='libnftnl'
PACKAGE_URL=''
PACKAGE_VERSION='1.0.9'
PATH_SEPARATOR=':'
PKG_CONFIG='/opt/lede-sdk-layerscape-64b_gcc-5.4.0_glibc-2.24.Linux-i686/staging_dir/host/bin/pkg-config'
PKG_CONFIG_LIBDIR='/opt/lede-sdk-layerscape-64b_gcc-5.4.0_glibc-2.24.Linux-i686/staging_dir/target-aarch64_armv8-a_glibc-2.24/usr/lib/pkgconfig:/opt/lede-sdk-layerscape-64b_gcc-5.4.0_glibc-2.24.Linux-i686/staging_dir/target-aarch64_armv8-a_glibc-2.24/usr/share/pkgconfig'
PKG_CONFIG_PATH='/opt/lede-sdk-layerscape-64b_gcc-5.4.0_glibc-2.24.Linux-i686/staging_dir/target-aarch64_armv8-a_glibc-2.24/usr/lib/pkgconfig:/opt/lede-sdk-layerscape-64b_gcc-5.4.0_glibc-2.24.Linux-i686/staging_dir/target-aarch64_armv8-a_glibc-2.24/usr/share/pkgconfig'
RANLIB='aarch64-openwrt-linux-gnu-gcc-ranlib'
SED='/opt/lede-sdk-layerscape-64b_gcc-5.4.0_glibc-2.24.Linux-i686/staging_dir/host/bin/sed'
SET_MAKE=''
SHELL='/bin/bash'
STRIP='aarch64-openwrt-linux-gnu-strip'
VERSION='1.0.9'
ac_ct_AR=''
ac_ct_CC=''
ac_ct_DUMPBIN=''
am__EXEEXT_FALSE=''
am__EXEEXT_TRUE='#'
am__fastdepCC_FALSE='#'
am__fastdepCC_TRUE=''
am__include='include'
am__isrc=''
am__leading_dot='.'
am__nodep='_no'
am__quote=''
am__tar='tar --format=posix -chf - "$$tardir"'
am__untar='tar -xf -'
bindir='/usr/bin'
build='i686-pc-linux-gnu'
build_alias='i686-linux-gnu'
build_cpu='i686'
build_os='linux-gnu'
build_vendor='pc'
datadir='/usr/share'
datarootdir='${prefix}/share'
docdir='${datarootdir}/doc/${PACKAGE_TARNAME}'
dvidir='${docdir}'
exec_prefix='/usr'
host='aarch64-openwrt-linux-gnu'
host_alias='aarch64-openwrt-linux'
host_cpu='aarch64'
host_os='linux-gnu'
host_vendor='openwrt'
htmldir='${docdir}'
includedir='${prefix}/include'
infodir='/usr/info'
install_sh='${SHELL} /opt/lede-sdk-layerscape-64b_gcc-5.4.0_glibc-2.24.Linux-i686/build_dir/target-aarch64_armv8-a_glibc-2.24/libnftnl-1.0.9/build-aux/install-sh'
libdir='${exec_prefix}/lib'
libexecdir='/usr/lib'
localedir='${datarootdir}/locale'
localstatedir='/var'
mandir='/usr/man'
mkdir_p='$(MKDIR_P)'
oldincludedir='/usr/include'
pdfdir='${docdir}'
prefix='/usr'
program_transform_name='s&$$&&;s&^&&'
psdir='${docdir}'
regular_CFLAGS='-Wall -Waggregate-return -Wmissing-declarations 	-Wmissing-prototypes -Wshadow -Wstrict-prototypes 	-Wformat=2 -Wwrite-strings -pipe'
regular_CPPFLAGS='-D_FILE_OFFSET_BITS=64 -D_REENTRANT'
sbindir='/usr/sbin'
sharedstatedir='${prefix}/com'
sysconfdir='/etc'
target_alias='aarch64-openwrt-linux'

## ----------- ##
## confdefs.h. ##
## ----------- ##

/* confdefs.h */
#define PACKAGE_NAME "libnftnl"
#define PACKAGE_TARNAME "libnftnl"
#define PACKAGE_VERSION "1.0.9"
#define PACKAGE_STRING "libnftnl 1.0.9"
#define PACKAGE_BUGREPORT ""
#define PACKAGE_URL ""
#define PACKAGE "libnftnl"
#define VERSION "1.0.9"
#define STDC_HEADERS 1
#define HAVE_SYS_TYPES_H 1
#define HAVE_SYS_STAT_H 1
#define HAVE_STDLIB_H 1
#define HAVE_STRING_H 1
#define HAVE_MEMORY_H 1
#define HAVE_STRINGS_H 1
#define HAVE_INTTYPES_H 1
#define HAVE_STDINT_H 1
#define HAVE_UNISTD_H 1
#define HAVE_DLFCN_H 1
#define LT_OBJDIR ".libs/"
#define HAVE_VISIBILITY_HIDDEN 1

configure: exit 0
