This file contains any messages produced by compilers while
running configure, to aid debugging if configure makes a mistake.

It was created by libnfnetlink configure 1.0.1, which was
generated by GNU Autoconf 2.69.  Invocation command line was

  $ ./configure --target=aarch64-openwrt-linux --host=aarch64-openwrt-linux --build=i686-linux-gnu --program-prefix= --program-suffix= --prefix=/usr --exec-prefix=/usr --bindir=/usr/bin --sbindir=/usr/sbin --libexecdir=/usr/lib --sysconfdir=/etc --datadir=/usr/share --localstatedir=/var --mandir=/usr/man --infodir=/usr/info --disable-nls --enable-static --enable-shared

## --------- ##
## Platform. ##
## --------- ##

hostname = Luny-Ubuntu
uname -m = i686
uname -r = 4.4.0-31-generic
uname -s = Linux
uname -v = #50-Ubuntu SMP Wed Jul 13 00:06:14 UTC 2016

/usr/bin/uname -p = unknown
/bin/uname -X     = unknown

/bin/arch              = unknown
/usr/bin/arch -k       = unknown
/usr/convex/getsysinfo = unknown
/usr/bin/hostinfo      = unknown
/bin/machine           = unknown
/usr/bin/oslevel       = unknown
/bin/universe          = unknown

PATH: /opt/lede-sdk-layerscape-64b_gcc-5.4.0_glibc-2.24.Linux-i686/staging_dir/target-aarch64_armv8-a_glibc-2.24/host/bin
PATH: /opt/lede-sdk-layerscape-64b_gcc-5.4.0_glibc-2.24.Linux-i686/staging_dir/toolchain-aarch64_armv8-a_gcc-5.4.0_glibc-2.24/bin
PATH: /opt/lede-sdk-layerscape-64b_gcc-5.4.0_glibc-2.24.Linux-i686/staging_dir/toolchain-aarch64_armv8-a_gcc-5.4.0_glibc-2.24/bin
PATH: /opt/lede-sdk-layerscape-64b_gcc-5.4.0_glibc-2.24.Linux-i686/staging_dir/host/bin
PATH: /opt/lede-sdk-layerscape-64b_gcc-5.4.0_glibc-2.24.Linux-i686/staging_dir/toolchain-aarch64_armv8-a_gcc-5.4.0_glibc-2.24/bin
PATH: /opt/lede-sdk-layerscape-64b_gcc-5.4.0_glibc-2.24.Linux-i686/staging_dir/host/bin
PATH: /opt/lede-sdk-layerscape-64b_gcc-5.4.0_glibc-2.24.Linux-i686/staging_dir/host/bin
PATH: /usr/local/sbin
PATH: /usr/local/bin
PATH: /usr/sbin
PATH: /usr/bin
PATH: /sbin
PATH: /bin
PATH: /usr/games
PATH: /usr/local/games
PATH: /snap/bin


## ----------- ##
## Core tests. ##
## ----------- ##

configure:2014: loading site script /opt/lede-sdk-layerscape-64b_gcc-5.4.0_glibc-2.24.Linux-i686/include/site/aarch64
| #!/bin/sh
| . $TOPDIR/include/site/linux
| ac_cv_c_littleendian=${ac_cv_c_littleendian=yes}
| ac_cv_c_bigendian=${ac_cv_c_bigendian=no}
| 
| ac_cv_sizeof___int64=8
| ac_cv_sizeof_char=1
| ac_cv_sizeof_int=4
| ac_cv_sizeof_int16_t=2
| ac_cv_sizeof_int32_t=4
| ac_cv_sizeof_int64_t=8
| ac_cv_sizeof_long_int=8
| ac_cv_sizeof_long_long=8
| ac_cv_sizeof_long=8
| ac_cv_sizeof_off_t=8
| ac_cv_sizeof_short_int=2
| ac_cv_sizeof_short=2
| ac_cv_sizeof_size_t=8
| ac_cv_sizeof_ssize_t=8
| ac_cv_sizeof_u_int16_t=2
| ac_cv_sizeof_u_int32_t=4
| ac_cv_sizeof_u_int64_t=8
| ac_cv_sizeof_uint16_t=2
| ac_cv_sizeof_uint32_t=4
| ac_cv_sizeof_uint64_t=8
| ac_cv_sizeof_unsigned_int=4
| ac_cv_sizeof_unsigned_long=8
| ac_cv_sizeof_unsigned_long_long=8
| ac_cv_sizeof_unsigned_short=2
| ac_cv_sizeof_void_p=8
configure:2144: checking build system type
configure:2158: result: i686-pc-linux-gnu
configure:2178: checking host system type
configure:2191: result: aarch64-openwrt-linux-gnu
configure:2228: checking for a BSD-compatible install
configure:2296: result: /usr/bin/install -c
configure:2307: checking whether build environment is sane
configure:2362: result: yes
configure:2421: checking for aarch64-openwrt-linux-strip
configure:2448: result: aarch64-openwrt-linux-gnu-strip
configure:2513: checking for a thread-safe mkdir -p
configure:2552: result: /bin/mkdir -p
configure:2559: checking for gawk
configure:2575: found /usr/bin/gawk
configure:2586: result: gawk
configure:2597: checking whether make sets $(MAKE)
configure:2619: result: yes
configure:2648: checking whether make supports nested variables
configure:2665: result: yes
configure:2745: checking how to create a pax tar archive
configure:2756: tar --version
tar (GNU tar) 1.29
Copyright (C) 2015 Free Software Foundation, Inc.
License GPLv3+: GNU GPL version 3 or later <http://gnu.org/licenses/gpl.html>.
This is free software: you are free to change and redistribute it.
There is NO WARRANTY, to the extent permitted by law.

Written by John Gilmore and Jay Fenlason.
configure:2759: $? = 0
configure:2799: tardir=conftest.dir && eval tar --format=posix -chf - "$tardir" >conftest.tar
configure:2802: $? = 0
configure:2806: tar -xf - <conftest.tar
configure:2809: $? = 0
configure:2811: cat conftest.dir/file
GrepMe
configure:2814: $? = 0
configure:2827: result: gnutar
configure:2889: checking whether make supports nested variables
configure:2906: result: yes
configure:2927: checking for aarch64-openwrt-linux-gcc
configure:2954: result: aarch64-openwrt-linux-gnu-gcc
configure:3223: checking for C compiler version
configure:3232: aarch64-openwrt-linux-gnu-gcc --version >&5
aarch64-openwrt-linux-gnu-gcc (LEDE GCC 5.4.0 r3560-79f57e422d) 5.4.0
Copyright (C) 2015 Free Software Foundation, Inc.
This is free software; see the source for copying conditions.  There is NO
warranty; not even for MERCHANTABILITY or FITNESS FOR A PARTICULAR PURPOSE.

configure:3243: $? = 0
configure:3232: aarch64-openwrt-linux-gnu-gcc -v >&5
Reading specs from /opt/lede-sdk-layerscape-64b_gcc-5.4.0_glibc-2.24.Linux-i686/staging_dir/toolchain-aarch64_armv8-a_gcc-5.4.0_glibc-2.24/bin/../lib/gcc/aarch64-openwrt-linux-gnu/5.4.0/specs
COLLECT_GCC=aarch64-openwrt-linux-gnu-gcc
COLLECT_LTO_WRAPPER=/opt/lede-sdk-layerscape-64b_gcc-5.4.0_glibc-2.24.Linux-i686/staging_dir/toolchain-aarch64_armv8-a_gcc-5.4.0_glibc-2.24/bin/../libexec/gcc/aarch64-openwrt-linux-gnu/5.4.0/lto-wrapper
Target: aarch64-openwrt-linux-gnu
Configured with: /home/work/lede/source-17.01.4-LS1012A/build_dir/toolchain-aarch64_armv8-a_gcc-5.4.0_glibc-2.24/gcc-5.4.0/configure --with-bugurl=http://www.lede-project.org/bugs/ --with-pkgversion='LEDE GCC 5.4.0 r3560-79f57e422d' --prefix=/home/work/lede/source-17.01.4-LS1012A/staging_dir/toolchain-aarch64_armv8-a_gcc-5.4.0_glibc-2.24 --build=i686-linux-gnu --host=i686-linux-gnu --target=aarch64-openwrt-linux-gnu --with-gnu-ld --enable-target-optspace --disable-libgomp --disable-libmudflap --disable-multilib --disable-libmpx --disable-nls --without-isl --without-cloog --with-host-libstdcxx=-lstdc++ --with-gmp=/home/work/lede/source-17.01.4-LS1012A/staging_dir/host --with-mpfr=/home/work/lede/source-17.01.4-LS1012A/staging_dir/host --with-mpc=/home/work/lede/source-17.01.4-LS1012A/staging_dir/host --disable-decimal-float --with-diagnostics-color=auto-if-env --enable-libssp --enable-__cxa_atexit --with-headers=/home/work/lede/source-17.01.4-LS1012A/staging_dir/toolchain-aarch64_armv8-a_gcc-5.4.0_glibc-2.24/include --disable-libsanitizer --enable-languages=c,c++ --enable-shared --enable-threads --with-slibdir=/home/work/lede/source-17.01.4-LS1012A/staging_dir/toolchain-aarch64_armv8-a_gcc-5.4.0_glibc-2.24/lib --enable-lto --with-libelf=/home/work/lede/source-17.01.4-LS1012A/staging_dir/host
Thread model: posix
gcc version 5.4.0 (LEDE GCC 5.4.0 r3560-79f57e422d) 
configure:3243: $? = 0
configure:3232: aarch64-openwrt-linux-gnu-gcc -V >&5
aarch64-openwrt-linux-gnu-gcc: error: unrecognized command line option '-V'
aarch64-openwrt-linux-gnu-gcc: fatal error: no input files
compilation terminated.
configure:3243: $? = 1
configure:3232: aarch64-openwrt-linux-gnu-gcc -qversion >&5
aarch64-openwrt-linux-gnu-gcc: error: unrecognized command line option '-qversion'
aarch64-openwrt-linux-gnu-gcc: fatal error: no input files
compilation terminated.
configure:3243: $? = 1
configure:3263: checking whether the C compiler works
configure:3285: aarch64-openwrt-linux-gnu-gcc -Os -pipe -fno-caller-saves -fno-caller-saves -fno-plt -fhonour-copts -Wno-error=unused-but-set-variable -Wno-error=unused-result -iremap /opt/lede-sdk-layerscape-64b_gcc-5.4.0_glibc-2.24.Linux-i686/build_dir/target-aarch64_armv8-a_glibc-2.24/libnfnetlink-1.0.1:libnfnetlink-1.0.1 -Wformat -Werror=format-security -D_FORTIFY_SOURCE=1 -Wl,-z,now -Wl,-z,relro -fpic  -I/opt/lede-sdk-layerscape-64b_gcc-5.4.0_glibc-2.24.Linux-i686/staging_dir/target-aarch64_armv8-a_glibc-2.24/usr/include -I/opt/lede-sdk-layerscape-64b_gcc-5.4.0_glibc-2.24.Linux-i686/staging_dir/target-aarch64_armv8-a_glibc-2.24/include -I/opt/lede-sdk-layerscape-64b_gcc-5.4.0_glibc-2.24.Linux-i686/staging_dir/toolchain-aarch64_armv8-a_gcc-5.4.0_glibc-2.24/usr/include -I/opt/lede-sdk-layerscape-64b_gcc-5.4.0_glibc-2.24.Linux-i686/staging_dir/toolchain-aarch64_armv8-a_gcc-5.4.0_glibc-2.24/include  -L/opt/lede-sdk-layerscape-64b_gcc-5.4.0_glibc-2.24.Linux-i686/staging_dir/target-aarch64_armv8-a_glibc-2.24/usr/lib -L/opt/lede-sdk-layerscape-64b_gcc-5.4.0_glibc-2.24.Linux-i686/staging_dir/target-aarch64_armv8-a_glibc-2.24/lib -L/opt/lede-sdk-layerscape-64b_gcc-5.4.0_glibc-2.24.Linux-i686/staging_dir/toolchain-aarch64_armv8-a_gcc-5.4.0_glibc-2.24/usr/lib -L/opt/lede-sdk-layerscape-64b_gcc-5.4.0_glibc-2.24.Linux-i686/staging_dir/toolchain-aarch64_armv8-a_gcc-5.4.0_glibc-2.24/lib -znow -zrelro  conftest.c  >&5
configure:3289: $? = 0
configure:3337: result: yes
configure:3340: checking for C compiler default output file name
configure:3342: result: a.out
configure:3348: checking for suffix of executables
configure:3355: aarch64-openwrt-linux-gnu-gcc -o conftest -Os -pipe -fno-caller-saves -fno-caller-saves -fno-plt -fhonour-copts -Wno-error=unused-but-set-variable -Wno-error=unused-result -iremap /opt/lede-sdk-layerscape-64b_gcc-5.4.0_glibc-2.24.Linux-i686/build_dir/target-aarch64_armv8-a_glibc-2.24/libnfnetlink-1.0.1:libnfnetlink-1.0.1 -Wformat -Werror=format-security -D_FORTIFY_SOURCE=1 -Wl,-z,now -Wl,-z,relro -fpic  -I/opt/lede-sdk-layerscape-64b_gcc-5.4.0_glibc-2.24.Linux-i686/staging_dir/target-aarch64_armv8-a_glibc-2.24/usr/include -I/opt/lede-sdk-layerscape-64b_gcc-5.4.0_glibc-2.24.Linux-i686/staging_dir/target-aarch64_armv8-a_glibc-2.24/include -I/opt/lede-sdk-layerscape-64b_gcc-5.4.0_glibc-2.24.Linux-i686/staging_dir/toolchain-aarch64_armv8-a_gcc-5.4.0_glibc-2.24/usr/include -I/opt/lede-sdk-layerscape-64b_gcc-5.4.0_glibc-2.24.Linux-i686/staging_dir/toolchain-aarch64_armv8-a_gcc-5.4.0_glibc-2.24/include  -L/opt/lede-sdk-layerscape-64b_gcc-5.4.0_glibc-2.24.Linux-i686/staging_dir/target-aarch64_armv8-a_glibc-2.24/usr/lib -L/opt/lede-sdk-layerscape-64b_gcc-5.4.0_glibc-2.24.Linux-i686/staging_dir/target-aarch64_armv8-a_glibc-2.24/lib -L/opt/lede-sdk-layerscape-64b_gcc-5.4.0_glibc-2.24.Linux-i686/staging_dir/toolchain-aarch64_armv8-a_gcc-5.4.0_glibc-2.24/usr/lib -L/opt/lede-sdk-layerscape-64b_gcc-5.4.0_glibc-2.24.Linux-i686/staging_dir/toolchain-aarch64_armv8-a_gcc-5.4.0_glibc-2.24/lib -znow -zrelro  conftest.c  >&5
configure:3359: $? = 0
configure:3381: result: 
configure:3403: checking whether we are cross compiling
configure:3441: result: yes
configure:3446: checking for suffix of object files
configure:3468: aarch64-openwrt-linux-gnu-gcc -c -Os -pipe -fno-caller-saves -fno-caller-saves -fno-plt -fhonour-copts -Wno-error=unused-but-set-variable -Wno-error=unused-result -iremap /opt/lede-sdk-layerscape-64b_gcc-5.4.0_glibc-2.24.Linux-i686/build_dir/target-aarch64_armv8-a_glibc-2.24/libnfnetlink-1.0.1:libnfnetlink-1.0.1 -Wformat -Werror=format-security -D_FORTIFY_SOURCE=1 -Wl,-z,now -Wl,-z,relro -fpic  -I/opt/lede-sdk-layerscape-64b_gcc-5.4.0_glibc-2.24.Linux-i686/staging_dir/target-aarch64_armv8-a_glibc-2.24/usr/include -I/opt/lede-sdk-layerscape-64b_gcc-5.4.0_glibc-2.24.Linux-i686/staging_dir/target-aarch64_armv8-a_glibc-2.24/include -I/opt/lede-sdk-layerscape-64b_gcc-5.4.0_glibc-2.24.Linux-i686/staging_dir/toolchain-aarch64_armv8-a_gcc-5.4.0_glibc-2.24/usr/include -I/opt/lede-sdk-layerscape-64b_gcc-5.4.0_glibc-2.24.Linux-i686/staging_dir/toolchain-aarch64_armv8-a_gcc-5.4.0_glibc-2.24/include  conftest.c >&5
configure:3472: $? = 0
configure:3493: result: o
configure:3497: checking whether we are using the GNU C compiler
configure:3516: aarch64-openwrt-linux-gnu-gcc -c -Os -pipe -fno-caller-saves -fno-caller-saves -fno-plt -fhonour-copts -Wno-error=unused-but-set-variable -Wno-error=unused-result -iremap /opt/lede-sdk-layerscape-64b_gcc-5.4.0_glibc-2.24.Linux-i686/build_dir/target-aarch64_armv8-a_glibc-2.24/libnfnetlink-1.0.1:libnfnetlink-1.0.1 -Wformat -Werror=format-security -D_FORTIFY_SOURCE=1 -Wl,-z,now -Wl,-z,relro -fpic  -I/opt/lede-sdk-layerscape-64b_gcc-5.4.0_glibc-2.24.Linux-i686/staging_dir/target-aarch64_armv8-a_glibc-2.24/usr/include -I/opt/lede-sdk-layerscape-64b_gcc-5.4.0_glibc-2.24.Linux-i686/staging_dir/target-aarch64_armv8-a_glibc-2.24/include -I/opt/lede-sdk-layerscape-64b_gcc-5.4.0_glibc-2.24.Linux-i686/staging_dir/toolchain-aarch64_armv8-a_gcc-5.4.0_glibc-2.24/usr/include -I/opt/lede-sdk-layerscape-64b_gcc-5.4.0_glibc-2.24.Linux-i686/staging_dir/toolchain-aarch64_armv8-a_gcc-5.4.0_glibc-2.24/include  conftest.c >&5
configure:3516: $? = 0
configure:3525: result: yes
configure:3534: checking whether aarch64-openwrt-linux-gnu-gcc accepts -g
configure:3554: aarch64-openwrt-linux-gnu-gcc -c -g -I/opt/lede-sdk-layerscape-64b_gcc-5.4.0_glibc-2.24.Linux-i686/staging_dir/target-aarch64_armv8-a_glibc-2.24/usr/include -I/opt/lede-sdk-layerscape-64b_gcc-5.4.0_glibc-2.24.Linux-i686/staging_dir/target-aarch64_armv8-a_glibc-2.24/include -I/opt/lede-sdk-layerscape-64b_gcc-5.4.0_glibc-2.24.Linux-i686/staging_dir/toolchain-aarch64_armv8-a_gcc-5.4.0_glibc-2.24/usr/include -I/opt/lede-sdk-layerscape-64b_gcc-5.4.0_glibc-2.24.Linux-i686/staging_dir/toolchain-aarch64_armv8-a_gcc-5.4.0_glibc-2.24/include  conftest.c >&5
cc1: note: someone does not honour COPTS correctly, passed 0 times
configure:3554: $? = 0
configure: failed program was:
| /* confdefs.h */
| #define PACKAGE_NAME "libnfnetlink"
| #define PACKAGE_TARNAME "libnfnetlink"
| #define PACKAGE_VERSION "1.0.1"
| #define PACKAGE_STRING "libnfnetlink 1.0.1"
| #define PACKAGE_BUGREPORT ""
| #define PACKAGE_URL ""
| #define PACKAGE "libnfnetlink"
| #define VERSION "1.0.1"
| /* end confdefs.h.  */
| 
| int
| main ()
| {
| 
|   ;
|   return 0;
| }
configure:3569: aarch64-openwrt-linux-gnu-gcc -c  -I/opt/lede-sdk-layerscape-64b_gcc-5.4.0_glibc-2.24.Linux-i686/staging_dir/target-aarch64_armv8-a_glibc-2.24/usr/include -I/opt/lede-sdk-layerscape-64b_gcc-5.4.0_glibc-2.24.Linux-i686/staging_dir/target-aarch64_armv8-a_glibc-2.24/include -I/opt/lede-sdk-layerscape-64b_gcc-5.4.0_glibc-2.24.Linux-i686/staging_dir/toolchain-aarch64_armv8-a_gcc-5.4.0_glibc-2.24/usr/include -I/opt/lede-sdk-layerscape-64b_gcc-5.4.0_glibc-2.24.Linux-i686/staging_dir/toolchain-aarch64_armv8-a_gcc-5.4.0_glibc-2.24/include  conftest.c >&5
cc1: note: someone does not honour COPTS correctly, passed 0 times
configure:3569: $? = 0
configure: failed program was:
| /* confdefs.h */
| #define PACKAGE_NAME "libnfnetlink"
| #define PACKAGE_TARNAME "libnfnetlink"
| #define PACKAGE_VERSION "1.0.1"
| #define PACKAGE_STRING "libnfnetlink 1.0.1"
| #define PACKAGE_BUGREPORT ""
| #define PACKAGE_URL ""
| #define PACKAGE "libnfnetlink"
| #define VERSION "1.0.1"
| /* end confdefs.h.  */
| 
| int
| main ()
| {
| 
|   ;
|   return 0;
| }
configure:3585: aarch64-openwrt-linux-gnu-gcc -c -g -I/opt/lede-sdk-layerscape-64b_gcc-5.4.0_glibc-2.24.Linux-i686/staging_dir/target-aarch64_armv8-a_glibc-2.24/usr/include -I/opt/lede-sdk-layerscape-64b_gcc-5.4.0_glibc-2.24.Linux-i686/staging_dir/target-aarch64_armv8-a_glibc-2.24/include -I/opt/lede-sdk-layerscape-64b_gcc-5.4.0_glibc-2.24.Linux-i686/staging_dir/toolchain-aarch64_armv8-a_gcc-5.4.0_glibc-2.24/usr/include -I/opt/lede-sdk-layerscape-64b_gcc-5.4.0_glibc-2.24.Linux-i686/staging_dir/toolchain-aarch64_armv8-a_gcc-5.4.0_glibc-2.24/include  conftest.c >&5
cc1: note: someone does not honour COPTS correctly, passed 0 times
configure:3585: $? = 0
configure:3595: result: yes
configure:3612: checking for aarch64-openwrt-linux-gnu-gcc option to accept ISO C89
configure:3675: aarch64-openwrt-linux-gnu-gcc  -c -Os -pipe -fno-caller-saves -fno-caller-saves -fno-plt -fhonour-copts -Wno-error=unused-but-set-variable -Wno-error=unused-result -iremap /opt/lede-sdk-layerscape-64b_gcc-5.4.0_glibc-2.24.Linux-i686/build_dir/target-aarch64_armv8-a_glibc-2.24/libnfnetlink-1.0.1:libnfnetlink-1.0.1 -Wformat -Werror=format-security -D_FORTIFY_SOURCE=1 -Wl,-z,now -Wl,-z,relro -fpic  -I/opt/lede-sdk-layerscape-64b_gcc-5.4.0_glibc-2.24.Linux-i686/staging_dir/target-aarch64_armv8-a_glibc-2.24/usr/include -I/opt/lede-sdk-layerscape-64b_gcc-5.4.0_glibc-2.24.Linux-i686/staging_dir/target-aarch64_armv8-a_glibc-2.24/include -I/opt/lede-sdk-layerscape-64b_gcc-5.4.0_glibc-2.24.Linux-i686/staging_dir/toolchain-aarch64_armv8-a_gcc-5.4.0_glibc-2.24/usr/include -I/opt/lede-sdk-layerscape-64b_gcc-5.4.0_glibc-2.24.Linux-i686/staging_dir/toolchain-aarch64_armv8-a_gcc-5.4.0_glibc-2.24/include  conftest.c >&5
configure:3675: $? = 0
configure:3688: result: none needed
configure:3713: checking whether aarch64-openwrt-linux-gnu-gcc understands -c and -o together
configure:3735: aarch64-openwrt-linux-gnu-gcc -c conftest.c -o conftest2.o
cc1: note: someone does not honour COPTS correctly, passed 0 times
configure:3738: $? = 0
configure:3735: aarch64-openwrt-linux-gnu-gcc -c conftest.c -o conftest2.o
cc1: note: someone does not honour COPTS correctly, passed 0 times
configure:3738: $? = 0
configure:3750: result: yes
configure:3778: checking for style of include used by make
configure:3806: result: GNU
configure:3832: checking dependency style of aarch64-openwrt-linux-gnu-gcc
configure:3943: result: gcc3
configure:4036: checking how to print strings
configure:4063: result: printf
configure:4084: checking for a sed that does not truncate output
configure:4148: result: /opt/lede-sdk-layerscape-64b_gcc-5.4.0_glibc-2.24.Linux-i686/staging_dir/host/bin/sed
configure:4165: checking for grep that handles long lines and -e
configure:4223: result: /opt/lede-sdk-layerscape-64b_gcc-5.4.0_glibc-2.24.Linux-i686/staging_dir/host/bin/grep
configure:4228: checking for egrep
configure:4290: result: /opt/lede-sdk-layerscape-64b_gcc-5.4.0_glibc-2.24.Linux-i686/staging_dir/host/bin/grep -E
configure:4295: checking for fgrep
configure:4357: result: /opt/lede-sdk-layerscape-64b_gcc-5.4.0_glibc-2.24.Linux-i686/staging_dir/host/bin/grep -F
configure:4392: checking for ld used by aarch64-openwrt-linux-gnu-gcc
configure:4459: result: aarch64-openwrt-linux-gnu-ld
configure:4466: checking if the linker (aarch64-openwrt-linux-gnu-ld) is GNU ld
configure:4481: result: yes
configure:4493: checking for BSD- or MS-compatible name lister (nm)
configure:4542: result: aarch64-openwrt-linux-gnu-gcc-nm
configure:4672: checking the name lister (aarch64-openwrt-linux-gnu-gcc-nm) interface
configure:4679: aarch64-openwrt-linux-gnu-gcc -c -Os -pipe -fno-caller-saves -fno-caller-saves -fno-plt -fhonour-copts -Wno-error=unused-but-set-variable -Wno-error=unused-result -iremap /opt/lede-sdk-layerscape-64b_gcc-5.4.0_glibc-2.24.Linux-i686/build_dir/target-aarch64_armv8-a_glibc-2.24/libnfnetlink-1.0.1:libnfnetlink-1.0.1 -Wformat -Werror=format-security -D_FORTIFY_SOURCE=1 -Wl,-z,now -Wl,-z,relro -fpic  -I/opt/lede-sdk-layerscape-64b_gcc-5.4.0_glibc-2.24.Linux-i686/staging_dir/target-aarch64_armv8-a_glibc-2.24/usr/include -I/opt/lede-sdk-layerscape-64b_gcc-5.4.0_glibc-2.24.Linux-i686/staging_dir/target-aarch64_armv8-a_glibc-2.24/include -I/opt/lede-sdk-layerscape-64b_gcc-5.4.0_glibc-2.24.Linux-i686/staging_dir/toolchain-aarch64_armv8-a_gcc-5.4.0_glibc-2.24/usr/include -I/opt/lede-sdk-layerscape-64b_gcc-5.4.0_glibc-2.24.Linux-i686/staging_dir/toolchain-aarch64_armv8-a_gcc-5.4.0_glibc-2.24/include  conftest.c >&5
configure:4682: aarch64-openwrt-linux-gnu-gcc-nm "conftest.o"
configure:4685: output
0000000000000000 B some_variable
configure:4692: result: BSD nm
configure:4695: checking whether ln -s works
configure:4699: result: yes
configure:4707: checking the maximum length of command line arguments
configure:4832: result: 512
configure:4849: checking whether the shell understands some XSI constructs
configure:4859: result: yes
configure:4863: checking whether the shell understands "+="
configure:4869: result: yes
configure:4904: checking how to convert i686-pc-linux-gnu file names to aarch64-openwrt-linux-gnu format
configure:4944: result: func_convert_file_noop
configure:4951: checking how to convert i686-pc-linux-gnu file names to toolchain format
configure:4971: result: func_convert_file_noop
configure:4978: checking for aarch64-openwrt-linux-gnu-ld option to reload object files
configure:4985: result: -r
configure:5019: checking for aarch64-openwrt-linux-objdump
configure:5046: result: aarch64-openwrt-linux-gnu-objdump
configure:5118: checking how to recognize dependent libraries
configure:5320: result: pass_all
configure:5365: checking for aarch64-openwrt-linux-dlltool
configure:5395: result: no
configure:5405: checking for dlltool
configure:5435: result: no
configure:5465: checking how to associate runtime and link libraries
configure:5492: result: printf %s\n
configure:5509: checking for aarch64-openwrt-linux-ar
configure:5536: result: aarch64-openwrt-linux-gnu-gcc-ar
configure:5617: checking for archiver @FILE support
configure:5634: aarch64-openwrt-linux-gnu-gcc -c -Os -pipe -fno-caller-saves -fno-caller-saves -fno-plt -fhonour-copts -Wno-error=unused-but-set-variable -Wno-error=unused-result -iremap /opt/lede-sdk-layerscape-64b_gcc-5.4.0_glibc-2.24.Linux-i686/build_dir/target-aarch64_armv8-a_glibc-2.24/libnfnetlink-1.0.1:libnfnetlink-1.0.1 -Wformat -Werror=format-security -D_FORTIFY_SOURCE=1 -Wl,-z,now -Wl,-z,relro -fpic  -I/opt/lede-sdk-layerscape-64b_gcc-5.4.0_glibc-2.24.Linux-i686/staging_dir/target-aarch64_armv8-a_glibc-2.24/usr/include -I/opt/lede-sdk-layerscape-64b_gcc-5.4.0_glibc-2.24.Linux-i686/staging_dir/target-aarch64_armv8-a_glibc-2.24/include -I/opt/lede-sdk-layerscape-64b_gcc-5.4.0_glibc-2.24.Linux-i686/staging_dir/toolchain-aarch64_armv8-a_gcc-5.4.0_glibc-2.24/usr/include -I/opt/lede-sdk-layerscape-64b_gcc-5.4.0_glibc-2.24.Linux-i686/staging_dir/toolchain-aarch64_armv8-a_gcc-5.4.0_glibc-2.24/include  conftest.c >&5
configure:5634: $? = 0
configure:5637: aarch64-openwrt-linux-gnu-gcc-ar cru libconftest.a @conftest.lst >&5
/opt/lede-sdk-layerscape-64b_gcc-5.4.0_glibc-2.24.Linux-i686/staging_dir/toolchain-aarch64_armv8-a_gcc-5.4.0_glibc-2.24/bin/../lib/gcc/aarch64-openwrt-linux-gnu/5.4.0/../../../../aarch64-openwrt-linux-gnu/bin/ar: `u' modifier ignored since `D' is the default (see `U')
configure:5640: $? = 0
configure:5645: aarch64-openwrt-linux-gnu-gcc-ar cru libconftest.a @conftest.lst >&5
/opt/lede-sdk-layerscape-64b_gcc-5.4.0_glibc-2.24.Linux-i686/staging_dir/toolchain-aarch64_armv8-a_gcc-5.4.0_glibc-2.24/bin/../lib/gcc/aarch64-openwrt-linux-gnu/5.4.0/../../../../aarch64-openwrt-linux-gnu/bin/ar: `u' modifier ignored since `D' is the default (see `U')
/opt/lede-sdk-layerscape-64b_gcc-5.4.0_glibc-2.24.Linux-i686/staging_dir/toolchain-aarch64_armv8-a_gcc-5.4.0_glibc-2.24/bin/../lib/gcc/aarch64-openwrt-linux-gnu/5.4.0/../../../../aarch64-openwrt-linux-gnu/bin/ar: conftest.o: No such file or directory
configure:5648: $? = 1
configure:5660: result: @
configure:5678: checking for aarch64-openwrt-linux-strip
configure:5705: result: aarch64-openwrt-linux-gnu-strip
configure:5777: checking for aarch64-openwrt-linux-ranlib
configure:5804: result: aarch64-openwrt-linux-gnu-gcc-ranlib
configure:5945: checking command to parse aarch64-openwrt-linux-gnu-gcc-nm output from aarch64-openwrt-linux-gnu-gcc object
configure:6064: aarch64-openwrt-linux-gnu-gcc -c -Os -pipe -fno-caller-saves -fno-caller-saves -fno-plt -fhonour-copts -Wno-error=unused-but-set-variable -Wno-error=unused-result -iremap /opt/lede-sdk-layerscape-64b_gcc-5.4.0_glibc-2.24.Linux-i686/build_dir/target-aarch64_armv8-a_glibc-2.24/libnfnetlink-1.0.1:libnfnetlink-1.0.1 -Wformat -Werror=format-security -D_FORTIFY_SOURCE=1 -Wl,-z,now -Wl,-z,relro -fpic  -I/opt/lede-sdk-layerscape-64b_gcc-5.4.0_glibc-2.24.Linux-i686/staging_dir/target-aarch64_armv8-a_glibc-2.24/usr/include -I/opt/lede-sdk-layerscape-64b_gcc-5.4.0_glibc-2.24.Linux-i686/staging_dir/target-aarch64_armv8-a_glibc-2.24/include -I/opt/lede-sdk-layerscape-64b_gcc-5.4.0_glibc-2.24.Linux-i686/staging_dir/toolchain-aarch64_armv8-a_gcc-5.4.0_glibc-2.24/usr/include -I/opt/lede-sdk-layerscape-64b_gcc-5.4.0_glibc-2.24.Linux-i686/staging_dir/toolchain-aarch64_armv8-a_gcc-5.4.0_glibc-2.24/include  conftest.c >&5
configure:6067: $? = 0
configure:6071: aarch64-openwrt-linux-gnu-gcc-nm conftest.o \| sed -n -e 's/^.*[ ]\([ABCDGIRSTW][ABCDGIRSTW]*\)[ ][ ]*\([_A-Za-z][_A-Za-z0-9]*\)$/\1 \2 \2/p' | sed '/ __gnu_lto/d' \> conftest.nm
configure:6074: $? = 0
configure:6140: aarch64-openwrt-linux-gnu-gcc -o conftest -Os -pipe -fno-caller-saves -fno-caller-saves -fno-plt -fhonour-copts -Wno-error=unused-but-set-variable -Wno-error=unused-result -iremap /opt/lede-sdk-layerscape-64b_gcc-5.4.0_glibc-2.24.Linux-i686/build_dir/target-aarch64_armv8-a_glibc-2.24/libnfnetlink-1.0.1:libnfnetlink-1.0.1 -Wformat -Werror=format-security -D_FORTIFY_SOURCE=1 -Wl,-z,now -Wl,-z,relro -fpic  -I/opt/lede-sdk-layerscape-64b_gcc-5.4.0_glibc-2.24.Linux-i686/staging_dir/target-aarch64_armv8-a_glibc-2.24/usr/include -I/opt/lede-sdk-layerscape-64b_gcc-5.4.0_glibc-2.24.Linux-i686/staging_dir/target-aarch64_armv8-a_glibc-2.24/include -I/opt/lede-sdk-layerscape-64b_gcc-5.4.0_glibc-2.24.Linux-i686/staging_dir/toolchain-aarch64_armv8-a_gcc-5.4.0_glibc-2.24/usr/include -I/opt/lede-sdk-layerscape-64b_gcc-5.4.0_glibc-2.24.Linux-i686/staging_dir/toolchain-aarch64_armv8-a_gcc-5.4.0_glibc-2.24/include  -L/opt/lede-sdk-layerscape-64b_gcc-5.4.0_glibc-2.24.Linux-i686/staging_dir/target-aarch64_armv8-a_glibc-2.24/usr/lib -L/opt/lede-sdk-layerscape-64b_gcc-5.4.0_glibc-2.24.Linux-i686/staging_dir/target-aarch64_armv8-a_glibc-2.24/lib -L/opt/lede-sdk-layerscape-64b_gcc-5.4.0_glibc-2.24.Linux-i686/staging_dir/toolchain-aarch64_armv8-a_gcc-5.4.0_glibc-2.24/usr/lib -L/opt/lede-sdk-layerscape-64b_gcc-5.4.0_glibc-2.24.Linux-i686/staging_dir/toolchain-aarch64_armv8-a_gcc-5.4.0_glibc-2.24/lib -znow -zrelro  conftest.c conftstm.o >&5
configure:6143: $? = 0
configure:6181: result: ok
configure:6218: checking for sysroot
configure:6248: result: no
configure:6451: checking for aarch64-openwrt-linux-mt
configure:6481: result: no
configure:6491: checking for mt
configure:6507: found /bin/mt
configure:6518: result: mt
configure:6530: WARNING: using cross tools not prefixed with host triplet
configure:6541: checking if mt is a manifest tool
configure:6547: mt '-?'
configure:6555: result: no
configure:7187: checking how to run the C preprocessor
configure:7218: aarch64-openwrt-linux-gnu-gcc -E -I/opt/lede-sdk-layerscape-64b_gcc-5.4.0_glibc-2.24.Linux-i686/staging_dir/target-aarch64_armv8-a_glibc-2.24/usr/include -I/opt/lede-sdk-layerscape-64b_gcc-5.4.0_glibc-2.24.Linux-i686/staging_dir/target-aarch64_armv8-a_glibc-2.24/include -I/opt/lede-sdk-layerscape-64b_gcc-5.4.0_glibc-2.24.Linux-i686/staging_dir/toolchain-aarch64_armv8-a_gcc-5.4.0_glibc-2.24/usr/include -I/opt/lede-sdk-layerscape-64b_gcc-5.4.0_glibc-2.24.Linux-i686/staging_dir/toolchain-aarch64_armv8-a_gcc-5.4.0_glibc-2.24/include  conftest.c
configure:7218: $? = 0
configure:7232: aarch64-openwrt-linux-gnu-gcc -E -I/opt/lede-sdk-layerscape-64b_gcc-5.4.0_glibc-2.24.Linux-i686/staging_dir/target-aarch64_armv8-a_glibc-2.24/usr/include -I/opt/lede-sdk-layerscape-64b_gcc-5.4.0_glibc-2.24.Linux-i686/staging_dir/target-aarch64_armv8-a_glibc-2.24/include -I/opt/lede-sdk-layerscape-64b_gcc-5.4.0_glibc-2.24.Linux-i686/staging_dir/toolchain-aarch64_armv8-a_gcc-5.4.0_glibc-2.24/usr/include -I/opt/lede-sdk-layerscape-64b_gcc-5.4.0_glibc-2.24.Linux-i686/staging_dir/toolchain-aarch64_armv8-a_gcc-5.4.0_glibc-2.24/include  conftest.c
conftest.c:11:28: fatal error: ac_nonexistent.h: No such file or directory
compilation terminated.
configure:7232: $? = 1
configure: failed program was:
| /* confdefs.h */
| #define PACKAGE_NAME "libnfnetlink"
| #define PACKAGE_TARNAME "libnfnetlink"
| #define PACKAGE_VERSION "1.0.1"
| #define PACKAGE_STRING "libnfnetlink 1.0.1"
| #define PACKAGE_BUGREPORT ""
| #define PACKAGE_URL ""
| #define PACKAGE "libnfnetlink"
| #define VERSION "1.0.1"
| /* end confdefs.h.  */
| #include <ac_nonexistent.h>
configure:7257: result: aarch64-openwrt-linux-gnu-gcc -E
configure:7277: aarch64-openwrt-linux-gnu-gcc -E -I/opt/lede-sdk-layerscape-64b_gcc-5.4.0_glibc-2.24.Linux-i686/staging_dir/target-aarch64_armv8-a_glibc-2.24/usr/include -I/opt/lede-sdk-layerscape-64b_gcc-5.4.0_glibc-2.24.Linux-i686/staging_dir/target-aarch64_armv8-a_glibc-2.24/include -I/opt/lede-sdk-layerscape-64b_gcc-5.4.0_glibc-2.24.Linux-i686/staging_dir/toolchain-aarch64_armv8-a_gcc-5.4.0_glibc-2.24/usr/include -I/opt/lede-sdk-layerscape-64b_gcc-5.4.0_glibc-2.24.Linux-i686/staging_dir/toolchain-aarch64_armv8-a_gcc-5.4.0_glibc-2.24/include  conftest.c
configure:7277: $? = 0
configure:7291: aarch64-openwrt-linux-gnu-gcc -E -I/opt/lede-sdk-layerscape-64b_gcc-5.4.0_glibc-2.24.Linux-i686/staging_dir/target-aarch64_armv8-a_glibc-2.24/usr/include -I/opt/lede-sdk-layerscape-64b_gcc-5.4.0_glibc-2.24.Linux-i686/staging_dir/target-aarch64_armv8-a_glibc-2.24/include -I/opt/lede-sdk-layerscape-64b_gcc-5.4.0_glibc-2.24.Linux-i686/staging_dir/toolchain-aarch64_armv8-a_gcc-5.4.0_glibc-2.24/usr/include -I/opt/lede-sdk-layerscape-64b_gcc-5.4.0_glibc-2.24.Linux-i686/staging_dir/toolchain-aarch64_armv8-a_gcc-5.4.0_glibc-2.24/include  conftest.c
conftest.c:11:28: fatal error: ac_nonexistent.h: No such file or directory
compilation terminated.
configure:7291: $? = 1
configure: failed program was:
| /* confdefs.h */
| #define PACKAGE_NAME "libnfnetlink"
| #define PACKAGE_TARNAME "libnfnetlink"
| #define PACKAGE_VERSION "1.0.1"
| #define PACKAGE_STRING "libnfnetlink 1.0.1"
| #define PACKAGE_BUGREPORT ""
| #define PACKAGE_URL ""
| #define PACKAGE "libnfnetlink"
| #define VERSION "1.0.1"
| /* end confdefs.h.  */
| #include <ac_nonexistent.h>
configure:7320: checking for ANSI C header files
configure:7340: aarch64-openwrt-linux-gnu-gcc -c -Os -pipe -fno-caller-saves -fno-caller-saves -fno-plt -fhonour-copts -Wno-error=unused-but-set-variable -Wno-error=unused-result -iremap /opt/lede-sdk-layerscape-64b_gcc-5.4.0_glibc-2.24.Linux-i686/build_dir/target-aarch64_armv8-a_glibc-2.24/libnfnetlink-1.0.1:libnfnetlink-1.0.1 -Wformat -Werror=format-security -D_FORTIFY_SOURCE=1 -Wl,-z,now -Wl,-z,relro -fpic  -I/opt/lede-sdk-layerscape-64b_gcc-5.4.0_glibc-2.24.Linux-i686/staging_dir/target-aarch64_armv8-a_glibc-2.24/usr/include -I/opt/lede-sdk-layerscape-64b_gcc-5.4.0_glibc-2.24.Linux-i686/staging_dir/target-aarch64_armv8-a_glibc-2.24/include -I/opt/lede-sdk-layerscape-64b_gcc-5.4.0_glibc-2.24.Linux-i686/staging_dir/toolchain-aarch64_armv8-a_gcc-5.4.0_glibc-2.24/usr/include -I/opt/lede-sdk-layerscape-64b_gcc-5.4.0_glibc-2.24.Linux-i686/staging_dir/toolchain-aarch64_armv8-a_gcc-5.4.0_glibc-2.24/include  conftest.c >&5
configure:7340: $? = 0
configure:7424: result: yes
configure:7437: checking for sys/types.h
configure:7437: aarch64-openwrt-linux-gnu-gcc -c -Os -pipe -fno-caller-saves -fno-caller-saves -fno-plt -fhonour-copts -Wno-error=unused-but-set-variable -Wno-error=unused-result -iremap /opt/lede-sdk-layerscape-64b_gcc-5.4.0_glibc-2.24.Linux-i686/build_dir/target-aarch64_armv8-a_glibc-2.24/libnfnetlink-1.0.1:libnfnetlink-1.0.1 -Wformat -Werror=format-security -D_FORTIFY_SOURCE=1 -Wl,-z,now -Wl,-z,relro -fpic  -I/opt/lede-sdk-layerscape-64b_gcc-5.4.0_glibc-2.24.Linux-i686/staging_dir/target-aarch64_armv8-a_glibc-2.24/usr/include -I/opt/lede-sdk-layerscape-64b_gcc-5.4.0_glibc-2.24.Linux-i686/staging_dir/target-aarch64_armv8-a_glibc-2.24/include -I/opt/lede-sdk-layerscape-64b_gcc-5.4.0_glibc-2.24.Linux-i686/staging_dir/toolchain-aarch64_armv8-a_gcc-5.4.0_glibc-2.24/usr/include -I/opt/lede-sdk-layerscape-64b_gcc-5.4.0_glibc-2.24.Linux-i686/staging_dir/toolchain-aarch64_armv8-a_gcc-5.4.0_glibc-2.24/include  conftest.c >&5
configure:7437: $? = 0
configure:7437: result: yes
configure:7437: checking for sys/stat.h
configure:7437: aarch64-openwrt-linux-gnu-gcc -c -Os -pipe -fno-caller-saves -fno-caller-saves -fno-plt -fhonour-copts -Wno-error=unused-but-set-variable -Wno-error=unused-result -iremap /opt/lede-sdk-layerscape-64b_gcc-5.4.0_glibc-2.24.Linux-i686/build_dir/target-aarch64_armv8-a_glibc-2.24/libnfnetlink-1.0.1:libnfnetlink-1.0.1 -Wformat -Werror=format-security -D_FORTIFY_SOURCE=1 -Wl,-z,now -Wl,-z,relro -fpic  -I/opt/lede-sdk-layerscape-64b_gcc-5.4.0_glibc-2.24.Linux-i686/staging_dir/target-aarch64_armv8-a_glibc-2.24/usr/include -I/opt/lede-sdk-layerscape-64b_gcc-5.4.0_glibc-2.24.Linux-i686/staging_dir/target-aarch64_armv8-a_glibc-2.24/include -I/opt/lede-sdk-layerscape-64b_gcc-5.4.0_glibc-2.24.Linux-i686/staging_dir/toolchain-aarch64_armv8-a_gcc-5.4.0_glibc-2.24/usr/include -I/opt/lede-sdk-layerscape-64b_gcc-5.4.0_glibc-2.24.Linux-i686/staging_dir/toolchain-aarch64_armv8-a_gcc-5.4.0_glibc-2.24/include  conftest.c >&5
configure:7437: $? = 0
configure:7437: result: yes
configure:7437: checking for stdlib.h
configure:7437: aarch64-openwrt-linux-gnu-gcc -c -Os -pipe -fno-caller-saves -fno-caller-saves -fno-plt -fhonour-copts -Wno-error=unused-but-set-variable -Wno-error=unused-result -iremap /opt/lede-sdk-layerscape-64b_gcc-5.4.0_glibc-2.24.Linux-i686/build_dir/target-aarch64_armv8-a_glibc-2.24/libnfnetlink-1.0.1:libnfnetlink-1.0.1 -Wformat -Werror=format-security -D_FORTIFY_SOURCE=1 -Wl,-z,now -Wl,-z,relro -fpic  -I/opt/lede-sdk-layerscape-64b_gcc-5.4.0_glibc-2.24.Linux-i686/staging_dir/target-aarch64_armv8-a_glibc-2.24/usr/include -I/opt/lede-sdk-layerscape-64b_gcc-5.4.0_glibc-2.24.Linux-i686/staging_dir/target-aarch64_armv8-a_glibc-2.24/include -I/opt/lede-sdk-layerscape-64b_gcc-5.4.0_glibc-2.24.Linux-i686/staging_dir/toolchain-aarch64_armv8-a_gcc-5.4.0_glibc-2.24/usr/include -I/opt/lede-sdk-layerscape-64b_gcc-5.4.0_glibc-2.24.Linux-i686/staging_dir/toolchain-aarch64_armv8-a_gcc-5.4.0_glibc-2.24/include  conftest.c >&5
configure:7437: $? = 0
configure:7437: result: yes
configure:7437: checking for string.h
configure:7437: aarch64-openwrt-linux-gnu-gcc -c -Os -pipe -fno-caller-saves -fno-caller-saves -fno-plt -fhonour-copts -Wno-error=unused-but-set-variable -Wno-error=unused-result -iremap /opt/lede-sdk-layerscape-64b_gcc-5.4.0_glibc-2.24.Linux-i686/build_dir/target-aarch64_armv8-a_glibc-2.24/libnfnetlink-1.0.1:libnfnetlink-1.0.1 -Wformat -Werror=format-security -D_FORTIFY_SOURCE=1 -Wl,-z,now -Wl,-z,relro -fpic  -I/opt/lede-sdk-layerscape-64b_gcc-5.4.0_glibc-2.24.Linux-i686/staging_dir/target-aarch64_armv8-a_glibc-2.24/usr/include -I/opt/lede-sdk-layerscape-64b_gcc-5.4.0_glibc-2.24.Linux-i686/staging_dir/target-aarch64_armv8-a_glibc-2.24/include -I/opt/lede-sdk-layerscape-64b_gcc-5.4.0_glibc-2.24.Linux-i686/staging_dir/toolchain-aarch64_armv8-a_gcc-5.4.0_glibc-2.24/usr/include -I/opt/lede-sdk-layerscape-64b_gcc-5.4.0_glibc-2.24.Linux-i686/staging_dir/toolchain-aarch64_armv8-a_gcc-5.4.0_glibc-2.24/include  conftest.c >&5
configure:7437: $? = 0
configure:7437: result: yes
configure:7437: checking for memory.h
configure:7437: aarch64-openwrt-linux-gnu-gcc -c -Os -pipe -fno-caller-saves -fno-caller-saves -fno-plt -fhonour-copts -Wno-error=unused-but-set-variable -Wno-error=unused-result -iremap /opt/lede-sdk-layerscape-64b_gcc-5.4.0_glibc-2.24.Linux-i686/build_dir/target-aarch64_armv8-a_glibc-2.24/libnfnetlink-1.0.1:libnfnetlink-1.0.1 -Wformat -Werror=format-security -D_FORTIFY_SOURCE=1 -Wl,-z,now -Wl,-z,relro -fpic  -I/opt/lede-sdk-layerscape-64b_gcc-5.4.0_glibc-2.24.Linux-i686/staging_dir/target-aarch64_armv8-a_glibc-2.24/usr/include -I/opt/lede-sdk-layerscape-64b_gcc-5.4.0_glibc-2.24.Linux-i686/staging_dir/target-aarch64_armv8-a_glibc-2.24/include -I/opt/lede-sdk-layerscape-64b_gcc-5.4.0_glibc-2.24.Linux-i686/staging_dir/toolchain-aarch64_armv8-a_gcc-5.4.0_glibc-2.24/usr/include -I/opt/lede-sdk-layerscape-64b_gcc-5.4.0_glibc-2.24.Linux-i686/staging_dir/toolchain-aarch64_armv8-a_gcc-5.4.0_glibc-2.24/include  conftest.c >&5
configure:7437: $? = 0
configure:7437: result: yes
configure:7437: checking for strings.h
configure:7437: aarch64-openwrt-linux-gnu-gcc -c -Os -pipe -fno-caller-saves -fno-caller-saves -fno-plt -fhonour-copts -Wno-error=unused-but-set-variable -Wno-error=unused-result -iremap /opt/lede-sdk-layerscape-64b_gcc-5.4.0_glibc-2.24.Linux-i686/build_dir/target-aarch64_armv8-a_glibc-2.24/libnfnetlink-1.0.1:libnfnetlink-1.0.1 -Wformat -Werror=format-security -D_FORTIFY_SOURCE=1 -Wl,-z,now -Wl,-z,relro -fpic  -I/opt/lede-sdk-layerscape-64b_gcc-5.4.0_glibc-2.24.Linux-i686/staging_dir/target-aarch64_armv8-a_glibc-2.24/usr/include -I/opt/lede-sdk-layerscape-64b_gcc-5.4.0_glibc-2.24.Linux-i686/staging_dir/target-aarch64_armv8-a_glibc-2.24/include -I/opt/lede-sdk-layerscape-64b_gcc-5.4.0_glibc-2.24.Linux-i686/staging_dir/toolchain-aarch64_armv8-a_gcc-5.4.0_glibc-2.24/usr/include -I/opt/lede-sdk-layerscape-64b_gcc-5.4.0_glibc-2.24.Linux-i686/staging_dir/toolchain-aarch64_armv8-a_gcc-5.4.0_glibc-2.24/include  conftest.c >&5
configure:7437: $? = 0
configure:7437: result: yes
configure:7437: checking for inttypes.h
configure:7437: aarch64-openwrt-linux-gnu-gcc -c -Os -pipe -fno-caller-saves -fno-caller-saves -fno-plt -fhonour-copts -Wno-error=unused-but-set-variable -Wno-error=unused-result -iremap /opt/lede-sdk-layerscape-64b_gcc-5.4.0_glibc-2.24.Linux-i686/build_dir/target-aarch64_armv8-a_glibc-2.24/libnfnetlink-1.0.1:libnfnetlink-1.0.1 -Wformat -Werror=format-security -D_FORTIFY_SOURCE=1 -Wl,-z,now -Wl,-z,relro -fpic  -I/opt/lede-sdk-layerscape-64b_gcc-5.4.0_glibc-2.24.Linux-i686/staging_dir/target-aarch64_armv8-a_glibc-2.24/usr/include -I/opt/lede-sdk-layerscape-64b_gcc-5.4.0_glibc-2.24.Linux-i686/staging_dir/target-aarch64_armv8-a_glibc-2.24/include -I/opt/lede-sdk-layerscape-64b_gcc-5.4.0_glibc-2.24.Linux-i686/staging_dir/toolchain-aarch64_armv8-a_gcc-5.4.0_glibc-2.24/usr/include -I/opt/lede-sdk-layerscape-64b_gcc-5.4.0_glibc-2.24.Linux-i686/staging_dir/toolchain-aarch64_armv8-a_gcc-5.4.0_glibc-2.24/include  conftest.c >&5
configure:7437: $? = 0
configure:7437: result: yes
configure:7437: checking for stdint.h
configure:7437: aarch64-openwrt-linux-gnu-gcc -c -Os -pipe -fno-caller-saves -fno-caller-saves -fno-plt -fhonour-copts -Wno-error=unused-but-set-variable -Wno-error=unused-result -iremap /opt/lede-sdk-layerscape-64b_gcc-5.4.0_glibc-2.24.Linux-i686/build_dir/target-aarch64_armv8-a_glibc-2.24/libnfnetlink-1.0.1:libnfnetlink-1.0.1 -Wformat -Werror=format-security -D_FORTIFY_SOURCE=1 -Wl,-z,now -Wl,-z,relro -fpic  -I/opt/lede-sdk-layerscape-64b_gcc-5.4.0_glibc-2.24.Linux-i686/staging_dir/target-aarch64_armv8-a_glibc-2.24/usr/include -I/opt/lede-sdk-layerscape-64b_gcc-5.4.0_glibc-2.24.Linux-i686/staging_dir/target-aarch64_armv8-a_glibc-2.24/include -I/opt/lede-sdk-layerscape-64b_gcc-5.4.0_glibc-2.24.Linux-i686/staging_dir/toolchain-aarch64_armv8-a_gcc-5.4.0_glibc-2.24/usr/include -I/opt/lede-sdk-layerscape-64b_gcc-5.4.0_glibc-2.24.Linux-i686/staging_dir/toolchain-aarch64_armv8-a_gcc-5.4.0_glibc-2.24/include  conftest.c >&5
configure:7437: $? = 0
configure:7437: result: yes
configure:7437: checking for unistd.h
configure:7437: aarch64-openwrt-linux-gnu-gcc -c -Os -pipe -fno-caller-saves -fno-caller-saves -fno-plt -fhonour-copts -Wno-error=unused-but-set-variable -Wno-error=unused-result -iremap /opt/lede-sdk-layerscape-64b_gcc-5.4.0_glibc-2.24.Linux-i686/build_dir/target-aarch64_armv8-a_glibc-2.24/libnfnetlink-1.0.1:libnfnetlink-1.0.1 -Wformat -Werror=format-security -D_FORTIFY_SOURCE=1 -Wl,-z,now -Wl,-z,relro -fpic  -I/opt/lede-sdk-layerscape-64b_gcc-5.4.0_glibc-2.24.Linux-i686/staging_dir/target-aarch64_armv8-a_glibc-2.24/usr/include -I/opt/lede-sdk-layerscape-64b_gcc-5.4.0_glibc-2.24.Linux-i686/staging_dir/target-aarch64_armv8-a_glibc-2.24/include -I/opt/lede-sdk-layerscape-64b_gcc-5.4.0_glibc-2.24.Linux-i686/staging_dir/toolchain-aarch64_armv8-a_gcc-5.4.0_glibc-2.24/usr/include -I/opt/lede-sdk-layerscape-64b_gcc-5.4.0_glibc-2.24.Linux-i686/staging_dir/toolchain-aarch64_armv8-a_gcc-5.4.0_glibc-2.24/include  conftest.c >&5
configure:7437: $? = 0
configure:7437: result: yes
configure:7451: checking for dlfcn.h
configure:7451: aarch64-openwrt-linux-gnu-gcc -c -Os -pipe -fno-caller-saves -fno-caller-saves -fno-plt -fhonour-copts -Wno-error=unused-but-set-variable -Wno-error=unused-result -iremap /opt/lede-sdk-layerscape-64b_gcc-5.4.0_glibc-2.24.Linux-i686/build_dir/target-aarch64_armv8-a_glibc-2.24/libnfnetlink-1.0.1:libnfnetlink-1.0.1 -Wformat -Werror=format-security -D_FORTIFY_SOURCE=1 -Wl,-z,now -Wl,-z,relro -fpic  -I/opt/lede-sdk-layerscape-64b_gcc-5.4.0_glibc-2.24.Linux-i686/staging_dir/target-aarch64_armv8-a_glibc-2.24/usr/include -I/opt/lede-sdk-layerscape-64b_gcc-5.4.0_glibc-2.24.Linux-i686/staging_dir/target-aarch64_armv8-a_glibc-2.24/include -I/opt/lede-sdk-layerscape-64b_gcc-5.4.0_glibc-2.24.Linux-i686/staging_dir/toolchain-aarch64_armv8-a_gcc-5.4.0_glibc-2.24/usr/include -I/opt/lede-sdk-layerscape-64b_gcc-5.4.0_glibc-2.24.Linux-i686/staging_dir/toolchain-aarch64_armv8-a_gcc-5.4.0_glibc-2.24/include  conftest.c >&5
configure:7451: $? = 0
configure:7451: result: yes
configure:7608: checking for objdir
configure:7623: result: .libs
configure:7893: checking if aarch64-openwrt-linux-gnu-gcc supports -fno-rtti -fno-exceptions
configure:7911: aarch64-openwrt-linux-gnu-gcc -c -Os -pipe -fno-caller-saves -fno-caller-saves -fno-plt -fhonour-copts -Wno-error=unused-but-set-variable -Wno-error=unused-result -iremap /opt/lede-sdk-layerscape-64b_gcc-5.4.0_glibc-2.24.Linux-i686/build_dir/target-aarch64_armv8-a_glibc-2.24/libnfnetlink-1.0.1:libnfnetlink-1.0.1 -Wformat -Werror=format-security -D_FORTIFY_SOURCE=1 -Wl,-z,now -Wl,-z,relro -fpic  -I/opt/lede-sdk-layerscape-64b_gcc-5.4.0_glibc-2.24.Linux-i686/staging_dir/target-aarch64_armv8-a_glibc-2.24/usr/include -I/opt/lede-sdk-layerscape-64b_gcc-5.4.0_glibc-2.24.Linux-i686/staging_dir/target-aarch64_armv8-a_glibc-2.24/include -I/opt/lede-sdk-layerscape-64b_gcc-5.4.0_glibc-2.24.Linux-i686/staging_dir/toolchain-aarch64_armv8-a_gcc-5.4.0_glibc-2.24/usr/include -I/opt/lede-sdk-layerscape-64b_gcc-5.4.0_glibc-2.24.Linux-i686/staging_dir/toolchain-aarch64_armv8-a_gcc-5.4.0_glibc-2.24/include  -fno-rtti -fno-exceptions conftest.c >&5
cc1: warning: command line option '-fno-rtti' is valid for C++/ObjC++ but not for C
configure:7915: $? = 0
configure:7928: result: no
configure:8238: checking for aarch64-openwrt-linux-gnu-gcc option to produce PIC
configure:8245: result: -fPIC -DPIC
configure:8253: checking if aarch64-openwrt-linux-gnu-gcc PIC flag -fPIC -DPIC works
configure:8271: aarch64-openwrt-linux-gnu-gcc -c -Os -pipe -fno-caller-saves -fno-caller-saves -fno-plt -fhonour-copts -Wno-error=unused-but-set-variable -Wno-error=unused-result -iremap /opt/lede-sdk-layerscape-64b_gcc-5.4.0_glibc-2.24.Linux-i686/build_dir/target-aarch64_armv8-a_glibc-2.24/libnfnetlink-1.0.1:libnfnetlink-1.0.1 -Wformat -Werror=format-security -D_FORTIFY_SOURCE=1 -Wl,-z,now -Wl,-z,relro -fpic  -I/opt/lede-sdk-layerscape-64b_gcc-5.4.0_glibc-2.24.Linux-i686/staging_dir/target-aarch64_armv8-a_glibc-2.24/usr/include -I/opt/lede-sdk-layerscape-64b_gcc-5.4.0_glibc-2.24.Linux-i686/staging_dir/target-aarch64_armv8-a_glibc-2.24/include -I/opt/lede-sdk-layerscape-64b_gcc-5.4.0_glibc-2.24.Linux-i686/staging_dir/toolchain-aarch64_armv8-a_gcc-5.4.0_glibc-2.24/usr/include -I/opt/lede-sdk-layerscape-64b_gcc-5.4.0_glibc-2.24.Linux-i686/staging_dir/toolchain-aarch64_armv8-a_gcc-5.4.0_glibc-2.24/include  -fPIC -DPIC -DPIC conftest.c >&5
configure:8275: $? = 0
configure:8288: result: yes
configure:8317: checking if aarch64-openwrt-linux-gnu-gcc static flag -static works
configure:8345: result: no
configure:8360: checking if aarch64-openwrt-linux-gnu-gcc supports -c -o file.o
configure:8381: aarch64-openwrt-linux-gnu-gcc -c -Os -pipe -fno-caller-saves -fno-caller-saves -fno-plt -fhonour-copts -Wno-error=unused-but-set-variable -Wno-error=unused-result -iremap /opt/lede-sdk-layerscape-64b_gcc-5.4.0_glibc-2.24.Linux-i686/build_dir/target-aarch64_armv8-a_glibc-2.24/libnfnetlink-1.0.1:libnfnetlink-1.0.1 -Wformat -Werror=format-security -D_FORTIFY_SOURCE=1 -Wl,-z,now -Wl,-z,relro -fpic  -I/opt/lede-sdk-layerscape-64b_gcc-5.4.0_glibc-2.24.Linux-i686/staging_dir/target-aarch64_armv8-a_glibc-2.24/usr/include -I/opt/lede-sdk-layerscape-64b_gcc-5.4.0_glibc-2.24.Linux-i686/staging_dir/target-aarch64_armv8-a_glibc-2.24/include -I/opt/lede-sdk-layerscape-64b_gcc-5.4.0_glibc-2.24.Linux-i686/staging_dir/toolchain-aarch64_armv8-a_gcc-5.4.0_glibc-2.24/usr/include -I/opt/lede-sdk-layerscape-64b_gcc-5.4.0_glibc-2.24.Linux-i686/staging_dir/toolchain-aarch64_armv8-a_gcc-5.4.0_glibc-2.24/include  -o out/conftest2.o conftest.c >&5
configure:8385: $? = 0
configure:8407: result: yes
configure:8415: checking if aarch64-openwrt-linux-gnu-gcc supports -c -o file.o
configure:8462: result: yes
configure:8495: checking whether the aarch64-openwrt-linux-gnu-gcc linker (aarch64-openwrt-linux-gnu-ld) supports shared libraries
configure:9653: result: yes
configure:9690: checking whether -lc should be explicitly linked in
configure:9698: aarch64-openwrt-linux-gnu-gcc -c -Os -pipe -fno-caller-saves -fno-caller-saves -fno-plt -fhonour-copts -Wno-error=unused-but-set-variable -Wno-error=unused-result -iremap /opt/lede-sdk-layerscape-64b_gcc-5.4.0_glibc-2.24.Linux-i686/build_dir/target-aarch64_armv8-a_glibc-2.24/libnfnetlink-1.0.1:libnfnetlink-1.0.1 -Wformat -Werror=format-security -D_FORTIFY_SOURCE=1 -Wl,-z,now -Wl,-z,relro -fpic  -I/opt/lede-sdk-layerscape-64b_gcc-5.4.0_glibc-2.24.Linux-i686/staging_dir/target-aarch64_armv8-a_glibc-2.24/usr/include -I/opt/lede-sdk-layerscape-64b_gcc-5.4.0_glibc-2.24.Linux-i686/staging_dir/target-aarch64_armv8-a_glibc-2.24/include -I/opt/lede-sdk-layerscape-64b_gcc-5.4.0_glibc-2.24.Linux-i686/staging_dir/toolchain-aarch64_armv8-a_gcc-5.4.0_glibc-2.24/usr/include -I/opt/lede-sdk-layerscape-64b_gcc-5.4.0_glibc-2.24.Linux-i686/staging_dir/toolchain-aarch64_armv8-a_gcc-5.4.0_glibc-2.24/include  conftest.c >&5
configure:9701: $? = 0
configure:9716: aarch64-openwrt-linux-gnu-gcc -shared  -fPIC -DPIC conftest.o  -v -Wl,-soname -Wl,conftest -o conftest 2\>\&1 \| /opt/lede-sdk-layerscape-64b_gcc-5.4.0_glibc-2.24.Linux-i686/staging_dir/host/bin/grep  -lc  \>/dev/null 2\>\&1
configure:9719: $? = 0
configure:9733: result: no
configure:9898: checking dynamic linker characteristics
configure:10412: aarch64-openwrt-linux-gnu-gcc -o conftest -Os -pipe -fno-caller-saves -fno-caller-saves -fno-plt -fhonour-copts -Wno-error=unused-but-set-variable -Wno-error=unused-result -iremap /opt/lede-sdk-layerscape-64b_gcc-5.4.0_glibc-2.24.Linux-i686/build_dir/target-aarch64_armv8-a_glibc-2.24/libnfnetlink-1.0.1:libnfnetlink-1.0.1 -Wformat -Werror=format-security -D_FORTIFY_SOURCE=1 -Wl,-z,now -Wl,-z,relro -fpic  -I/opt/lede-sdk-layerscape-64b_gcc-5.4.0_glibc-2.24.Linux-i686/staging_dir/target-aarch64_armv8-a_glibc-2.24/usr/include -I/opt/lede-sdk-layerscape-64b_gcc-5.4.0_glibc-2.24.Linux-i686/staging_dir/target-aarch64_armv8-a_glibc-2.24/include -I/opt/lede-sdk-layerscape-64b_gcc-5.4.0_glibc-2.24.Linux-i686/staging_dir/toolchain-aarch64_armv8-a_gcc-5.4.0_glibc-2.24/usr/include -I/opt/lede-sdk-layerscape-64b_gcc-5.4.0_glibc-2.24.Linux-i686/staging_dir/toolchain-aarch64_armv8-a_gcc-5.4.0_glibc-2.24/include  -L/opt/lede-sdk-layerscape-64b_gcc-5.4.0_glibc-2.24.Linux-i686/staging_dir/target-aarch64_armv8-a_glibc-2.24/usr/lib -L/opt/lede-sdk-layerscape-64b_gcc-5.4.0_glibc-2.24.Linux-i686/staging_dir/target-aarch64_armv8-a_glibc-2.24/lib -L/opt/lede-sdk-layerscape-64b_gcc-5.4.0_glibc-2.24.Linux-i686/staging_dir/toolchain-aarch64_armv8-a_gcc-5.4.0_glibc-2.24/usr/lib -L/opt/lede-sdk-layerscape-64b_gcc-5.4.0_glibc-2.24.Linux-i686/staging_dir/toolchain-aarch64_armv8-a_gcc-5.4.0_glibc-2.24/lib -znow -zrelro  -Wl,-rpath -Wl,/foo conftest.c  >&5
configure:10412: $? = 0
configure:10634: result: GNU/Linux ld.so
configure:10741: checking how to hardcode library paths into programs
configure:10766: result: immediate
configure:11306: checking whether stripping libraries is possible
configure:11311: result: yes
configure:11346: checking if libtool supports shared libraries
configure:11348: result: yes
configure:11351: checking whether to build shared libraries
configure:11372: result: yes
configure:11375: checking whether to build static libraries
configure:11379: result: yes
configure:11570: checking that generated files are newer than configure
configure:11576: result: done
configure:11599: creating ./config.status

## ---------------------- ##
## Running config.status. ##
## ---------------------- ##

This file was extended by libnfnetlink config.status 1.0.1, which was
generated by GNU Autoconf 2.69.  Invocation command line was

  CONFIG_FILES    = 
  CONFIG_HEADERS  = 
  CONFIG_LINKS    = 
  CONFIG_COMMANDS = 
  $ ./config.status 

on Luny-Ubuntu

config.status:1022: creating Makefile
config.status:1022: creating src/Makefile
config.status:1022: creating include/Makefile
config.status:1022: creating include/libnfnetlink/Makefile
config.status:1022: creating utils/Makefile
config.status:1022: creating libnfnetlink.pc
config.status:1194: executing depfiles commands
config.status:1194: executing libtool commands
configure:13633: WARNING: unrecognized options: --disable-nls

## ---------------- ##
## Cache variables. ##
## ---------------- ##

ac_cv_build=i686-pc-linux-gnu
ac_cv_c_bigendian=no
ac_cv_c_compiler_gnu=yes
ac_cv_c_gettext_without_libintl=yes
ac_cv_c_littleendian=yes
ac_cv_c_long_double=no
ac_cv_conv_longlong_to_float=yes
ac_cv_env_CC_set=set
ac_cv_env_CC_value=aarch64-openwrt-linux-gnu-gcc
ac_cv_env_CFLAGS_set=set
ac_cv_env_CFLAGS_value='-Os -pipe -fno-caller-saves -fno-caller-saves -fno-plt -fhonour-copts -Wno-error=unused-but-set-variable -Wno-error=unused-result -iremap /opt/lede-sdk-layerscape-64b_gcc-5.4.0_glibc-2.24.Linux-i686/build_dir/target-aarch64_armv8-a_glibc-2.24/libnfnetlink-1.0.1:libnfnetlink-1.0.1 -Wformat -Werror=format-security -D_FORTIFY_SOURCE=1 -Wl,-z,now -Wl,-z,relro -fpic '
ac_cv_env_CPPFLAGS_set=set
ac_cv_env_CPPFLAGS_value='-I/opt/lede-sdk-layerscape-64b_gcc-5.4.0_glibc-2.24.Linux-i686/staging_dir/target-aarch64_armv8-a_glibc-2.24/usr/include -I/opt/lede-sdk-layerscape-64b_gcc-5.4.0_glibc-2.24.Linux-i686/staging_dir/target-aarch64_armv8-a_glibc-2.24/include -I/opt/lede-sdk-layerscape-64b_gcc-5.4.0_glibc-2.24.Linux-i686/staging_dir/toolchain-aarch64_armv8-a_gcc-5.4.0_glibc-2.24/usr/include -I/opt/lede-sdk-layerscape-64b_gcc-5.4.0_glibc-2.24.Linux-i686/staging_dir/toolchain-aarch64_armv8-a_gcc-5.4.0_glibc-2.24/include '
ac_cv_env_CPP_set=
ac_cv_env_CPP_value=
ac_cv_env_LDFLAGS_set=set
ac_cv_env_LDFLAGS_value='-L/opt/lede-sdk-layerscape-64b_gcc-5.4.0_glibc-2.24.Linux-i686/staging_dir/target-aarch64_armv8-a_glibc-2.24/usr/lib -L/opt/lede-sdk-layerscape-64b_gcc-5.4.0_glibc-2.24.Linux-i686/staging_dir/target-aarch64_armv8-a_glibc-2.24/lib -L/opt/lede-sdk-layerscape-64b_gcc-5.4.0_glibc-2.24.Linux-i686/staging_dir/toolchain-aarch64_armv8-a_gcc-5.4.0_glibc-2.24/usr/lib -L/opt/lede-sdk-layerscape-64b_gcc-5.4.0_glibc-2.24.Linux-i686/staging_dir/toolchain-aarch64_armv8-a_gcc-5.4.0_glibc-2.24/lib -znow -zrelro '
ac_cv_env_LIBS_set=
ac_cv_env_LIBS_value=
ac_cv_env_build_alias_set=set
ac_cv_env_build_alias_value=i686-linux-gnu
ac_cv_env_host_alias_set=set
ac_cv_env_host_alias_value=aarch64-openwrt-linux
ac_cv_env_target_alias_set=set
ac_cv_env_target_alias_value=aarch64-openwrt-linux
ac_cv_file__dev_zero=yes
ac_cv_func___adjtimex=yes
ac_cv_func___va_copy=no
ac_cv_func__exit=yes
ac_cv_func_bcmp=yes
ac_cv_func_bcopy=yes
ac_cv_func_bzero=yes
ac_cv_func_cimag=yes
ac_cv_func_creal=yes
ac_cv_func_fchmod=yes
ac_cv_func_getaddrinfo=yes
ac_cv_func_getcwd=yes
ac_cv_func_getdomainname=yes
ac_cv_func_getpgrp_void=yes
ac_cv_func_getpwuid_r=yes
ac_cv_func_gettimeofday=yes
ac_cv_func_index=yes
ac_cv_func_lstat=yes
ac_cv_func_lstat_dereferences_slashed_symlink=yes
ac_cv_func_lstat_empty_string_bug=no
ac_cv_func_malloc_0_nonnull=yes
ac_cv_func_malloc_works=yes
ac_cv_func_memcmp_clean=yes
ac_cv_func_memcmp_working=yes
ac_cv_func_posix_getgrgid_r=yes
ac_cv_func_posix_getpwuid_r=yes
ac_cv_func_psignal=yes
ac_cv_func_pthread_key_delete=yes
ac_cv_func_realloc_0_nonnull=yes
ac_cv_func_realloc_works=yes
ac_cv_func_rename=yes
ac_cv_func_rindex=yes
ac_cv_func_setgrent_void=yes
ac_cv_func_setlocale=yes
ac_cv_func_setpgrp_void=yes
ac_cv_func_setresuid=no
ac_cv_func_setvbuf_reversed=no
ac_cv_func_stat_empty_string_bug=no
ac_cv_func_stat_ignores_trailing_slash=no
ac_cv_func_strerror=yes
ac_cv_func_strftime=yes
ac_cv_func_utimes=yes
ac_cv_func_va_copy=no
ac_cv_func_vsnprintf=yes
ac_cv_have_accrights_in_msghdr=no
ac_cv_have_broken_snprintf=no
ac_cv_have_control_in_msghdr=yes
ac_cv_have_decl_sys_siglist=no
ac_cv_have_openpty_ctty_bug=yes
ac_cv_have_space_d_name_in_struct_dirent=yes
ac_cv_header_dlfcn_h=yes
ac_cv_header_inttypes_h=yes
ac_cv_header_memory_h=yes
ac_cv_header_netinet_sctp_h=no
ac_cv_header_netinet_sctp_uio_h=no
ac_cv_header_stdc=yes
ac_cv_header_stdint_h=yes
ac_cv_header_stdlib_h=yes
ac_cv_header_string_h=yes
ac_cv_header_strings_h=yes
ac_cv_header_sys_stat_h=yes
ac_cv_header_sys_types_h=yes
ac_cv_header_unistd_h=yes
ac_cv_host=aarch64-openwrt-linux-gnu
ac_cv_int64_t=yes
ac_cv_lbl_unaligned_fail=no
ac_cv_linux_kernel_pppoe=yes
ac_cv_linux_vers=2
ac_cv_objext=o
ac_cv_pack_bitfields_reversed=yes
ac_cv_path_EGREP='/opt/lede-sdk-layerscape-64b_gcc-5.4.0_glibc-2.24.Linux-i686/staging_dir/host/bin/grep -E'
ac_cv_path_FGREP='/opt/lede-sdk-layerscape-64b_gcc-5.4.0_glibc-2.24.Linux-i686/staging_dir/host/bin/grep -F'
ac_cv_path_GREP=/opt/lede-sdk-layerscape-64b_gcc-5.4.0_glibc-2.24.Linux-i686/staging_dir/host/bin/grep
ac_cv_path_LDCONFIG=
ac_cv_path_SED=/opt/lede-sdk-layerscape-64b_gcc-5.4.0_glibc-2.24.Linux-i686/staging_dir/host/bin/sed
ac_cv_path_install='/usr/bin/install -c'
ac_cv_path_mkdir=/bin/mkdir
ac_cv_prog_AR=aarch64-openwrt-linux-gnu-gcc-ar
ac_cv_prog_AWK=gawk
ac_cv_prog_CC=aarch64-openwrt-linux-gnu-gcc
ac_cv_prog_CPP='aarch64-openwrt-linux-gnu-gcc -E'
ac_cv_prog_OBJDUMP=aarch64-openwrt-linux-gnu-objdump
ac_cv_prog_RANLIB=aarch64-openwrt-linux-gnu-gcc-ranlib
ac_cv_prog_STRIP=aarch64-openwrt-linux-gnu-strip
ac_cv_prog_ac_ct_MANIFEST_TOOL=mt
ac_cv_prog_cc_c89=
ac_cv_prog_cc_g=yes
ac_cv_prog_make_make_set=yes
ac_cv_regexec_segfault_emptystr=no
ac_cv_sctp=no
ac_cv_sizeof___int64=8
ac_cv_sizeof_char=1
ac_cv_sizeof_int16_t=2
ac_cv_sizeof_int32_t=4
ac_cv_sizeof_int64_t=8
ac_cv_sizeof_int=4
ac_cv_sizeof_long=8
ac_cv_sizeof_long_int=8
ac_cv_sizeof_long_long=8
ac_cv_sizeof_off_t=8
ac_cv_sizeof_short=2
ac_cv_sizeof_short_int=2
ac_cv_sizeof_size_t=8
ac_cv_sizeof_ssize_t=8
ac_cv_sizeof_u_int16_t=2
ac_cv_sizeof_u_int32_t=4
ac_cv_sizeof_u_int64_t=8
ac_cv_sizeof_uint16_t=2
ac_cv_sizeof_uint32_t=4
ac_cv_sizeof_uint64_t=8
ac_cv_sizeof_unsigned_int=4
ac_cv_sizeof_unsigned_long=8
ac_cv_sizeof_unsigned_long_long=8
ac_cv_sizeof_unsigned_short=2
ac_cv_sizeof_void_p=8
ac_cv_sys_restartable_syscalls=yes
ac_cv_time_r_type=POSIX
ac_cv_type_suseconds_t=yes
ac_cv_uchar=no
ac_cv_uint64_t=yes
ac_cv_uint=yes
ac_cv_ulong=yes
ac_cv_ushort=yes
ac_cv_va_copy=C99
ac_cv_va_val_copy=yes
am_cv_CC_dependencies_compiler_type=gcc3
am_cv_make_support_nested_variables=yes
am_cv_prog_cc_c_o=yes
am_cv_prog_tar_pax=gnutar
as_cv_unaligned_access=yes
lt_cv_ar_at_file=@
lt_cv_archive_cmds_need_lc=no
lt_cv_deplibs_check_method=pass_all
lt_cv_file_magic_cmd='$MAGIC_CMD'
lt_cv_file_magic_test_file=
lt_cv_ld_reload_flag=-r
lt_cv_nm_interface='BSD nm'
lt_cv_objdir=.libs
lt_cv_path_LD=aarch64-openwrt-linux-gnu-ld
lt_cv_path_NM=aarch64-openwrt-linux-gnu-gcc-nm
lt_cv_path_mainfest_tool=no
lt_cv_prog_compiler_c_o=yes
lt_cv_prog_compiler_pic='-fPIC -DPIC'
lt_cv_prog_compiler_pic_works=yes
lt_cv_prog_compiler_rtti_exceptions=no
lt_cv_prog_compiler_static_works=no
lt_cv_prog_gnu_ld=yes
lt_cv_sharedlib_from_linklib_cmd='printf %s\n'
lt_cv_shlibpath_overrides_runpath=no
lt_cv_sys_global_symbol_pipe='sed -n -e '\''s/^.*[	 ]\([ABCDGIRSTW][ABCDGIRSTW]*\)[	 ][	 ]*\([_A-Za-z][_A-Za-z0-9]*\)$/\1 \2 \2/p'\'' | sed '\''/ __gnu_lto/d'\'''
lt_cv_sys_global_symbol_to_c_name_address='sed -n -e '\''s/^: \([^ ]*\)[ ]*$/  {\"\1\", (void *) 0},/p'\'' -e '\''s/^[ABCDGIRSTW]* \([^ ]*\) \([^ ]*\)$/  {"\2", (void *) \&\2},/p'\'''
lt_cv_sys_global_symbol_to_c_name_address_lib_prefix='sed -n -e '\''s/^: \([^ ]*\)[ ]*$/  {\"\1\", (void *) 0},/p'\'' -e '\''s/^[ABCDGIRSTW]* \([^ ]*\) \(lib[^ ]*\)$/  {"\2", (void *) \&\2},/p'\'' -e '\''s/^[ABCDGIRSTW]* \([^ ]*\) \([^ ]*\)$/  {"lib\2", (void *) \&\2},/p'\'''
lt_cv_sys_global_symbol_to_cdecl='sed -n -e '\''s/^T .* \(.*\)$/extern int \1();/p'\'' -e '\''s/^[ABCDGIRSTW]* .* \(.*\)$/extern char \1;/p'\'''
lt_cv_sys_max_cmd_len=512
lt_cv_to_host_file_cmd=func_convert_file_noop
lt_cv_to_tool_file_cmd=func_convert_file_noop

## ----------------- ##
## Output variables. ##
## ----------------- ##

ACLOCAL='${SHELL} /opt/lede-sdk-layerscape-64b_gcc-5.4.0_glibc-2.24.Linux-i686/build_dir/target-aarch64_armv8-a_glibc-2.24/libnfnetlink-1.0.1/build-aux/missing aclocal-1.15'
AMDEPBACKSLASH='\'
AMDEP_FALSE='#'
AMDEP_TRUE=''
AMTAR='$${TAR-tar}'
AM_BACKSLASH='\'
AM_DEFAULT_V='0'
AM_DEFAULT_VERBOSITY='0'
AM_V='0'
AR='aarch64-openwrt-linux-gnu-gcc-ar'
AUTOCONF='${SHELL} /opt/lede-sdk-layerscape-64b_gcc-5.4.0_glibc-2.24.Linux-i686/build_dir/target-aarch64_armv8-a_glibc-2.24/libnfnetlink-1.0.1/build-aux/missing autoconf'
AUTOHEADER='${SHELL} /opt/lede-sdk-layerscape-64b_gcc-5.4.0_glibc-2.24.Linux-i686/build_dir/target-aarch64_armv8-a_glibc-2.24/libnfnetlink-1.0.1/build-aux/missing autoheader'
AUTOMAKE='${SHELL} /opt/lede-sdk-layerscape-64b_gcc-5.4.0_glibc-2.24.Linux-i686/build_dir/target-aarch64_armv8-a_glibc-2.24/libnfnetlink-1.0.1/build-aux/missing automake-1.15'
AWK='gawk'
CC='aarch64-openwrt-linux-gnu-gcc'
CCDEPMODE='depmode=gcc3'
CFLAGS='-Os -pipe -fno-caller-saves -fno-caller-saves -fno-plt -fhonour-copts -Wno-error=unused-but-set-variable -Wno-error=unused-result -iremap /opt/lede-sdk-layerscape-64b_gcc-5.4.0_glibc-2.24.Linux-i686/build_dir/target-aarch64_armv8-a_glibc-2.24/libnfnetlink-1.0.1:libnfnetlink-1.0.1 -Wformat -Werror=format-security -D_FORTIFY_SOURCE=1 -Wl,-z,now -Wl,-z,relro -fpic '
CPP='aarch64-openwrt-linux-gnu-gcc -E'
CPPFLAGS='-I/opt/lede-sdk-layerscape-64b_gcc-5.4.0_glibc-2.24.Linux-i686/staging_dir/target-aarch64_armv8-a_glibc-2.24/usr/include -I/opt/lede-sdk-layerscape-64b_gcc-5.4.0_glibc-2.24.Linux-i686/staging_dir/target-aarch64_armv8-a_glibc-2.24/include -I/opt/lede-sdk-layerscape-64b_gcc-5.4.0_glibc-2.24.Linux-i686/staging_dir/toolchain-aarch64_armv8-a_gcc-5.4.0_glibc-2.24/usr/include -I/opt/lede-sdk-layerscape-64b_gcc-5.4.0_glibc-2.24.Linux-i686/staging_dir/toolchain-aarch64_armv8-a_gcc-5.4.0_glibc-2.24/include '
CYGPATH_W='echo'
DEFS='-DPACKAGE_NAME=\"libnfnetlink\" -DPACKAGE_TARNAME=\"libnfnetlink\" -DPACKAGE_VERSION=\"1.0.1\" -DPACKAGE_STRING=\"libnfnetlink\ 1.0.1\" -DPACKAGE_BUGREPORT=\"\" -DPACKAGE_URL=\"\" -DPACKAGE=\"libnfnetlink\" -DVERSION=\"1.0.1\" -DSTDC_HEADERS=1 -DHAVE_SYS_TYPES_H=1 -DHAVE_SYS_STAT_H=1 -DHAVE_STDLIB_H=1 -DHAVE_STRING_H=1 -DHAVE_MEMORY_H=1 -DHAVE_STRINGS_H=1 -DHAVE_INTTYPES_H=1 -DHAVE_STDINT_H=1 -DHAVE_UNISTD_H=1 -DHAVE_DLFCN_H=1 -DLT_OBJDIR=\".libs/\"'
DEPDIR='.deps'
DLLTOOL='false'
DSYMUTIL=''
DUMPBIN=''
ECHO_C=''
ECHO_N='-n'
ECHO_T=''
EGREP='/opt/lede-sdk-layerscape-64b_gcc-5.4.0_glibc-2.24.Linux-i686/staging_dir/host/bin/grep -E'
EXEEXT=''
FGREP='/opt/lede-sdk-layerscape-64b_gcc-5.4.0_glibc-2.24.Linux-i686/staging_dir/host/bin/grep -F'
GREP='/opt/lede-sdk-layerscape-64b_gcc-5.4.0_glibc-2.24.Linux-i686/staging_dir/host/bin/grep'
INSTALL_DATA='${INSTALL} -m 644'
INSTALL_PROGRAM='${INSTALL}'
INSTALL_SCRIPT='${INSTALL}'
INSTALL_STRIP_PROGRAM='$(install_sh) -c -s'
LD='aarch64-openwrt-linux-gnu-ld'
LDFLAGS='-L/opt/lede-sdk-layerscape-64b_gcc-5.4.0_glibc-2.24.Linux-i686/staging_dir/target-aarch64_armv8-a_glibc-2.24/usr/lib -L/opt/lede-sdk-layerscape-64b_gcc-5.4.0_glibc-2.24.Linux-i686/staging_dir/target-aarch64_armv8-a_glibc-2.24/lib -L/opt/lede-sdk-layerscape-64b_gcc-5.4.0_glibc-2.24.Linux-i686/staging_dir/toolchain-aarch64_armv8-a_gcc-5.4.0_glibc-2.24/usr/lib -L/opt/lede-sdk-layerscape-64b_gcc-5.4.0_glibc-2.24.Linux-i686/staging_dir/toolchain-aarch64_armv8-a_gcc-5.4.0_glibc-2.24/lib -znow -zrelro '
LIBOBJS=''
LIBS=''
LIBTOOL='$(SHELL) $(top_builddir)/libtool'
LIPO=''
LN_S='ln -s'
LTLIBOBJS=''
MAKEINFO='${SHELL} /opt/lede-sdk-layerscape-64b_gcc-5.4.0_glibc-2.24.Linux-i686/build_dir/target-aarch64_armv8-a_glibc-2.24/libnfnetlink-1.0.1/build-aux/missing makeinfo'
MANIFEST_TOOL=':'
MKDIR_P='/bin/mkdir -p'
NM='aarch64-openwrt-linux-gnu-gcc-nm'
NMEDIT=''
OBJDUMP='aarch64-openwrt-linux-gnu-objdump'
OBJEXT='o'
OTOOL64=''
OTOOL=''
PACKAGE='libnfnetlink'
PACKAGE_BUGREPORT=''
PACKAGE_NAME='libnfnetlink'
PACKAGE_STRING='libnfnetlink 1.0.1'
PACKAGE_TARNAME='libnfnetlink'
PACKAGE_URL=''
PACKAGE_VERSION='1.0.1'
PATH_SEPARATOR=':'
RANLIB='aarch64-openwrt-linux-gnu-gcc-ranlib'
SED='/opt/lede-sdk-layerscape-64b_gcc-5.4.0_glibc-2.24.Linux-i686/staging_dir/host/bin/sed'
SET_MAKE=''
SHELL='/bin/bash'
STRIP='aarch64-openwrt-linux-gnu-strip'
VERSION='1.0.1'
ac_ct_AR=''
ac_ct_CC=''
ac_ct_DUMPBIN=''
am__EXEEXT_FALSE=''
am__EXEEXT_TRUE='#'
am__fastdepCC_FALSE='#'
am__fastdepCC_TRUE=''
am__include='include'
am__isrc=''
am__leading_dot='.'
am__nodep='_no'
am__quote=''
am__tar='tar --format=posix -chf - "$$tardir"'
am__untar='tar -xf -'
bindir='/usr/bin'
build='i686-pc-linux-gnu'
build_alias='i686-linux-gnu'
build_cpu='i686'
build_os='linux-gnu'
build_vendor='pc'
datadir='/usr/share'
datarootdir='${prefix}/share'
docdir='${datarootdir}/doc/${PACKAGE_TARNAME}'
dvidir='${docdir}'
exec_prefix='/usr'
host='aarch64-openwrt-linux-gnu'
host_alias='aarch64-openwrt-linux'
host_cpu='aarch64'
host_os='linux-gnu'
host_vendor='openwrt'
htmldir='${docdir}'
includedir='${prefix}/include'
infodir='/usr/info'
install_sh='${SHELL} /opt/lede-sdk-layerscape-64b_gcc-5.4.0_glibc-2.24.Linux-i686/build_dir/target-aarch64_armv8-a_glibc-2.24/libnfnetlink-1.0.1/build-aux/install-sh'
libdir='${exec_prefix}/lib'
libexecdir='/usr/lib'
localedir='${datarootdir}/locale'
localstatedir='/var'
mandir='/usr/man'
mkdir_p='$(MKDIR_P)'
oldincludedir='/usr/include'
pdfdir='${docdir}'
prefix='/usr'
program_transform_name='s&$$&&;s&^&&'
psdir='${docdir}'
sbindir='/usr/sbin'
sharedstatedir='${prefix}/com'
sysconfdir='/etc'
target_alias='aarch64-openwrt-linux'

## ----------- ##
## confdefs.h. ##
## ----------- ##

/* confdefs.h */
#define PACKAGE_NAME "libnfnetlink"
#define PACKAGE_TARNAME "libnfnetlink"
#define PACKAGE_VERSION "1.0.1"
#define PACKAGE_STRING "libnfnetlink 1.0.1"
#define PACKAGE_BUGREPORT ""
#define PACKAGE_URL ""
#define PACKAGE "libnfnetlink"
#define VERSION "1.0.1"
#define STDC_HEADERS 1
#define HAVE_SYS_TYPES_H 1
#define HAVE_SYS_STAT_H 1
#define HAVE_STDLIB_H 1
#define HAVE_STRING_H 1
#define HAVE_MEMORY_H 1
#define HAVE_STRINGS_H 1
#define HAVE_INTTYPES_H 1
#define HAVE_STDINT_H 1
#define HAVE_UNISTD_H 1
#define HAVE_DLFCN_H 1
#define LT_OBJDIR ".libs/"

configure: exit 0
